[0.014s] Invoking command in '/workspace/ros2_ws/build/cobot_fds': CMAKE_PREFIX_PATH=${CMAKE_PREFIX_PATH}:/opt/ros/iron /usr/bin/cmake --build /workspace/ros2_ws/build/cobot_fds -- -j8 -l8
[0.071s] [35m[1mConsolidate compiler generated dependencies of target cobot_drive_main[0m
[0.094s] [ 33%] [32mBuilding CXX object CMakeFiles/cobot_drive_main.dir/src/cobot_drive_main.cpp.o[0m
[3.489s] [01m[K/workspace/ros2_ws/cobot_fds/src/cobot_drive_main.cpp:[m[K In function â€˜[01m[Kint main(int, char**)[m[Kâ€™:
[3.489s] [01m[K/workspace/ros2_ws/cobot_fds/src/cobot_drive_main.cpp:172:20:[m[K [01;31m[Kerror: [m[Kuse of deleted function â€˜[01m[Kcobot_drive_main::cobot_drive_main()[m[Kâ€™
[3.489s]   172 |   cobot_drive_main [01;31m[Kn[m[K;
[3.490s]       |                    [01;31m[K^[m[K
[3.490s] In file included from [01m[K/workspace/ros2_ws/cobot_fds/src/cobot_drive_main.cpp:22[m[K:
[3.490s] [01m[K/workspace/ros2_ws/cobot_fds/include/cobot_drive_main.hpp:16:7:[m[K [01;36m[Knote: [m[Kâ€˜[01m[Kcobot_drive_main::cobot_drive_main()[m[Kâ€™ is implicitly deleted because the default definition would be ill-formed:
[3.490s]    16 | class [01;36m[Kcobot_drive_main[m[K : public rclcpp::Node
[3.490s]       |       [01;36m[K^~~~~~~~~~~~~~~~[m[K
[3.490s] [01m[K/workspace/ros2_ws/cobot_fds/include/cobot_drive_main.hpp:16:7:[m[K [01;31m[Kerror: [m[Kno matching function for call to â€˜[01m[Krclcpp::Node::Node()[m[Kâ€™
[3.490s] In file included from [01m[K/opt/ros/iron/include/rclcpp/rclcpp/executors/single_threaded_executor.hpp:28[m[K,
[3.490s]                  from [01m[K/opt/ros/iron/include/rclcpp/rclcpp/executors.hpp:22[m[K,
[3.491s]                  from [01m[K/opt/ros/iron/include/rclcpp/rclcpp/rclcpp.hpp:167[m[K,
[3.491s]                  from [01m[K/workspace/ros2_ws/cobot_fds/include/cobot_drive_main.hpp:5[m[K,
[3.491s]                  from [01m[K/workspace/ros2_ws/cobot_fds/src/cobot_drive_main.cpp:22[m[K:
[3.491s] [01m[K/opt/ros/iron/include/rclcpp/rclcpp/node.hpp:1579:3:[m[K [01;36m[Knote: [m[Kcandidate: â€˜[01m[Krclcpp::Node::Node(const rclcpp::Node&, const string&)[m[Kâ€™
[3.491s]  1579 |   [01;36m[KNode[m[K(
[3.491s]       |   [01;36m[K^~~~[m[K
[3.491s] [01m[K/opt/ros/iron/include/rclcpp/rclcpp/node.hpp:1579:3:[m[K [01;36m[Knote: [m[K  candidate expects 2 arguments, 0 provided
[3.491s] [01m[K/opt/ros/iron/include/rclcpp/rclcpp/node.hpp:102:12:[m[K [01;36m[Knote: [m[Kcandidate: â€˜[01m[Krclcpp::Node::Node(const string&, const string&, const rclcpp::NodeOptions&)[m[Kâ€™
[3.491s]   102 |   explicit [01;36m[KNode[m[K(
[3.492s]       |            [01;36m[K^~~~[m[K
[3.492s] [01m[K/opt/ros/iron/include/rclcpp/rclcpp/node.hpp:102:12:[m[K [01;36m[Knote: [m[K  candidate expects 3 arguments, 0 provided
[3.492s] [01m[K/opt/ros/iron/include/rclcpp/rclcpp/node.hpp:90:12:[m[K [01;36m[Knote: [m[Kcandidate: â€˜[01m[Krclcpp::Node::Node(const string&, const rclcpp::NodeOptions&)[m[Kâ€™
[3.492s]    90 |   explicit [01;36m[KNode[m[K(
[3.492s]       |            [01;36m[K^~~~[m[K
[3.492s] [01m[K/opt/ros/iron/include/rclcpp/rclcpp/node.hpp:90:12:[m[K [01;36m[Knote: [m[K  candidate expects 2 arguments, 0 provided
[3.492s] [01m[K/workspace/ros2_ws/cobot_fds/src/cobot_drive_main.cpp:180:5:[m[K [01;31m[Kerror: [m[Kâ€˜[01m[KCobotDrive* cobot_drive_main::cobotDrive[m[Kâ€™ is private within this context
[3.492s]   180 |   n.[01;31m[KcobotDrive[m[K = new CobotDrive(motorProps);
[3.493s]       |     [01;31m[K^~~~~~~~~~[m[K
[3.493s] In file included from [01m[K/workspace/ros2_ws/cobot_fds/src/cobot_drive_main.cpp:22[m[K:
[3.493s] [01m[K/workspace/ros2_ws/cobot_fds/include/cobot_drive_main.hpp:28:17:[m[K [01;36m[Knote: [m[Kdeclared private here
[3.493s]    28 |     CobotDrive* [01;36m[KcobotDrive[m[K;
[3.493s]       |                 [01;36m[K^~~~~~~~~~[m[K
[3.495s] [01m[K/workspace/ros2_ws/cobot_fds/src/cobot_drive_main.cpp:192:3:[m[K [01;31m[Kerror: [m[Kâ€˜[01m[KcobotDrive[m[Kâ€™ was not declared in this scope; did you mean â€˜[01m[KCobotDrive[m[Kâ€™?
[3.495s]   192 |   [01;31m[KcobotDrive[m[K->setLimits(transLimits, rotLimits);
[3.495s]       |   [01;31m[K^~~~~~~~~~[m[K
[3.496s]       |   [32m[KCobotDrive[m[K
[3.496s] [01m[K/workspace/ros2_ws/cobot_fds/src/cobot_drive_main.cpp:202:28:[m[K [01;31m[Kerror: [m[Kinvalid initialization of reference of type â€˜[01m[Kconst rclcpp::InitOptions&[m[Kâ€™ from expression of type â€˜[01m[Kconst char [20][m[Kâ€™
[3.496s]   202 |   rclcpp::init(argc, argv, [01;31m[K"Cobot2_Drive_Module"[m[K);
[3.496s]       |                            [01;31m[K^~~~~~~~~~~~~~~~~~~~~[m[K
[3.496s] In file included from [01m[K/opt/ros/iron/include/rclcpp/rclcpp/logging.hpp:25[m[K,
[3.496s]                  from [01m[K/opt/ros/iron/include/rclcpp/rclcpp/client.hpp:43[m[K,
[3.497s]                  from [01m[K/opt/ros/iron/include/rclcpp/rclcpp/callback_group.hpp:24[m[K,
[3.497s]                  from [01m[K/opt/ros/iron/include/rclcpp/rclcpp/any_executable.hpp:20[m[K,
[3.497s]                  from [01m[K/opt/ros/iron/include/rclcpp/rclcpp/memory_strategy.hpp:25[m[K,
[3.497s]                  from [01m[K/opt/ros/iron/include/rclcpp/rclcpp/memory_strategies.hpp:18[m[K,
[3.497s]                  from [01m[K/opt/ros/iron/include/rclcpp/rclcpp/executor_options.hpp:20[m[K,
[3.497s]                  from [01m[K/opt/ros/iron/include/rclcpp/rclcpp/executor.hpp:37[m[K,
[3.498s]                  from [01m[K/opt/ros/iron/include/rclcpp/rclcpp/executors/multi_threaded_executor.hpp:25[m[K,
[3.498s]                  from [01m[K/opt/ros/iron/include/rclcpp/rclcpp/executors.hpp:21[m[K,
[3.498s]                  from [01m[K/opt/ros/iron/include/rclcpp/rclcpp/rclcpp.hpp:167[m[K,
[3.498s]                  from [01m[K/workspace/ros2_ws/cobot_fds/include/cobot_drive_main.hpp:5[m[K,
[3.498s]                  from [01m[K/workspace/ros2_ws/cobot_fds/src/cobot_drive_main.cpp:22[m[K:
[3.498s] [01m[K/opt/ros/iron/include/rclcpp/rclcpp/utilities.hpp:78:23:[m[K [01;36m[Knote: [m[Kin passing argument 3 of â€˜[01m[Kvoid rclcpp::init(int, const char* const*, const rclcpp::InitOptions&, rclcpp::SignalHandlerOptions)[m[Kâ€™
[3.499s]    78 |   [01;36m[Kconst InitOptions & init_options = InitOptions()[m[K,
[3.499s]       |   [01;36m[K~~~~~~~~~~~~~~~~~~~~^~~~~~~~~~~~~~~~~~~~~~~~~~~~[m[K
[3.501s] [01m[K/workspace/ros2_ws/cobot_fds/src/cobot_drive_main.cpp:204:3:[m[K [01;31m[Kerror: [m[Kâ€˜[01m[Kdrive_sub[m[Kâ€™ was not declared in this scope
[3.501s]   204 |   [01;31m[Kdrive_sub[m[K = n.subscribe("Cobot/Drive", 1, cobotDriveCallback);
[3.501s]       |   [01;31m[K^~~~~~~~~[m[K
[3.501s] [01m[K/workspace/ros2_ws/cobot_fds/src/cobot_drive_main.cpp:204:17:[m[K [01;31m[Kerror: [m[Kâ€˜[01m[Kclass cobot_drive_main[m[Kâ€™ has no member named â€˜[01m[Ksubscribe[m[Kâ€™
[3.501s]   204 |   drive_sub = n.[01;31m[Ksubscribe[m[K("Cobot/Drive", 1, cobotDriveCallback);
[3.502s]       |                 [01;31m[K^~~~~~~~~[m[K
[3.509s] [01m[K/workspace/ros2_ws/cobot_fds/src/cobot_drive_main.cpp:204:45:[m[K [01;31m[Kerror: [m[Kâ€˜[01m[KcobotDriveCallback[m[Kâ€™ was not declared in this scope
[3.509s]   204 |   drive_sub = n.subscribe("Cobot/Drive", 1, [01;31m[KcobotDriveCallback[m[K);
[3.510s]       |                                             [01;31m[K^~~~~~~~~~~~~~~~~~[m[K
[3.520s] [01m[K/workspace/ros2_ws/cobot_fds/src/cobot_drive_main.cpp:205:3:[m[K [01;31m[Kerror: [m[Kâ€˜[01m[KcobotRawStatusPublisher[m[Kâ€™ was not declared in this scope
[3.520s]   205 |   [01;31m[KcobotRawStatusPublisher[m[K = n.advertise<messages::CobotRawStatus>("Cobot/RawStatus",1);
[3.520s]       |   [01;31m[K^~~~~~~~~~~~~~~~~~~~~~~[m[K
[3.520s] [01m[K/workspace/ros2_ws/cobot_fds/src/cobot_drive_main.cpp:205:31:[m[K [01;31m[Kerror: [m[Kâ€˜[01m[Kclass cobot_drive_main[m[Kâ€™ has no member named â€˜[01m[Kadvertise[m[Kâ€™
[3.521s]   205 |   cobotRawStatusPublisher = n.[01;31m[Kadvertise[m[K<messages::CobotRawStatus>("Cobot/RawStatus",1);
[3.521s]       |                               [01;31m[K^~~~~~~~~[m[K
[3.521s] [01m[K/workspace/ros2_ws/cobot_fds/src/cobot_drive_main.cpp:205:51:[m[K [01;31m[Kerror: [m[Kâ€˜[01m[KCobotRawStatus[m[Kâ€™ is not a member of â€˜[01m[Kmessages[m[Kâ€™; did you mean â€˜[01m[Kmessages::msg::CobotRawStatus[m[Kâ€™?
[3.521s]   205 |   cobotRawStatusPublisher = n.advertise<messages::[01;31m[KCobotRawStatus[m[K>("Cobot/RawStatus",1);
[3.522s]       |                                                   [01;31m[K^~~~~~~~~~~~~~[m[K
[3.522s] In file included from [01m[K/workspace/ros2_ws/install/messages/include/messages/messages/msg/cobot_raw_status.hpp:7[m[K,
[3.522s]                  from [01m[K/workspace/ros2_ws/cobot_fds/include/cobot_drive_main.hpp:12[m[K,
[3.522s]                  from [01m[K/workspace/ros2_ws/cobot_fds/src/cobot_drive_main.cpp:22[m[K:
[3.522s] [01m[K/workspace/ros2_ws/install/messages/include/messages/messages/msg/detail/cobot_raw_status__struct.hpp:293:7:[m[K [01;36m[Knote: [m[Kâ€˜[01m[Kmessages::msg::CobotRawStatus[m[Kâ€™ declared here
[3.522s]   293 | using [01;36m[KCobotRawStatus[m[K =
[3.522s]       |       [01;36m[K^~~~~~~~~~~~~~[m[K
[3.523s] [01m[K/workspace/ros2_ws/cobot_fds/src/cobot_drive_main.cpp:205:67:[m[K [01;35m[Kwarning: [m[Kleft operand of comma operator has no effect [[01;35m[K-Wunused-value[m[K]
[3.523s]   205 |   cobotRawStatusPublisher = n.advertise<messages::CobotRawStatus>([01;35m[K"Cobot/RawStatus"[m[K,1);
[3.523s]       |                                                                   [01;35m[K^~~~~~~~~~~~~~~~~[m[K
[3.532s] [01m[K/workspace/ros2_ws/cobot_fds/src/cobot_drive_main.cpp:206:3:[m[K [01;31m[Kerror: [m[Kâ€˜[01m[KcobotOdometryPublisher[m[Kâ€™ was not declared in this scope
[3.532s]   206 |   [01;31m[KcobotOdometryPublisher[m[K = n.advertise<nav_msgs::Odometry>("Cobot/DriveRaw",1);
[3.532s]       |   [01;31m[K^~~~~~~~~~~~~~~~~~~~~~[m[K
[3.532s] [01m[K/workspace/ros2_ws/cobot_fds/src/cobot_drive_main.cpp:206:30:[m[K [01;31m[Kerror: [m[Kâ€˜[01m[Kclass cobot_drive_main[m[Kâ€™ has no member named â€˜[01m[Kadvertise[m[Kâ€™
[3.532s]   206 |   cobotOdometryPublisher = n.[01;31m[Kadvertise[m[K<nav_msgs::Odometry>("Cobot/DriveRaw",1);
[3.533s]       |                              [01;31m[K^~~~~~~~~[m[K
[3.533s] [01m[K/workspace/ros2_ws/cobot_fds/src/cobot_drive_main.cpp:206:50:[m[K [01;31m[Kerror: [m[Kâ€˜[01m[KOdometry[m[Kâ€™ is not a member of â€˜[01m[Knav_msgs[m[Kâ€™; did you mean â€˜[01m[Knav_msgs::msg::Odometry[m[Kâ€™?
[3.533s]   206 |   cobotOdometryPublisher = n.advertise<nav_msgs::[01;31m[KOdometry[m[K>("Cobot/DriveRaw",1);
[3.533s]       |                                                  [01;31m[K^~~~~~~~[m[K
[3.533s] In file included from [01m[K/opt/ros/iron/include/nav_msgs/nav_msgs/msg/odometry.hpp:7[m[K,
[3.533s]                  from [01m[K/workspace/ros2_ws/cobot_fds/include/cobot_drive_main.hpp:8[m[K,
[3.533s]                  from [01m[K/workspace/ros2_ws/cobot_fds/src/cobot_drive_main.cpp:22[m[K:
[3.534s] [01m[K/opt/ros/iron/include/nav_msgs/nav_msgs/msg/detail/odometry__struct.hpp:172:7:[m[K [01;36m[Knote: [m[Kâ€˜[01m[Knav_msgs::msg::Odometry[m[Kâ€™ declared here
[3.534s]   172 | using [01;36m[KOdometry[m[K =
[3.534s]       |       [01;36m[K^~~~~~~~[m[K
[3.534s] [01m[K/workspace/ros2_ws/cobot_fds/src/cobot_drive_main.cpp:206:60:[m[K [01;35m[Kwarning: [m[Kleft operand of comma operator has no effect [[01;35m[K-Wunused-value[m[K]
[3.534s]   206 |   cobotOdometryPublisher = n.advertise<nav_msgs::Odometry>([01;35m[K"Cobot/DriveRaw"[m[K,1);
[3.534s]       |                                                            [01;35m[K^~~~~~~~~~~~~~~~[m[K
[3.540s] [01m[K/workspace/ros2_ws/cobot_fds/src/cobot_drive_main.cpp:207:3:[m[K [01;31m[Kerror: [m[Kâ€˜[01m[KtfBroadcaster[m[Kâ€™ was not declared in this scope
[3.540s]   207 |   [01;31m[KtfBroadcaster[m[K = new tf::TransformBroadcaster();
[3.540s]       |   [01;31m[K^~~~~~~~~~~~~[m[K
[3.542s] [01m[K/workspace/ros2_ws/cobot_fds/src/cobot_drive_main.cpp:207:23:[m[K [01;31m[Kerror: [m[Kâ€˜[01m[Ktf[m[Kâ€™ does not name a type; did you mean â€˜[01m[Ktm[m[Kâ€™?
[3.542s]   207 |   tfBroadcaster = new [01;31m[Ktf[m[K::TransformBroadcaster();
[3.542s]       |                       [01;31m[K^~[m[K
[3.542s]       |                       [32m[Ktm[m[K
[3.543s] [01m[K/workspace/ros2_ws/cobot_fds/src/cobot_drive_main.cpp:209:3:[m[K [01;31m[Kerror: [m[Kâ€˜[01m[Kros[m[Kâ€™ has not been declared
[3.543s]   209 |   [01;31m[Kros[m[K::Timer timer = n.createTimer(ros::Duration(1.0), timerEvent);
[3.543s]       |   [01;31m[K^~~[m[K
[3.543s] [01m[K/workspace/ros2_ws/cobot_fds/src/cobot_drive_main.cpp:213:17:[m[K [01;31m[Kerror: [m[Kno matching function for call to â€˜[01m[Kspin()[m[Kâ€™
[3.543s]   213 |     [01;31m[Krclcpp::spin()[m[K;
[3.543s]       |     [01;31m[K~~~~~~~~~~~~^~[m[K
[3.544s] In file included from [01m[K/opt/ros/iron/include/rclcpp/rclcpp/rclcpp.hpp:167[m[K,
[3.544s]                  from [01m[K/workspace/ros2_ws/cobot_fds/include/cobot_drive_main.hpp:5[m[K,
[3.544s]                  from [01m[K/workspace/ros2_ws/cobot_fds/src/cobot_drive_main.cpp:22[m[K:
[3.544s] [01m[K/opt/ros/iron/include/rclcpp/rclcpp/executors.hpp:46:1:[m[K [01;36m[Knote: [m[Kcandidate: â€˜[01m[Kvoid rclcpp::spin(rclcpp::node_interfaces::NodeBaseInterface::SharedPtr)[m[Kâ€™
[3.544s]    46 | [01;36m[Kspin[m[K(rclcpp::node_interfaces::NodeBaseInterface::SharedPtr node_ptr);
[3.544s]       | [01;36m[K^~~~[m[K
[3.545s] [01m[K/opt/ros/iron/include/rclcpp/rclcpp/executors.hpp:46:1:[m[K [01;36m[Knote: [m[K  candidate expects 1 argument, 0 provided
[3.545s] [01m[K/opt/ros/iron/include/rclcpp/rclcpp/executors.hpp:50:1:[m[K [01;36m[Knote: [m[Kcandidate: â€˜[01m[Kvoid rclcpp::spin(rclcpp::Node::SharedPtr)[m[Kâ€™
[3.545s]    50 | [01;36m[Kspin[m[K(rclcpp::Node::SharedPtr node_ptr);
[3.545s]       | [01;36m[K^~~~[m[K
[3.545s] [01m[K/opt/ros/iron/include/rclcpp/rclcpp/executors.hpp:50:1:[m[K [01;36m[Knote: [m[K  candidate expects 1 argument, 0 provided
[4.293s] In file included from [01m[K/workspace/ros2_ws/cobot_fds/include/cobot_drive_main.hpp:3[m[K,
[4.294s]                  from [01m[K/workspace/ros2_ws/cobot_fds/src/cobot_drive_main.cpp:22[m[K:
[4.294s] [01m[K/workspace/ros2_ws/cobot_fds/include/drive.h:[m[K At global scope:
[4.294s] [01m[K/workspace/ros2_ws/cobot_fds/include/drive.h:47:17:[m[K [01;35m[Kwarning: [m[Kâ€˜[01m[Kvector2d normalize(const vector2d&, double)[m[Kâ€™ defined but not used [[01;35m[K-Wunused-function[m[K]
[4.294s]    47 | static vector2d [01;35m[Knormalize[m[K(const vector2d& v, double len) {
[4.294s]       |                 [01;35m[K^~~~~~~~~[m[K
[4.328s] gmake[2]: *** [CMakeFiles/cobot_drive_main.dir/build.make:90: CMakeFiles/cobot_drive_main.dir/src/cobot_drive_main.cpp.o] Error 1
[4.328s] gmake[1]: *** [CMakeFiles/Makefile2:137: CMakeFiles/cobot_drive_main.dir/all] Error 2
[4.328s] gmake: *** [Makefile:146: all] Error 2
[4.331s] Invoked command in '/workspace/ros2_ws/build/cobot_fds' returned '2': CMAKE_PREFIX_PATH=${CMAKE_PREFIX_PATH}:/opt/ros/iron /usr/bin/cmake --build /workspace/ros2_ws/build/cobot_fds -- -j8 -l8
