[0.014s] Invoking command in '/workspace/ros2_ws/build/cobot_fds': CMAKE_PREFIX_PATH=${CMAKE_PREFIX_PATH}:/opt/ros/iron /usr/bin/cmake --build /workspace/ros2_ws/build/cobot_fds -- -j8 -l8
[0.071s] [35m[1mConsolidate compiler generated dependencies of target cobot_drive_main[0m
[0.104s] [ 33%] [32mBuilding CXX object CMakeFiles/cobot_drive_main.dir/src/cobot_drive_main.cpp.o[0m
[3.430s] [01m[K/workspace/ros2_ws/cobot_fds/src/cobot_drive_main.cpp:[m[K In constructor â€˜[01m[KcobotDriveMain::cobotDriveMain()[m[Kâ€™:
[3.431s] [01m[K/workspace/ros2_ws/cobot_fds/src/cobot_drive_main.cpp:32:32:[m[K [01;31m[Kerror: [m[Kno matching function for call to â€˜[01m[Krclcpp::Node::Node()[m[Kâ€™
[3.431s]    32 | cobotDriveMain::cobotDriveMain([01;31m[K)[m[K{
[3.431s]       |                                [01;31m[K^[m[K
[3.431s] In file included from [01m[K/opt/ros/iron/include/rclcpp/rclcpp/executors/single_threaded_executor.hpp:28[m[K,
[3.431s]                  from [01m[K/opt/ros/iron/include/rclcpp/rclcpp/executors.hpp:22[m[K,
[3.431s]                  from [01m[K/opt/ros/iron/include/rclcpp/rclcpp/rclcpp.hpp:167[m[K,
[3.431s]                  from [01m[K/workspace/ros2_ws/cobot_fds/include/cobot_drive_main.hpp:5[m[K,
[3.432s]                  from [01m[K/workspace/ros2_ws/cobot_fds/src/cobot_drive_main.cpp:22[m[K:
[3.432s] [01m[K/opt/ros/iron/include/rclcpp/rclcpp/node.hpp:1579:3:[m[K [01;36m[Knote: [m[Kcandidate: â€˜[01m[Krclcpp::Node::Node(const rclcpp::Node&, const string&)[m[Kâ€™
[3.432s]  1579 |   [01;36m[KNode[m[K(
[3.432s]       |   [01;36m[K^~~~[m[K
[3.432s] [01m[K/opt/ros/iron/include/rclcpp/rclcpp/node.hpp:1579:3:[m[K [01;36m[Knote: [m[K  candidate expects 2 arguments, 0 provided
[3.432s] [01m[K/opt/ros/iron/include/rclcpp/rclcpp/node.hpp:102:12:[m[K [01;36m[Knote: [m[Kcandidate: â€˜[01m[Krclcpp::Node::Node(const string&, const string&, const rclcpp::NodeOptions&)[m[Kâ€™
[3.432s]   102 |   explicit [01;36m[KNode[m[K(
[3.432s]       |            [01;36m[K^~~~[m[K
[3.432s] [01m[K/opt/ros/iron/include/rclcpp/rclcpp/node.hpp:102:12:[m[K [01;36m[Knote: [m[K  candidate expects 3 arguments, 0 provided
[3.433s] [01m[K/opt/ros/iron/include/rclcpp/rclcpp/node.hpp:90:12:[m[K [01;36m[Knote: [m[Kcandidate: â€˜[01m[Krclcpp::Node::Node(const string&, const rclcpp::NodeOptions&)[m[Kâ€™
[3.433s]    90 |   explicit [01;36m[KNode[m[K(
[3.433s]       |            [01;36m[K^~~~[m[K
[3.433s] [01m[K/opt/ros/iron/include/rclcpp/rclcpp/node.hpp:90:12:[m[K [01;36m[Knote: [m[K  candidate expects 2 arguments, 0 provided
[3.439s] [01m[K/workspace/ros2_ws/cobot_fds/src/cobot_drive_main.cpp:34:3:[m[K [01;31m[Kerror: [m[Kâ€˜[01m[KmotorProps[m[Kâ€™ was not declared in this scope
[3.439s]    34 |   [01;31m[KmotorProps[m[K.xyFlipped = true;
[3.439s]       |   [01;31m[K^~~~~~~~~~[m[K
[3.446s] [01m[K/workspace/ros2_ws/cobot_fds/src/cobot_drive_main.cpp:42:38:[m[K [01;31m[Kerror: [m[Kâ€˜[01m[KportNum[m[Kâ€™ was not declared in this scope
[3.446s]    42 |   sprintf(serialPort,"/dev/ttyUSB%d",[01;31m[KportNum[m[K);
[3.447s]       |                                      [01;31m[K^~~~~~~[m[K
[3.453s] [01m[K/workspace/ros2_ws/cobot_fds/src/cobot_drive_main.cpp:43:6:[m[K [01;31m[Kerror: [m[Kâ€˜[01m[Kdebug[m[Kâ€™ was not declared in this scope
[3.453s]    43 |   if([01;31m[Kdebug[m[K) printf("Using port %s\n",serialPort);
[3.453s]       |      [01;31m[K^~~~~[m[K
[3.468s] [01m[K/workspace/ros2_ws/cobot_fds/src/cobot_drive_main.cpp:[m[K In function â€˜[01m[Kint main(int, char**)[m[Kâ€™:
[3.468s] [01m[K/workspace/ros2_ws/cobot_fds/src/cobot_drive_main.cpp:209:3:[m[K [01;31m[Kerror: [m[Kâ€˜[01m[KcobotDrive[m[Kâ€™ was not declared in this scope; did you mean â€˜[01m[KCobotDrive[m[Kâ€™?
[3.468s]   209 |   [01;31m[KcobotDrive[m[K->close();
[3.469s]       |   [01;31m[K^~~~~~~~~~[m[K
[3.469s]       |   [32m[KCobotDrive[m[K
[3.469s] [01m[K/workspace/ros2_ws/cobot_fds/src/cobot_drive_main.cpp:166:21:[m[K [01;35m[Kwarning: [m[Kunused variable â€˜[01m[Kdebug[m[Kâ€™ [[01;35m[K-Wunused-variable[m[K]
[3.469s]   166 |   static const bool [01;35m[Kdebug[m[K = false;
[3.469s]       |                     [01;35m[K^~~~~[m[K
[3.469s] [01m[K/workspace/ros2_ws/cobot_fds/src/cobot_drive_main.cpp:168:7:[m[K [01;35m[Kwarning: [m[Kunused variable â€˜[01m[KportNum[m[Kâ€™ [[01;35m[K-Wunused-variable[m[K]
[3.469s]   168 |   int [01;35m[KportNum[m[K = 0;
[3.470s]       |       [01;35m[K^~~~~~~[m[K
[4.279s] In file included from [01m[K/workspace/ros2_ws/cobot_fds/include/cobot_drive_main.hpp:3[m[K,
[4.279s]                  from [01m[K/workspace/ros2_ws/cobot_fds/src/cobot_drive_main.cpp:22[m[K:
[4.279s] [01m[K/workspace/ros2_ws/cobot_fds/include/drive.h:[m[K At global scope:
[4.279s] [01m[K/workspace/ros2_ws/cobot_fds/include/drive.h:47:17:[m[K [01;35m[Kwarning: [m[Kâ€˜[01m[Kvector2d normalize(const vector2d&, double)[m[Kâ€™ defined but not used [[01;35m[K-Wunused-function[m[K]
[4.279s]    47 | static vector2d [01;35m[Knormalize[m[K(const vector2d& v, double len) {
[4.279s]       |                 [01;35m[K^~~~~~~~~[m[K
[4.311s] gmake[2]: *** [CMakeFiles/cobot_drive_main.dir/build.make:90: CMakeFiles/cobot_drive_main.dir/src/cobot_drive_main.cpp.o] Error 1
[4.311s] gmake[1]: *** [CMakeFiles/Makefile2:137: CMakeFiles/cobot_drive_main.dir/all] Error 2
[4.311s] gmake: *** [Makefile:146: all] Error 2
[4.313s] Invoked command in '/workspace/ros2_ws/build/cobot_fds' returned '2': CMAKE_PREFIX_PATH=${CMAKE_PREFIX_PATH}:/opt/ros/iron /usr/bin/cmake --build /workspace/ros2_ws/build/cobot_fds -- -j8 -l8
