[0.015s] Invoking command in '/workspace/ros2_ws/build/cobot_fds': CMAKE_PREFIX_PATH=${CMAKE_PREFIX_PATH}:/opt/ros/iron /usr/bin/cmake --build /workspace/ros2_ws/build/cobot_fds -- -j8 -l8
[0.080s] [35m[1mConsolidate compiler generated dependencies of target cobot_drive_main[0m
[0.101s] [ 20%] [32mBuilding CXX object CMakeFiles/cobot_drive_main.dir/src/cobot_drive_main.cpp.o[0m
[3.563s] [01m[K/workspace/ros2_ws/cobot_fds/src/cobot_drive_main.cpp:[m[K In constructor â€˜[01m[KcobotDriveMain::cobotDriveMain()[m[Kâ€™:
[3.563s] [01m[K/workspace/ros2_ws/cobot_fds/src/cobot_drive_main.cpp:62:50:[m[K [01;31m[Kerror: [m[KISO C++ forbids taking the address of an unqualified or parenthesized non-static member function to form a pointer to member function.  Say â€˜[01m[K&cobotDriveMain::timerEvent[m[Kâ€™ [[01;31m[K-fpermissive[m[K]
[3.564s]    62 |    timer = this->create_wall_timer(1, std::bind(&[01;31m[KtimerEvent[m[K, this));
[3.564s]       |                                                  [01;31m[K^~~~~~~~~~[m[K
[3.566s] [01m[K/workspace/ros2_ws/cobot_fds/src/cobot_drive_main.cpp:62:35:[m[K [01;31m[Kerror: [m[Kno matching function for call to â€˜[01m[KcobotDriveMain::create_wall_timer(int, std::_Bind_helper<false, void (cobotDriveMain::*)(), cobotDriveMain*>::type)[m[Kâ€™
[3.566s]    62 |    timer = [01;31m[Kthis->create_wall_timer(1, std::bind(&timerEvent, this))[m[K;
[3.566s]       |            [01;31m[K~~~~~~~~~~~~~~~~~~~~~~~^~~~~~~~~~~~~~~~~~~~~~~~~~~~~~~~~[m[K
[3.566s] In file included from [01m[K/opt/ros/iron/include/rclcpp/rclcpp/executors/single_threaded_executor.hpp:28[m[K,
[3.566s]                  from [01m[K/opt/ros/iron/include/rclcpp/rclcpp/executors.hpp:22[m[K,
[3.567s]                  from [01m[K/opt/ros/iron/include/rclcpp/rclcpp/rclcpp.hpp:167[m[K,
[3.567s]                  from [01m[K/workspace/ros2_ws/cobot_fds/include/cobot_drive_main.hpp:5[m[K,
[3.567s]                  from [01m[K/workspace/ros2_ws/cobot_fds/src/cobot_drive_main.cpp:22[m[K:
[3.567s] [01m[K/opt/ros/iron/include/rclcpp/rclcpp/node.hpp:239:3:[m[K [01;36m[Knote: [m[Kcandidate: â€˜[01m[Ktemplate<class DurationRepT, class DurationT, class CallbackT> typename rclcpp::WallTimer<CallbackT>::SharedPtr rclcpp::Node::create_wall_timer(std::chrono::duration<_Rep1, _Period1>, CallbackT, rclcpp::CallbackGroup::SharedPtr)[m[Kâ€™
[3.567s]   239 |   [01;36m[Kcreate_wall_timer[m[K(
[3.567s]       |   [01;36m[K^~~~~~~~~~~~~~~~~[m[K
[3.568s] [01m[K/opt/ros/iron/include/rclcpp/rclcpp/node.hpp:239:3:[m[K [01;36m[Knote: [m[K  template argument deduction/substitution failed:
[3.568s] [01m[K/workspace/ros2_ws/cobot_fds/src/cobot_drive_main.cpp:62:35:[m[K [01;36m[Knote: [m[K  mismatched types â€˜[01m[Kstd::chrono::duration<_Rep1, _Period1>[m[Kâ€™ and â€˜[01m[Kint[m[Kâ€™
[3.568s]    62 |    timer = [01;36m[Kthis->create_wall_timer(1, std::bind(&timerEvent, this))[m[K;
[3.568s]       |            [01;36m[K~~~~~~~~~~~~~~~~~~~~~~~^~~~~~~~~~~~~~~~~~~~~~~~~~~~~~~~~[m[K
[5.320s] In file included from [01m[K/workspace/ros2_ws/cobot_fds/include/cobot_drive_main.hpp:3[m[K,
[5.320s]                  from [01m[K/workspace/ros2_ws/cobot_fds/src/cobot_drive_main.cpp:22[m[K:
[5.320s] [01m[K/workspace/ros2_ws/cobot_fds/include/drive.h:[m[K At global scope:
[5.320s] [01m[K/workspace/ros2_ws/cobot_fds/include/drive.h:47:17:[m[K [01;35m[Kwarning: [m[Kâ€˜[01m[Kvector2d normalize(const vector2d&, double)[m[Kâ€™ defined but not used [[01;35m[K-Wunused-function[m[K]
[5.320s]    47 | static vector2d [01;35m[Knormalize[m[K(const vector2d& v, double len) {
[5.321s]       |                 [01;35m[K^~~~~~~~~[m[K
[5.364s] gmake[2]: *** [CMakeFiles/cobot_drive_main.dir/build.make:118: CMakeFiles/cobot_drive_main.dir/src/cobot_drive_main.cpp.o] Error 1
[5.364s] gmake[1]: *** [CMakeFiles/Makefile2:137: CMakeFiles/cobot_drive_main.dir/all] Error 2
[5.365s] gmake: *** [Makefile:146: all] Error 2
[5.368s] Invoked command in '/workspace/ros2_ws/build/cobot_fds' returned '2': CMAKE_PREFIX_PATH=${CMAKE_PREFIX_PATH}:/opt/ros/iron /usr/bin/cmake --build /workspace/ros2_ws/build/cobot_fds -- -j8 -l8
