[01m[K/workspace/ros2_ws/cobot_fds/src/cobot_drive_main.cpp:28:10:[m[K [01;35m[Kwarning: [m[Kmissing terminating " character
   28 | #include [01;35m[K"[m[Knav_msgs/msg/Odometry.h>
      |          [01;35m[K^[m[K
[01m[K/workspace/ros2_ws/cobot_fds/src/cobot_drive_main.cpp:28:10:[m[K [01;31m[Kerror: [m[K#include expects "FILENAME" or <FILENAME>
   28 | #include [01;31m[K"nav_msgs/msg/Odometry.h>[m[K
      |          [01;31m[K^~~~~~~~~~~~~~~~~~~~~~~~~[m[K
[01m[K/workspace/ros2_ws/cobot_fds/src/cobot_drive_main.cpp:29:10:[m[K [01;31m[Kfatal error: [m[Kstd_msgs/Int32.h: No such file or directory
   29 | #include [01;31m[K"std_msgs/Int32.h"[m[K
      |          [01;31m[K^~~~~~~~~~~~~~~~~~[m[K
compilation terminated.
gmake[2]: *** [CMakeFiles/cobot_drive_main.dir/build.make:76: CMakeFiles/cobot_drive_main.dir/src/cobot_drive_main.cpp.o] Error 1
gmake[1]: *** [CMakeFiles/Makefile2:137: CMakeFiles/cobot_drive_main.dir/all] Error 2
gmake: *** [Makefile:146: all] Error 2
