-- Found ament_cmake: 2.0.5 (/opt/ros/iron/share/ament_cmake/cmake)
-- Found rclcpp: 21.0.6 (/opt/ros/iron/share/rclcpp/cmake)
-- Found rosidl_generator_c: 4.0.1 (/opt/ros/iron/share/rosidl_generator_c/cmake)
-- Found rosidl_generator_cpp: 4.0.1 (/opt/ros/iron/share/rosidl_generator_cpp/cmake)
-- Using all available rosidl_typesupport_c: rosidl_typesupport_fastrtps_c;rosidl_typesupport_introspection_c
-- Using all available rosidl_typesupport_cpp: rosidl_typesupport_fastrtps_cpp;rosidl_typesupport_introspection_cpp
-- Found rmw_implementation_cmake: 7.1.0 (/opt/ros/iron/share/rmw_implementation_cmake/cmake)
-- Found rmw_fastrtps_cpp: 7.1.3 (/opt/ros/iron/share/rmw_fastrtps_cpp/cmake)
-- Using RMW implementation 'rmw_fastrtps_cpp' as default
-- Found std_msgs: 5.0.0 (/opt/ros/iron/share/std_msgs/cmake)
-- Found tf2_ros: 0.31.6 (/opt/ros/iron/share/tf2_ros/cmake)
-- Found nav_msgs: 5.0.0 (/opt/ros/iron/share/nav_msgs/cmake)
-- Found messages: 0.0.0 (/workspace/ros2_ws/install/messages/share/messages/cmake)
-- Found ament_lint_auto: 0.14.3 (/opt/ros/iron/share/ament_lint_auto/cmake)
-- Added test 'copyright' to check source files copyright and LICENSE
-- Added test 'cppcheck' to perform static code analysis on C / C++ code
-- Configured cppcheck include dirs: /workspace/ros2_ws/cobot_fds/include
-- Configured cppcheck exclude dirs and/or files: 
-- Added test 'cpplint' to check C / C++ code against the Google style
-- Configured cpplint exclude dirs and/or files: 
-- Added test 'lint_cmake' to check CMake code style
-- Added test 'uncrustify' to check C / C++ code style
-- Configured uncrustify additional arguments: 
-- Added test 'xmllint' to check XML markup files
-- Configuring done
-- Generating done
-- Build files have been written to: /workspace/ros2_ws/build/cobot_fds
[35m[1mConsolidate compiler generated dependencies of target cobot_drive_main[0m
[ 33%] [32mBuilding CXX object CMakeFiles/cobot_drive_main.dir/src/drive.cpp.o[0m
[ 66%] [32mBuilding CXX object CMakeFiles/cobot_drive_main.dir/src/cobot_drive_main.cpp.o[0m
[01m[K/workspace/ros2_ws/cobot_fds/src/drive.cpp:[m[K In member function â€˜[01m[Kvoid CobotDrive::SerialReceive()[m[Kâ€™:
[01m[K/workspace/ros2_ws/cobot_fds/src/drive.cpp:266:35:[m[K [01;35m[Kwarning: [m[Kformat â€˜[01m[K%f[m[Kâ€™ expects argument of type â€˜[01m[Kdouble[m[Kâ€™, but argument 3 has type â€˜[01m[Kclock_t[m[Kâ€™ {aka â€˜[01m[Klong int[m[Kâ€™} [[01;35m[K-Wformat=[m[K]
  266 |       printf("Rcv %d bytes (dT=[01;35m[K%.3f[m[K) \n",len,[32m[Kt-tLast[m[K);
      |                                [01;35m[K~~~^[m[K          [32m[K~~~~~~~[m[K
      |                                   [01;35m[K|[m[K           [32m[K|[m[K
      |                                   [01;35m[Kdouble[m[K      [32m[Kclock_t {aka long int}[m[K
      |                                [32m[K%.3ld[m[K
[01m[K/workspace/ros2_ws/cobot_fds/src/drive.cpp:245:16:[m[K [01;35m[Kwarning: [m[Kunused variable â€˜[01m[Kt_start[m[Kâ€™ [[01;35m[K-Wunused-variable[m[K]
  245 |   const double [01;35m[Kt_start[m[K = debug_serial ? tLast : 0.0;
      |                [01;35m[K^~~~~~~[m[K
[01m[K/workspace/ros2_ws/cobot_fds/src/cobot_drive_main.cpp:41:1:[m[K [01;31m[Kerror: [m[Kâ€˜[01m[Ktf[m[Kâ€™ does not name a type; did you mean â€˜[01m[Ktm[m[Kâ€™?
   41 | [01;31m[Ktf[m[K::TransformBroadcaster *tfBroadcaster;
      | [01;31m[K^~[m[K
      | [32m[Ktm[m[K
[01m[K/workspace/ros2_ws/cobot_fds/src/cobot_drive_main.cpp:42:1:[m[K [01;31m[Kerror: [m[Kâ€˜[01m[Kros[m[Kâ€™ does not name a type
   42 | [01;31m[Kros[m[K::Publisher cobotRawStatusPublisher;
      | [01;31m[K^~~[m[K
[01m[K/workspace/ros2_ws/cobot_fds/src/cobot_drive_main.cpp:43:1:[m[K [01;31m[Kerror: [m[Kâ€˜[01m[Kros[m[Kâ€™ does not name a type
   43 | [01;31m[Kros[m[K::Publisher cobotOdometryPublisher;
      | [01;31m[K^~~[m[K
[01m[K/workspace/ros2_ws/cobot_fds/src/cobot_drive_main.cpp:44:1:[m[K [01;31m[Kerror: [m[Kâ€˜[01m[Kros[m[Kâ€™ does not name a type
   44 | [01;31m[Kros[m[K::Subscriber drive_sub;
      | [01;31m[K^~~[m[K
[01m[K/workspace/ros2_ws/cobot_fds/src/cobot_drive_main.cpp:46:46:[m[K [01;31m[Kerror: [m[Kâ€˜[01m[KTwistStampedPtr[m[Kâ€™ in namespace â€˜[01m[Kgeometry_msgs[m[Kâ€™ does not name a type
   46 | void cobotDriveCallback(const geometry_msgs::[01;31m[KTwistStampedPtr[m[K& msg) {
      |                                              [01;31m[K^~~~~~~~~~~~~~~[m[K
[01m[K/workspace/ros2_ws/cobot_fds/src/cobot_drive_main.cpp:[m[K In function â€˜[01m[Kvoid cobotDriveCallback(const int&)[m[Kâ€™:
[01m[K/workspace/ros2_ws/cobot_fds/src/cobot_drive_main.cpp:47:28:[m[K [01;31m[Kerror: [m[Kbase operand of â€˜[01m[K->[m[Kâ€™ is not a pointer
   47 |   cobotDrive->setSpeeds(msg[01;31m[K->[m[Ktwist.linear.x, msg->twist.linear.y, msg->twist.angular.z);
      |                            [01;31m[K^~[m[K
[01m[K/workspace/ros2_ws/cobot_fds/src/cobot_drive_main.cpp:47:49:[m[K [01;31m[Kerror: [m[Kbase operand of â€˜[01m[K->[m[Kâ€™ is not a pointer
   47 |   cobotDrive->setSpeeds(msg->twist.linear.x, msg[01;31m[K->[m[Ktwist.linear.y, msg->twist.angular.z);
      |                                                 [01;31m[K^~[m[K
[01m[K/workspace/ros2_ws/cobot_fds/src/cobot_drive_main.cpp:47:70:[m[K [01;31m[Kerror: [m[Kbase operand of â€˜[01m[K->[m[Kâ€™ is not a pointer
   47 |   cobotDrive->setSpeeds(msg->twist.linear.x, msg->twist.linear.y, msg[01;31m[K->[m[Ktwist.angular.z);
      |                                                                      [01;31m[K^~[m[K
[01m[K/workspace/ros2_ws/cobot_fds/src/cobot_drive_main.cpp:[m[K At global scope:
[01m[K/workspace/ros2_ws/cobot_fds/src/cobot_drive_main.cpp:50:24:[m[K [01;31m[Kerror: [m[Kâ€˜[01m[Kros[m[Kâ€™ does not name a type
   50 | void timerEvent( const [01;31m[Kros[m[K::TimerEvent& ) {
      |                        [01;31m[K^~~[m[K
[01m[K/workspace/ros2_ws/cobot_fds/src/cobot_drive_main.cpp:50:39:[m[K [01;31m[Kerror: [m[Kexpected unqualified-id before â€˜[01m[K&[m[Kâ€™ token
   50 | void timerEvent( const ros::TimerEvent[01;31m[K&[m[K ) {
      |                                       [01;31m[K^[m[K
[01m[K/workspace/ros2_ws/cobot_fds/src/cobot_drive_main.cpp:50:39:[m[K [01;31m[Kerror: [m[Kexpected â€˜[01m[K)[m[Kâ€™ before â€˜[01m[K&[m[Kâ€™ token
   50 | void timerEvent[34m[K([m[K const ros::TimerEvent[01;31m[K&[m[K ) {
      |                [34m[K~[m[K                      [01;31m[K^[m[K
      |                                       [32m[K)[m[K
[01m[K/workspace/ros2_ws/cobot_fds/src/cobot_drive_main.cpp:50:41:[m[K [01;31m[Kerror: [m[Kexpected initializer before â€˜[01m[K)[m[Kâ€™ token
   50 | void timerEvent( const ros::TimerEvent& [01;31m[K)[m[K {
      |                                         [01;31m[K^[m[K
[01m[K/workspace/ros2_ws/cobot_fds/src/cobot_drive_main.cpp:[m[K In function â€˜[01m[Kint main(int, char**)[m[Kâ€™:
[01m[K/workspace/ros2_ws/cobot_fds/src/cobot_drive_main.cpp:204:3:[m[K [01;31m[Kerror: [m[Kâ€˜[01m[Kros[m[Kâ€™ has not been declared
  204 |   [01;31m[Kros[m[K::init(argc, argv, "Cobot2_Drive_Module");
      |   [01;31m[K^~~[m[K
[01m[K/workspace/ros2_ws/cobot_fds/src/cobot_drive_main.cpp:205:3:[m[K [01;31m[Kerror: [m[Kâ€˜[01m[Kros[m[Kâ€™ has not been declared
  205 |   [01;31m[Kros[m[K::NodeHandle n;
      |   [01;31m[K^~~[m[K
[01m[K/workspace/ros2_ws/cobot_fds/src/cobot_drive_main.cpp:206:3:[m[K [01;31m[Kerror: [m[Kâ€˜[01m[Kdrive_sub[m[Kâ€™ was not declared in this scope
  206 |   [01;31m[Kdrive_sub[m[K = n.subscribe("Cobot/Drive", 1, cobotDriveCallback);
      |   [01;31m[K^~~~~~~~~[m[K
[01m[K/workspace/ros2_ws/cobot_fds/src/cobot_drive_main.cpp:206:15:[m[K [01;31m[Kerror: [m[Kâ€˜[01m[Kn[m[Kâ€™ was not declared in this scope; did you mean â€˜[01m[Kyn[m[Kâ€™?
  206 |   drive_sub = [01;31m[Kn[m[K.subscribe("Cobot/Drive", 1, cobotDriveCallback);
      |               [01;31m[K^[m[K
      |               [32m[Kyn[m[K
[01m[K/workspace/ros2_ws/cobot_fds/src/cobot_drive_main.cpp:207:3:[m[K [01;31m[Kerror: [m[Kâ€˜[01m[KcobotRawStatusPublisher[m[Kâ€™ was not declared in this scope
  207 |   [01;31m[KcobotRawStatusPublisher[m[K = n.advertise<messages::CobotRawStatus>("Cobot/RawStatus",1);
      |   [01;31m[K^~~~~~~~~~~~~~~~~~~~~~~[m[K
[01m[K/workspace/ros2_ws/cobot_fds/src/cobot_drive_main.cpp:207:51:[m[K [01;31m[Kerror: [m[Kâ€˜[01m[KCobotRawStatus[m[Kâ€™ is not a member of â€˜[01m[Kmessages[m[Kâ€™; did you mean â€˜[01m[Kmessages::msg::CobotRawStatus[m[Kâ€™?
  207 |   cobotRawStatusPublisher = n.advertise<messages::[01;31m[KCobotRawStatus[m[K>("Cobot/RawStatus",1);
      |                                                   [01;31m[K^~~~~~~~~~~~~~[m[K
In file included from [01m[K/workspace/ros2_ws/install/messages/include/messages/messages/msg/cobot_raw_status.hpp:7[m[K,
                 from [01m[K/workspace/ros2_ws/cobot_fds/src/cobot_drive_main.cpp:32[m[K:
[01m[K/workspace/ros2_ws/install/messages/include/messages/messages/msg/detail/cobot_raw_status__struct.hpp:293:7:[m[K [01;36m[Knote: [m[Kâ€˜[01m[Kmessages::msg::CobotRawStatus[m[Kâ€™ declared here
  293 | using [01;36m[KCobotRawStatus[m[K =
      |       [01;36m[K^~~~~~~~~~~~~~[m[K
[01m[K/workspace/ros2_ws/cobot_fds/src/cobot_drive_main.cpp:207:67:[m[K [01;35m[Kwarning: [m[Kleft operand of comma operator has no effect [[01;35m[K-Wunused-value[m[K]
  207 |   cobotRawStatusPublisher = n.advertise<messages::CobotRawStatus>([01;35m[K"Cobot/RawStatus"[m[K,1);
      |                                                                   [01;35m[K^~~~~~~~~~~~~~~~~[m[K
[01m[K/workspace/ros2_ws/cobot_fds/src/cobot_drive_main.cpp:208:3:[m[K [01;31m[Kerror: [m[Kâ€˜[01m[KcobotOdometryPublisher[m[Kâ€™ was not declared in this scope
  208 |   [01;31m[KcobotOdometryPublisher[m[K = n.advertise<nav_msgs::Odometry>("Cobot/DriveRaw",1);
      |   [01;31m[K^~~~~~~~~~~~~~~~~~~~~~[m[K
[01m[K/workspace/ros2_ws/cobot_fds/src/cobot_drive_main.cpp:208:50:[m[K [01;31m[Kerror: [m[Kâ€˜[01m[KOdometry[m[Kâ€™ is not a member of â€˜[01m[Knav_msgs[m[Kâ€™; did you mean â€˜[01m[Knav_msgs::msg::Odometry[m[Kâ€™?
  208 |   cobotOdometryPublisher = n.advertise<nav_msgs::[01;31m[KOdometry[m[K>("Cobot/DriveRaw",1);
      |                                                  [01;31m[K^~~~~~~~[m[K
In file included from [01m[K/opt/ros/iron/include/nav_msgs/nav_msgs/msg/odometry.hpp:7[m[K,
                 from [01m[K/workspace/ros2_ws/cobot_fds/src/cobot_drive_main.cpp:28[m[K:
[01m[K/opt/ros/iron/include/nav_msgs/nav_msgs/msg/detail/odometry__struct.hpp:172:7:[m[K [01;36m[Knote: [m[Kâ€˜[01m[Knav_msgs::msg::Odometry[m[Kâ€™ declared here
  172 | using [01;36m[KOdometry[m[K =
      |       [01;36m[K^~~~~~~~[m[K
[01m[K/workspace/ros2_ws/cobot_fds/src/cobot_drive_main.cpp:208:60:[m[K [01;35m[Kwarning: [m[Kleft operand of comma operator has no effect [[01;35m[K-Wunused-value[m[K]
  208 |   cobotOdometryPublisher = n.advertise<nav_msgs::Odometry>([01;35m[K"Cobot/DriveRaw"[m[K,1);
      |                                                            [01;35m[K^~~~~~~~~~~~~~~~[m[K
[01m[K/workspace/ros2_ws/cobot_fds/src/cobot_drive_main.cpp:209:3:[m[K [01;31m[Kerror: [m[Kâ€˜[01m[KtfBroadcaster[m[Kâ€™ was not declared in this scope
  209 |   [01;31m[KtfBroadcaster[m[K = new tf::TransformBroadcaster();
      |   [01;31m[K^~~~~~~~~~~~~[m[K
[01m[K/workspace/ros2_ws/cobot_fds/src/cobot_drive_main.cpp:209:23:[m[K [01;31m[Kerror: [m[Kâ€˜[01m[Ktf[m[Kâ€™ does not name a type; did you mean â€˜[01m[Ktm[m[Kâ€™?
  209 |   tfBroadcaster = new [01;31m[Ktf[m[K::TransformBroadcaster();
      |                       [01;31m[K^~[m[K
      |                       [32m[Ktm[m[K
[01m[K/workspace/ros2_ws/cobot_fds/src/cobot_drive_main.cpp:211:3:[m[K [01;31m[Kerror: [m[Kâ€˜[01m[Kros[m[Kâ€™ has not been declared
  211 |   [01;31m[Kros[m[K::Timer timer = n.createTimer(ros::Duration(1.0), timerEvent);
      |   [01;31m[K^~~[m[K
[01m[K/workspace/ros2_ws/cobot_fds/src/cobot_drive_main.cpp:214:9:[m[K [01;31m[Kerror: [m[Kâ€˜[01m[Kros[m[Kâ€™ has not been declared
  214 |   while([01;31m[Kros[m[K::ok() && run){
      |         [01;31m[K^~~[m[K
[01m[K/workspace/ros2_ws/cobot_fds/src/cobot_drive_main.cpp:215:5:[m[K [01;31m[Kerror: [m[Kâ€˜[01m[Kros[m[Kâ€™ has not been declared
  215 |     [01;31m[Kros[m[K::spinOnce();
      |     [01;31m[K^~~[m[K
[01m[K/workspace/ros2_ws/cobot_fds/src/cobot_drive_main.cpp:216:5:[m[K [01;31m[Kerror: [m[Kâ€˜[01m[Kros[m[Kâ€™ has not been declared
  216 |     [01;31m[Kros[m[K::Duration(0.01).sleep();  // TODO: verify this to use w the wathdogs
      |     [01;31m[K^~~[m[K
In file included from [01m[K/workspace/ros2_ws/cobot_fds/src/cobot_drive_main.cpp:24[m[K:
[01m[K/workspace/ros2_ws/cobot_fds/include/drive.h:[m[K At global scope:
[01m[K/workspace/ros2_ws/cobot_fds/include/drive.h:47:17:[m[K [01;35m[Kwarning: [m[Kâ€˜[01m[Kvector2d normalize(const vector2d&, double)[m[Kâ€™ defined but not used [[01;35m[K-Wunused-function[m[K]
   47 | static vector2d [01;35m[Knormalize[m[K(const vector2d& v, double len) {
      |                 [01;35m[K^~~~~~~~~[m[K
gmake[2]: *** [CMakeFiles/cobot_drive_main.dir/build.make:90: CMakeFiles/cobot_drive_main.dir/src/cobot_drive_main.cpp.o] Error 1
gmake[1]: *** [CMakeFiles/Makefile2:137: CMakeFiles/cobot_drive_main.dir/all] Error 2
gmake: *** [Makefile:146: all] Error 2
