[0.017s] Invoking command in '/workspace/ros2_ws/build/cobot_fds': CMAKE_PREFIX_PATH=${CMAKE_PREFIX_PATH}:/opt/ros/iron /usr/bin/cmake --build /workspace/ros2_ws/build/cobot_fds -- -j8 -l8
[0.047s] -- Found ament_cmake: 2.0.5 (/opt/ros/iron/share/ament_cmake/cmake)
[0.230s] -- Found rclcpp: 21.0.6 (/opt/ros/iron/share/rclcpp/cmake)
[0.261s] -- Found rosidl_generator_c: 4.0.1 (/opt/ros/iron/share/rosidl_generator_c/cmake)
[0.271s] -- Found rosidl_generator_cpp: 4.0.1 (/opt/ros/iron/share/rosidl_generator_cpp/cmake)
[0.286s] -- Using all available rosidl_typesupport_c: rosidl_typesupport_fastrtps_c;rosidl_typesupport_introspection_c
[0.307s] -- Using all available rosidl_typesupport_cpp: rosidl_typesupport_fastrtps_cpp;rosidl_typesupport_introspection_cpp
[0.500s] -- Found rmw_implementation_cmake: 7.1.0 (/opt/ros/iron/share/rmw_implementation_cmake/cmake)
[0.503s] -- Found rmw_fastrtps_cpp: 7.1.3 (/opt/ros/iron/share/rmw_fastrtps_cpp/cmake)
[0.612s] -- Using RMW implementation 'rmw_fastrtps_cpp' as default
[0.785s] -- Found std_msgs: 5.0.0 (/opt/ros/iron/share/std_msgs/cmake)
[0.814s] -- Found tf2_ros: 0.31.6 (/opt/ros/iron/share/tf2_ros/cmake)
[1.265s] -- Found nav_msgs: 5.0.0 (/opt/ros/iron/share/nav_msgs/cmake)
[1.390s] -- Found messages: 0.0.0 (/workspace/ros2_ws/install/messages/share/messages/cmake)
[1.436s] -- Found ament_lint_auto: 0.14.3 (/opt/ros/iron/share/ament_lint_auto/cmake)
[1.509s] -- Added test 'copyright' to check source files copyright and LICENSE
[1.510s] -- Added test 'cppcheck' to perform static code analysis on C / C++ code
[1.511s] -- Configured cppcheck include dirs: /workspace/ros2_ws/cobot_fds/include
[1.511s] -- Configured cppcheck exclude dirs and/or files: 
[1.511s] -- Added test 'cpplint' to check C / C++ code against the Google style
[1.511s] -- Configured cpplint exclude dirs and/or files: 
[1.511s] -- Added test 'lint_cmake' to check CMake code style
[1.512s] -- Added test 'uncrustify' to check C / C++ code style
[1.512s] -- Configured uncrustify additional arguments: 
[1.513s] -- Added test 'xmllint' to check XML markup files
[1.513s] -- Configuring done
[1.528s] -- Generating done
[1.531s] -- Build files have been written to: /workspace/ros2_ws/build/cobot_fds
[1.559s] [35m[1mConsolidate compiler generated dependencies of target cobot_drive_main[0m
[1.584s] [ 33%] [32mBuilding CXX object CMakeFiles/cobot_drive_main.dir/src/drive.cpp.o[0m
[1.588s] [ 66%] [32mBuilding CXX object CMakeFiles/cobot_drive_main.dir/src/cobot_drive_main.cpp.o[0m
[2.747s] [01m[K/workspace/ros2_ws/cobot_fds/src/drive.cpp:[m[K In member function â€˜[01m[Kvoid CobotDrive::SerialReceive()[m[Kâ€™:
[2.747s] [01m[K/workspace/ros2_ws/cobot_fds/src/drive.cpp:266:35:[m[K [01;35m[Kwarning: [m[Kformat â€˜[01m[K%f[m[Kâ€™ expects argument of type â€˜[01m[Kdouble[m[Kâ€™, but argument 3 has type â€˜[01m[Kclock_t[m[Kâ€™ {aka â€˜[01m[Klong int[m[Kâ€™} [[01;35m[K-Wformat=[m[K]
[2.747s]   266 |       printf("Rcv %d bytes (dT=[01;35m[K%.3f[m[K) \n",len,[32m[Kt-tLast[m[K);
[2.748s]       |                                [01;35m[K~~~^[m[K          [32m[K~~~~~~~[m[K
[2.748s]       |                                   [01;35m[K|[m[K           [32m[K|[m[K
[2.748s]       |                                   [01;35m[Kdouble[m[K      [32m[Kclock_t {aka long int}[m[K
[2.748s]       |                                [32m[K%.3ld[m[K
[2.748s] [01m[K/workspace/ros2_ws/cobot_fds/src/drive.cpp:245:16:[m[K [01;35m[Kwarning: [m[Kunused variable â€˜[01m[Kt_start[m[Kâ€™ [[01;35m[K-Wunused-variable[m[K]
[2.748s]   245 |   const double [01;35m[Kt_start[m[K = debug_serial ? tLast : 0.0;
[2.749s]       |                [01;35m[K^~~~~~~[m[K
[5.169s] [01m[K/workspace/ros2_ws/cobot_fds/src/cobot_drive_main.cpp:41:1:[m[K [01;31m[Kerror: [m[Kâ€˜[01m[Ktf[m[Kâ€™ does not name a type; did you mean â€˜[01m[Ktm[m[Kâ€™?
[5.169s]    41 | [01;31m[Ktf[m[K::TransformBroadcaster *tfBroadcaster;
[5.169s]       | [01;31m[K^~[m[K
[5.170s]       | [32m[Ktm[m[K
[5.170s] [01m[K/workspace/ros2_ws/cobot_fds/src/cobot_drive_main.cpp:42:1:[m[K [01;31m[Kerror: [m[Kâ€˜[01m[Kros[m[Kâ€™ does not name a type
[5.171s]    42 | [01;31m[Kros[m[K::Publisher cobotRawStatusPublisher;
[5.171s]       | [01;31m[K^~~[m[K
[5.172s] [01m[K/workspace/ros2_ws/cobot_fds/src/cobot_drive_main.cpp:43:1:[m[K [01;31m[Kerror: [m[Kâ€˜[01m[Kros[m[Kâ€™ does not name a type
[5.172s]    43 | [01;31m[Kros[m[K::Publisher cobotOdometryPublisher;
[5.172s]       | [01;31m[K^~~[m[K
[5.173s] [01m[K/workspace/ros2_ws/cobot_fds/src/cobot_drive_main.cpp:44:1:[m[K [01;31m[Kerror: [m[Kâ€˜[01m[Kros[m[Kâ€™ does not name a type
[5.173s]    44 | [01;31m[Kros[m[K::Subscriber drive_sub;
[5.173s]       | [01;31m[K^~~[m[K
[5.174s] [01m[K/workspace/ros2_ws/cobot_fds/src/cobot_drive_main.cpp:46:46:[m[K [01;31m[Kerror: [m[Kâ€˜[01m[KTwistStampedPtr[m[Kâ€™ in namespace â€˜[01m[Kgeometry_msgs[m[Kâ€™ does not name a type
[5.174s]    46 | void cobotDriveCallback(const geometry_msgs::[01;31m[KTwistStampedPtr[m[K& msg) {
[5.174s]       |                                              [01;31m[K^~~~~~~~~~~~~~~[m[K
[5.174s] [01m[K/workspace/ros2_ws/cobot_fds/src/cobot_drive_main.cpp:[m[K In function â€˜[01m[Kvoid cobotDriveCallback(const int&)[m[Kâ€™:
[5.174s] [01m[K/workspace/ros2_ws/cobot_fds/src/cobot_drive_main.cpp:47:28:[m[K [01;31m[Kerror: [m[Kbase operand of â€˜[01m[K->[m[Kâ€™ is not a pointer
[5.174s]    47 |   cobotDrive->setSpeeds(msg[01;31m[K->[m[Ktwist.linear.x, msg->twist.linear.y, msg->twist.angular.z);
[5.175s]       |                            [01;31m[K^~[m[K
[5.175s] [01m[K/workspace/ros2_ws/cobot_fds/src/cobot_drive_main.cpp:47:49:[m[K [01;31m[Kerror: [m[Kbase operand of â€˜[01m[K->[m[Kâ€™ is not a pointer
[5.175s]    47 |   cobotDrive->setSpeeds(msg->twist.linear.x, msg[01;31m[K->[m[Ktwist.linear.y, msg->twist.angular.z);
[5.175s]       |                                                 [01;31m[K^~[m[K
[5.175s] [01m[K/workspace/ros2_ws/cobot_fds/src/cobot_drive_main.cpp:47:70:[m[K [01;31m[Kerror: [m[Kbase operand of â€˜[01m[K->[m[Kâ€™ is not a pointer
[5.176s]    47 |   cobotDrive->setSpeeds(msg->twist.linear.x, msg->twist.linear.y, msg[01;31m[K->[m[Ktwist.angular.z);
[5.176s]       |                                                                      [01;31m[K^~[m[K
[5.176s] [01m[K/workspace/ros2_ws/cobot_fds/src/cobot_drive_main.cpp:[m[K At global scope:
[5.176s] [01m[K/workspace/ros2_ws/cobot_fds/src/cobot_drive_main.cpp:50:24:[m[K [01;31m[Kerror: [m[Kâ€˜[01m[Kros[m[Kâ€™ does not name a type
[5.176s]    50 | void timerEvent( const [01;31m[Kros[m[K::TimerEvent& ) {
[5.176s]       |                        [01;31m[K^~~[m[K
[5.177s] [01m[K/workspace/ros2_ws/cobot_fds/src/cobot_drive_main.cpp:50:39:[m[K [01;31m[Kerror: [m[Kexpected unqualified-id before â€˜[01m[K&[m[Kâ€™ token
[5.177s]    50 | void timerEvent( const ros::TimerEvent[01;31m[K&[m[K ) {
[5.177s]       |                                       [01;31m[K^[m[K
[5.177s] [01m[K/workspace/ros2_ws/cobot_fds/src/cobot_drive_main.cpp:50:39:[m[K [01;31m[Kerror: [m[Kexpected â€˜[01m[K)[m[Kâ€™ before â€˜[01m[K&[m[Kâ€™ token
[5.177s]    50 | void timerEvent[34m[K([m[K const ros::TimerEvent[01;31m[K&[m[K ) {
[5.177s]       |                [34m[K~[m[K                      [01;31m[K^[m[K
[5.177s]       |                                       [32m[K)[m[K
[5.178s] [01m[K/workspace/ros2_ws/cobot_fds/src/cobot_drive_main.cpp:50:41:[m[K [01;31m[Kerror: [m[Kexpected initializer before â€˜[01m[K)[m[Kâ€™ token
[5.178s]    50 | void timerEvent( const ros::TimerEvent& [01;31m[K)[m[K {
[5.178s]       |                                         [01;31m[K^[m[K
[5.178s] [01m[K/workspace/ros2_ws/cobot_fds/src/cobot_drive_main.cpp:[m[K In function â€˜[01m[Kint main(int, char**)[m[Kâ€™:
[5.178s] [01m[K/workspace/ros2_ws/cobot_fds/src/cobot_drive_main.cpp:204:3:[m[K [01;31m[Kerror: [m[Kâ€˜[01m[Kros[m[Kâ€™ has not been declared
[5.178s]   204 |   [01;31m[Kros[m[K::init(argc, argv, "Cobot2_Drive_Module");
[5.178s]       |   [01;31m[K^~~[m[K
[5.178s] [01m[K/workspace/ros2_ws/cobot_fds/src/cobot_drive_main.cpp:205:3:[m[K [01;31m[Kerror: [m[Kâ€˜[01m[Kros[m[Kâ€™ has not been declared
[5.179s]   205 |   [01;31m[Kros[m[K::NodeHandle n;
[5.179s]       |   [01;31m[K^~~[m[K
[5.181s] [01m[K/workspace/ros2_ws/cobot_fds/src/cobot_drive_main.cpp:206:3:[m[K [01;31m[Kerror: [m[Kâ€˜[01m[Kdrive_sub[m[Kâ€™ was not declared in this scope
[5.181s]   206 |   [01;31m[Kdrive_sub[m[K = n.subscribe("Cobot/Drive", 1, cobotDriveCallback);
[5.181s]       |   [01;31m[K^~~~~~~~~[m[K
[5.185s] [01m[K/workspace/ros2_ws/cobot_fds/src/cobot_drive_main.cpp:206:15:[m[K [01;31m[Kerror: [m[Kâ€˜[01m[Kn[m[Kâ€™ was not declared in this scope; did you mean â€˜[01m[Kyn[m[Kâ€™?
[5.185s]   206 |   drive_sub = [01;31m[Kn[m[K.subscribe("Cobot/Drive", 1, cobotDriveCallback);
[5.186s]       |               [01;31m[K^[m[K
[5.186s]       |               [32m[Kyn[m[K
[5.196s] [01m[K/workspace/ros2_ws/cobot_fds/src/cobot_drive_main.cpp:207:3:[m[K [01;31m[Kerror: [m[Kâ€˜[01m[KcobotRawStatusPublisher[m[Kâ€™ was not declared in this scope
[5.196s]   207 |   [01;31m[KcobotRawStatusPublisher[m[K = n.advertise<messages::CobotRawStatus>("Cobot/RawStatus",1);
[5.196s]       |   [01;31m[K^~~~~~~~~~~~~~~~~~~~~~~[m[K
[5.196s] [01m[K/workspace/ros2_ws/cobot_fds/src/cobot_drive_main.cpp:207:51:[m[K [01;31m[Kerror: [m[Kâ€˜[01m[KCobotRawStatus[m[Kâ€™ is not a member of â€˜[01m[Kmessages[m[Kâ€™; did you mean â€˜[01m[Kmessages::msg::CobotRawStatus[m[Kâ€™?
[5.197s]   207 |   cobotRawStatusPublisher = n.advertise<messages::[01;31m[KCobotRawStatus[m[K>("Cobot/RawStatus",1);
[5.197s]       |                                                   [01;31m[K^~~~~~~~~~~~~~[m[K
[5.197s] In file included from [01m[K/workspace/ros2_ws/install/messages/include/messages/messages/msg/cobot_raw_status.hpp:7[m[K,
[5.197s]                  from [01m[K/workspace/ros2_ws/cobot_fds/src/cobot_drive_main.cpp:32[m[K:
[5.197s] [01m[K/workspace/ros2_ws/install/messages/include/messages/messages/msg/detail/cobot_raw_status__struct.hpp:293:7:[m[K [01;36m[Knote: [m[Kâ€˜[01m[Kmessages::msg::CobotRawStatus[m[Kâ€™ declared here
[5.198s]   293 | using [01;36m[KCobotRawStatus[m[K =
[5.198s]       |       [01;36m[K^~~~~~~~~~~~~~[m[K
[5.198s] [01m[K/workspace/ros2_ws/cobot_fds/src/cobot_drive_main.cpp:207:67:[m[K [01;35m[Kwarning: [m[Kleft operand of comma operator has no effect [[01;35m[K-Wunused-value[m[K]
[5.198s]   207 |   cobotRawStatusPublisher = n.advertise<messages::CobotRawStatus>([01;35m[K"Cobot/RawStatus"[m[K,1);
[5.198s]       |                                                                   [01;35m[K^~~~~~~~~~~~~~~~~[m[K
[5.206s] [01m[K/workspace/ros2_ws/cobot_fds/src/cobot_drive_main.cpp:208:3:[m[K [01;31m[Kerror: [m[Kâ€˜[01m[KcobotOdometryPublisher[m[Kâ€™ was not declared in this scope
[5.206s]   208 |   [01;31m[KcobotOdometryPublisher[m[K = n.advertise<nav_msgs::Odometry>("Cobot/DriveRaw",1);
[5.206s]       |   [01;31m[K^~~~~~~~~~~~~~~~~~~~~~[m[K
[5.207s] [01m[K/workspace/ros2_ws/cobot_fds/src/cobot_drive_main.cpp:208:50:[m[K [01;31m[Kerror: [m[Kâ€˜[01m[KOdometry[m[Kâ€™ is not a member of â€˜[01m[Knav_msgs[m[Kâ€™; did you mean â€˜[01m[Knav_msgs::msg::Odometry[m[Kâ€™?
[5.207s]   208 |   cobotOdometryPublisher = n.advertise<nav_msgs::[01;31m[KOdometry[m[K>("Cobot/DriveRaw",1);
[5.207s]       |                                                  [01;31m[K^~~~~~~~[m[K
[5.207s] In file included from [01m[K/opt/ros/iron/include/nav_msgs/nav_msgs/msg/odometry.hpp:7[m[K,
[5.208s]                  from [01m[K/workspace/ros2_ws/cobot_fds/src/cobot_drive_main.cpp:28[m[K:
[5.208s] [01m[K/opt/ros/iron/include/nav_msgs/nav_msgs/msg/detail/odometry__struct.hpp:172:7:[m[K [01;36m[Knote: [m[Kâ€˜[01m[Knav_msgs::msg::Odometry[m[Kâ€™ declared here
[5.208s]   172 | using [01;36m[KOdometry[m[K =
[5.208s]       |       [01;36m[K^~~~~~~~[m[K
[5.208s] [01m[K/workspace/ros2_ws/cobot_fds/src/cobot_drive_main.cpp:208:60:[m[K [01;35m[Kwarning: [m[Kleft operand of comma operator has no effect [[01;35m[K-Wunused-value[m[K]
[5.208s]   208 |   cobotOdometryPublisher = n.advertise<nav_msgs::Odometry>([01;35m[K"Cobot/DriveRaw"[m[K,1);
[5.208s]       |                                                            [01;35m[K^~~~~~~~~~~~~~~~[m[K
[5.213s] [01m[K/workspace/ros2_ws/cobot_fds/src/cobot_drive_main.cpp:209:3:[m[K [01;31m[Kerror: [m[Kâ€˜[01m[KtfBroadcaster[m[Kâ€™ was not declared in this scope
[5.213s]   209 |   [01;31m[KtfBroadcaster[m[K = new tf::TransformBroadcaster();
[5.213s]       |   [01;31m[K^~~~~~~~~~~~~[m[K
[5.214s] [01m[K/workspace/ros2_ws/cobot_fds/src/cobot_drive_main.cpp:209:23:[m[K [01;31m[Kerror: [m[Kâ€˜[01m[Ktf[m[Kâ€™ does not name a type; did you mean â€˜[01m[Ktm[m[Kâ€™?
[5.214s]   209 |   tfBroadcaster = new [01;31m[Ktf[m[K::TransformBroadcaster();
[5.214s]       |                       [01;31m[K^~[m[K
[5.214s]       |                       [32m[Ktm[m[K
[5.215s] [01m[K/workspace/ros2_ws/cobot_fds/src/cobot_drive_main.cpp:211:3:[m[K [01;31m[Kerror: [m[Kâ€˜[01m[Kros[m[Kâ€™ has not been declared
[5.215s]   211 |   [01;31m[Kros[m[K::Timer timer = n.createTimer(ros::Duration(1.0), timerEvent);
[5.215s]       |   [01;31m[K^~~[m[K
[5.215s] [01m[K/workspace/ros2_ws/cobot_fds/src/cobot_drive_main.cpp:214:9:[m[K [01;31m[Kerror: [m[Kâ€˜[01m[Kros[m[Kâ€™ has not been declared
[5.215s]   214 |   while([01;31m[Kros[m[K::ok() && run){
[5.215s]       |         [01;31m[K^~~[m[K
[5.215s] [01m[K/workspace/ros2_ws/cobot_fds/src/cobot_drive_main.cpp:215:5:[m[K [01;31m[Kerror: [m[Kâ€˜[01m[Kros[m[Kâ€™ has not been declared
[5.216s]   215 |     [01;31m[Kros[m[K::spinOnce();
[5.216s]       |     [01;31m[K^~~[m[K
[5.216s] [01m[K/workspace/ros2_ws/cobot_fds/src/cobot_drive_main.cpp:216:5:[m[K [01;31m[Kerror: [m[Kâ€˜[01m[Kros[m[Kâ€™ has not been declared
[5.216s]   216 |     [01;31m[Kros[m[K::Duration(0.01).sleep();  // TODO: verify this to use w the wathdogs
[5.216s]       |     [01;31m[K^~~[m[K
[5.745s] In file included from [01m[K/workspace/ros2_ws/cobot_fds/src/cobot_drive_main.cpp:24[m[K:
[5.745s] [01m[K/workspace/ros2_ws/cobot_fds/include/drive.h:[m[K At global scope:
[5.745s] [01m[K/workspace/ros2_ws/cobot_fds/include/drive.h:47:17:[m[K [01;35m[Kwarning: [m[Kâ€˜[01m[Kvector2d normalize(const vector2d&, double)[m[Kâ€™ defined but not used [[01;35m[K-Wunused-function[m[K]
[5.745s]    47 | static vector2d [01;35m[Knormalize[m[K(const vector2d& v, double len) {
[5.745s]       |                 [01;35m[K^~~~~~~~~[m[K
[5.773s] gmake[2]: *** [CMakeFiles/cobot_drive_main.dir/build.make:90: CMakeFiles/cobot_drive_main.dir/src/cobot_drive_main.cpp.o] Error 1
[5.774s] gmake[1]: *** [CMakeFiles/Makefile2:137: CMakeFiles/cobot_drive_main.dir/all] Error 2
[5.774s] gmake: *** [Makefile:146: all] Error 2
[5.777s] Invoked command in '/workspace/ros2_ws/build/cobot_fds' returned '2': CMAKE_PREFIX_PATH=${CMAKE_PREFIX_PATH}:/opt/ros/iron /usr/bin/cmake --build /workspace/ros2_ws/build/cobot_fds -- -j8 -l8
