[35m[1mConsolidate compiler generated dependencies of target cobot_drive_main[0m
[ 33%] [32mBuilding CXX object CMakeFiles/cobot_drive_main.dir/src/cobot_drive_main.cpp.o[0m
[01m[K/workspace/ros2_ws/cobot_fds/src/cobot_drive_main.cpp:[m[K In constructor â€˜[01m[KcobotDriveMain::cobotDriveMain()[m[Kâ€™:
[01m[K/workspace/ros2_ws/cobot_fds/src/cobot_drive_main.cpp:43:38:[m[K [01;31m[Kerror: [m[Kâ€˜[01m[KportNum[m[Kâ€™ was not declared in this scope
   43 |   sprintf(serialPort,"/dev/ttyUSB%d",[01;31m[KportNum[m[K);
      |                                      [01;31m[K^~~~~~~[m[K
[01m[K/workspace/ros2_ws/cobot_fds/src/cobot_drive_main.cpp:44:6:[m[K [01;31m[Kerror: [m[Kâ€˜[01m[Kdebug[m[Kâ€™ was not declared in this scope
   44 |   if([01;31m[Kdebug[m[K) printf("Using port %s\n",serialPort);
      |      [01;31m[K^~~~~[m[K
[01m[K/workspace/ros2_ws/cobot_fds/src/cobot_drive_main.cpp:[m[K In function â€˜[01m[Kint main(int, char**)[m[Kâ€™:
[01m[K/workspace/ros2_ws/cobot_fds/src/cobot_drive_main.cpp:210:3:[m[K [01;31m[Kerror: [m[Kâ€˜[01m[KcobotDrive[m[Kâ€™ was not declared in this scope; did you mean â€˜[01m[KCobotDrive[m[Kâ€™?
  210 |   [01;31m[KcobotDrive[m[K->close();
      |   [01;31m[K^~~~~~~~~~[m[K
      |   [32m[KCobotDrive[m[K
[01m[K/workspace/ros2_ws/cobot_fds/src/cobot_drive_main.cpp:167:21:[m[K [01;35m[Kwarning: [m[Kunused variable â€˜[01m[Kdebug[m[Kâ€™ [[01;35m[K-Wunused-variable[m[K]
  167 |   static const bool [01;35m[Kdebug[m[K = false;
      |                     [01;35m[K^~~~~[m[K
[01m[K/workspace/ros2_ws/cobot_fds/src/cobot_drive_main.cpp:169:7:[m[K [01;35m[Kwarning: [m[Kunused variable â€˜[01m[KportNum[m[Kâ€™ [[01;35m[K-Wunused-variable[m[K]
  169 |   int [01;35m[KportNum[m[K = 0;
      |       [01;35m[K^~~~~~~[m[K
In file included from [01m[K/workspace/ros2_ws/cobot_fds/include/cobot_drive_main.hpp:3[m[K,
                 from [01m[K/workspace/ros2_ws/cobot_fds/src/cobot_drive_main.cpp:22[m[K:
[01m[K/workspace/ros2_ws/cobot_fds/include/drive.h:[m[K At global scope:
[01m[K/workspace/ros2_ws/cobot_fds/include/drive.h:47:17:[m[K [01;35m[Kwarning: [m[Kâ€˜[01m[Kvector2d normalize(const vector2d&, double)[m[Kâ€™ defined but not used [[01;35m[K-Wunused-function[m[K]
   47 | static vector2d [01;35m[Knormalize[m[K(const vector2d& v, double len) {
      |                 [01;35m[K^~~~~~~~~[m[K
gmake[2]: *** [CMakeFiles/cobot_drive_main.dir/build.make:90: CMakeFiles/cobot_drive_main.dir/src/cobot_drive_main.cpp.o] Error 1
gmake[1]: *** [CMakeFiles/Makefile2:137: CMakeFiles/cobot_drive_main.dir/all] Error 2
gmake: *** [Makefile:146: all] Error 2
