[0.022s] Invoking command in '/workspace/ros2_ws/build/cobot_fds': CMAKE_PREFIX_PATH=${CMAKE_PREFIX_PATH}:/opt/ros/iron /usr/bin/cmake --build /workspace/ros2_ws/build/cobot_fds -- -j8 -l8
[0.080s] [35m[1mConsolidate compiler generated dependencies of target cobot_drive_main[0m
[0.108s] [ 33%] [32mBuilding CXX object CMakeFiles/cobot_drive_main.dir/src/cobot_drive_main.cpp.o[0m
[3.718s] [01m[K/workspace/ros2_ws/cobot_fds/src/cobot_drive_main.cpp:[m[K In constructor â€˜[01m[KcobotDriveMain::cobotDriveMain()[m[Kâ€™:
[3.718s] [01m[K/workspace/ros2_ws/cobot_fds/src/cobot_drive_main.cpp:43:38:[m[K [01;31m[Kerror: [m[Kâ€˜[01m[KportNum[m[Kâ€™ was not declared in this scope
[3.718s]    43 |   sprintf(serialPort,"/dev/ttyUSB%d",[01;31m[KportNum[m[K);
[3.718s]       |                                      [01;31m[K^~~~~~~[m[K
[3.725s] [01m[K/workspace/ros2_ws/cobot_fds/src/cobot_drive_main.cpp:44:6:[m[K [01;31m[Kerror: [m[Kâ€˜[01m[Kdebug[m[Kâ€™ was not declared in this scope
[3.725s]    44 |   if([01;31m[Kdebug[m[K) printf("Using port %s\n",serialPort);
[3.725s]       |      [01;31m[K^~~~~[m[K
[3.740s] [01m[K/workspace/ros2_ws/cobot_fds/src/cobot_drive_main.cpp:[m[K In function â€˜[01m[Kint main(int, char**)[m[Kâ€™:
[3.740s] [01m[K/workspace/ros2_ws/cobot_fds/src/cobot_drive_main.cpp:210:3:[m[K [01;31m[Kerror: [m[Kâ€˜[01m[KcobotDrive[m[Kâ€™ was not declared in this scope; did you mean â€˜[01m[KCobotDrive[m[Kâ€™?
[3.740s]   210 |   [01;31m[KcobotDrive[m[K->close();
[3.741s]       |   [01;31m[K^~~~~~~~~~[m[K
[3.741s]       |   [32m[KCobotDrive[m[K
[3.741s] [01m[K/workspace/ros2_ws/cobot_fds/src/cobot_drive_main.cpp:167:21:[m[K [01;35m[Kwarning: [m[Kunused variable â€˜[01m[Kdebug[m[Kâ€™ [[01;35m[K-Wunused-variable[m[K]
[3.741s]   167 |   static const bool [01;35m[Kdebug[m[K = false;
[3.741s]       |                     [01;35m[K^~~~~[m[K
[3.741s] [01m[K/workspace/ros2_ws/cobot_fds/src/cobot_drive_main.cpp:169:7:[m[K [01;35m[Kwarning: [m[Kunused variable â€˜[01m[KportNum[m[Kâ€™ [[01;35m[K-Wunused-variable[m[K]
[3.741s]   169 |   int [01;35m[KportNum[m[K = 0;
[3.741s]       |       [01;35m[K^~~~~~~[m[K
[4.517s] In file included from [01m[K/workspace/ros2_ws/cobot_fds/include/cobot_drive_main.hpp:3[m[K,
[4.518s]                  from [01m[K/workspace/ros2_ws/cobot_fds/src/cobot_drive_main.cpp:22[m[K:
[4.518s] [01m[K/workspace/ros2_ws/cobot_fds/include/drive.h:[m[K At global scope:
[4.518s] [01m[K/workspace/ros2_ws/cobot_fds/include/drive.h:47:17:[m[K [01;35m[Kwarning: [m[Kâ€˜[01m[Kvector2d normalize(const vector2d&, double)[m[Kâ€™ defined but not used [[01;35m[K-Wunused-function[m[K]
[4.518s]    47 | static vector2d [01;35m[Knormalize[m[K(const vector2d& v, double len) {
[4.518s]       |                 [01;35m[K^~~~~~~~~[m[K
[4.556s] gmake[2]: *** [CMakeFiles/cobot_drive_main.dir/build.make:90: CMakeFiles/cobot_drive_main.dir/src/cobot_drive_main.cpp.o] Error 1
[4.556s] gmake[1]: *** [CMakeFiles/Makefile2:137: CMakeFiles/cobot_drive_main.dir/all] Error 2
[4.557s] gmake: *** [Makefile:146: all] Error 2
[4.561s] Invoked command in '/workspace/ros2_ws/build/cobot_fds' returned '2': CMAKE_PREFIX_PATH=${CMAKE_PREFIX_PATH}:/opt/ros/iron /usr/bin/cmake --build /workspace/ros2_ws/build/cobot_fds -- -j8 -l8
