[0.023s] Invoking command in '/workspace/ros2_ws/build/cobot_fds': CMAKE_PREFIX_PATH=${CMAKE_PREFIX_PATH}:/opt/ros/iron /usr/bin/cmake --build /workspace/ros2_ws/build/cobot_fds -- -j8 -l8
[0.087s] [35m[1mConsolidate compiler generated dependencies of target cobot_drive_main[0m
[0.116s] [ 33%] [32mBuilding CXX object CMakeFiles/cobot_drive_main.dir/src/cobot_drive_main.cpp.o[0m
[3.583s] In file included from [01m[K/workspace/ros2_ws/cobot_fds/src/cobot_drive_main.cpp:22[m[K:
[3.583s] [01m[K/workspace/ros2_ws/cobot_fds/include/cobot_drive_main.hpp:32:5:[m[K [01;31m[Kerror: [m[Kreturn type specification for constructor invalid
[3.583s]    32 |     [01;31m[Kvoid[m[K cobot_drive_main();
[3.583s]       |     [01;31m[K^~~~[m[K
[3.586s] [01m[K/workspace/ros2_ws/cobot_fds/src/cobot_drive_main.cpp:35:1:[m[K [01;31m[Kerror: [m[Kreturn type specification for constructor invalid
[3.586s]    35 | [01;31m[Kvoid[m[K cobot_drive_main::cobot_drive_main(){
[3.586s]       | [01;31m[K^~~~[m[K
[3.586s] [01m[K/workspace/ros2_ws/cobot_fds/src/cobot_drive_main.cpp:[m[K In constructor â€˜[01m[Kcobot_drive_main::cobot_drive_main()[m[Kâ€™:
[3.586s] [01m[K/workspace/ros2_ws/cobot_fds/src/cobot_drive_main.cpp:35:41:[m[K [01;31m[Kerror: [m[Kno matching function for call to â€˜[01m[Krclcpp::Node::Node()[m[Kâ€™
[3.586s]    35 | void cobot_drive_main::cobot_drive_main([01;31m[K)[m[K{
[3.586s]       |                                         [01;31m[K^[m[K
[3.587s] In file included from [01m[K/opt/ros/iron/include/rclcpp/rclcpp/executors/single_threaded_executor.hpp:28[m[K,
[3.587s]                  from [01m[K/opt/ros/iron/include/rclcpp/rclcpp/executors.hpp:22[m[K,
[3.587s]                  from [01m[K/opt/ros/iron/include/rclcpp/rclcpp/rclcpp.hpp:167[m[K,
[3.587s]                  from [01m[K/workspace/ros2_ws/cobot_fds/include/cobot_drive_main.hpp:5[m[K,
[3.587s]                  from [01m[K/workspace/ros2_ws/cobot_fds/src/cobot_drive_main.cpp:22[m[K:
[3.587s] [01m[K/opt/ros/iron/include/rclcpp/rclcpp/node.hpp:1579:3:[m[K [01;36m[Knote: [m[Kcandidate: â€˜[01m[Krclcpp::Node::Node(const rclcpp::Node&, const string&)[m[Kâ€™
[3.588s]  1579 |   [01;36m[KNode[m[K(
[3.588s]       |   [01;36m[K^~~~[m[K
[3.588s] [01m[K/opt/ros/iron/include/rclcpp/rclcpp/node.hpp:1579:3:[m[K [01;36m[Knote: [m[K  candidate expects 2 arguments, 0 provided
[3.588s] [01m[K/opt/ros/iron/include/rclcpp/rclcpp/node.hpp:102:12:[m[K [01;36m[Knote: [m[Kcandidate: â€˜[01m[Krclcpp::Node::Node(const string&, const string&, const rclcpp::NodeOptions&)[m[Kâ€™
[3.588s]   102 |   explicit [01;36m[KNode[m[K(
[3.589s]       |            [01;36m[K^~~~[m[K
[3.589s] [01m[K/opt/ros/iron/include/rclcpp/rclcpp/node.hpp:102:12:[m[K [01;36m[Knote: [m[K  candidate expects 3 arguments, 0 provided
[3.589s] [01m[K/opt/ros/iron/include/rclcpp/rclcpp/node.hpp:90:12:[m[K [01;36m[Knote: [m[Kcandidate: â€˜[01m[Krclcpp::Node::Node(const string&, const rclcpp::NodeOptions&)[m[Kâ€™
[3.589s]    90 |   explicit [01;36m[KNode[m[K(
[3.589s]       |            [01;36m[K^~~~[m[K
[3.589s] [01m[K/opt/ros/iron/include/rclcpp/rclcpp/node.hpp:90:12:[m[K [01;36m[Knote: [m[K  candidate expects 2 arguments, 0 provided
[3.589s] [01m[K/workspace/ros2_ws/cobot_fds/src/cobot_drive_main.cpp:[m[K In member function â€˜[01m[Kvoid cobot_drive_main::timerEvent()[m[Kâ€™:
[3.590s] [01m[K/workspace/ros2_ws/cobot_fds/src/cobot_drive_main.cpp:120:30:[m[K [01;31m[Kerror: [m[Kinvalid use of member function â€˜[01m[Krclcpp::Clock::ConstSharedPtr rclcpp::Node::get_clock() const[m[Kâ€™ (did you forget the â€˜[01m[K()[m[Kâ€™ ?)
[3.590s]   120 |       t.header.stamp = [01;31m[Kthis->get_clock[m[K->now();
[3.590s]       |                        [01;31m[K~~~~~~^~~~~~~~~[m[K
[3.590s]       |                                       [32m[K()[m[K
[3.590s] [01m[K/workspace/ros2_ws/cobot_fds/src/cobot_drive_main.cpp:128:7:[m[K [01;31m[Kerror: [m[Kâ€˜[01m[Ktf2[m[Kâ€™ has not been declared
[3.591s]   128 |       [01;31m[Ktf2[m[K::Quaternion q;
[3.591s]       |       [01;31m[K^~~[m[K
[3.595s] [01m[K/workspace/ros2_ws/cobot_fds/src/cobot_drive_main.cpp:129:7:[m[K [01;31m[Kerror: [m[Kâ€˜[01m[Kq[m[Kâ€™ was not declared in this scope
[3.595s]   129 |       [01;31m[Kq[m[K.setRPY(0, 0, curAngle);
[3.595s]       |       [01;31m[K^[m[K
[3.601s] [01m[K/workspace/ros2_ws/cobot_fds/src/cobot_drive_main.cpp:[m[K In function â€˜[01m[Kint main(int, char**)[m[Kâ€™:
[3.602s] [01m[K/workspace/ros2_ws/cobot_fds/src/cobot_drive_main.cpp:178:3:[m[K [01;31m[Kerror: [m[Kâ€˜[01m[KcobotDrive[m[Kâ€™ was not declared in this scope; did you mean â€˜[01m[KCobotDrive[m[Kâ€™?
[3.602s]   178 |   [01;31m[KcobotDrive[m[K = new CobotDrive(motorProps);
[3.602s]       |   [01;31m[K^~~~~~~~~~[m[K
[3.602s]       |   [32m[KCobotDrive[m[K
[3.602s] [01m[K/workspace/ros2_ws/cobot_fds/src/cobot_drive_main.cpp:200:28:[m[K [01;31m[Kerror: [m[Kinvalid initialization of reference of type â€˜[01m[Kconst rclcpp::InitOptions&[m[Kâ€™ from expression of type â€˜[01m[Kconst char [20][m[Kâ€™
[3.603s]   200 |   rclcpp::init(argc, argv, [01;31m[K"Cobot2_Drive_Module"[m[K);
[3.603s]       |                            [01;31m[K^~~~~~~~~~~~~~~~~~~~~[m[K
[3.603s] In file included from [01m[K/opt/ros/iron/include/rclcpp/rclcpp/logging.hpp:25[m[K,
[3.603s]                  from [01m[K/opt/ros/iron/include/rclcpp/rclcpp/client.hpp:43[m[K,
[3.603s]                  from [01m[K/opt/ros/iron/include/rclcpp/rclcpp/callback_group.hpp:24[m[K,
[3.603s]                  from [01m[K/opt/ros/iron/include/rclcpp/rclcpp/any_executable.hpp:20[m[K,
[3.604s]                  from [01m[K/opt/ros/iron/include/rclcpp/rclcpp/memory_strategy.hpp:25[m[K,
[3.604s]                  from [01m[K/opt/ros/iron/include/rclcpp/rclcpp/memory_strategies.hpp:18[m[K,
[3.604s]                  from [01m[K/opt/ros/iron/include/rclcpp/rclcpp/executor_options.hpp:20[m[K,
[3.604s]                  from [01m[K/opt/ros/iron/include/rclcpp/rclcpp/executor.hpp:37[m[K,
[3.604s]                  from [01m[K/opt/ros/iron/include/rclcpp/rclcpp/executors/multi_threaded_executor.hpp:25[m[K,
[3.605s]                  from [01m[K/opt/ros/iron/include/rclcpp/rclcpp/executors.hpp:21[m[K,
[3.605s]                  from [01m[K/opt/ros/iron/include/rclcpp/rclcpp/rclcpp.hpp:167[m[K,
[3.605s]                  from [01m[K/workspace/ros2_ws/cobot_fds/include/cobot_drive_main.hpp:5[m[K,
[3.605s]                  from [01m[K/workspace/ros2_ws/cobot_fds/src/cobot_drive_main.cpp:22[m[K:
[3.605s] [01m[K/opt/ros/iron/include/rclcpp/rclcpp/utilities.hpp:78:23:[m[K [01;36m[Knote: [m[Kin passing argument 3 of â€˜[01m[Kvoid rclcpp::init(int, const char* const*, const rclcpp::InitOptions&, rclcpp::SignalHandlerOptions)[m[Kâ€™
[3.605s]    78 |   [01;36m[Kconst InitOptions & init_options = InitOptions()[m[K,
[3.606s]       |   [01;36m[K~~~~~~~~~~~~~~~~~~~~^~~~~~~~~~~~~~~~~~~~~~~~~~~~[m[K
[3.608s] [01m[K/workspace/ros2_ws/cobot_fds/src/cobot_drive_main.cpp:202:3:[m[K [01;31m[Kerror: [m[Kâ€˜[01m[Kdrive_sub[m[Kâ€™ was not declared in this scope
[3.608s]   202 |   [01;31m[Kdrive_sub[m[K = n.subscribe("Cobot/Drive", 1, cobotDriveCallback);
[3.609s]       |   [01;31m[K^~~~~~~~~[m[K
[3.613s] [01m[K/workspace/ros2_ws/cobot_fds/src/cobot_drive_main.cpp:202:15:[m[K [01;31m[Kerror: [m[Kâ€˜[01m[Kn[m[Kâ€™ was not declared in this scope; did you mean â€˜[01m[Kyn[m[Kâ€™?
[3.613s]   202 |   drive_sub = [01;31m[Kn[m[K.subscribe("Cobot/Drive", 1, cobotDriveCallback);
[3.613s]       |               [01;31m[K^[m[K
[3.613s]       |               [32m[Kyn[m[K
[3.622s] [01m[K/workspace/ros2_ws/cobot_fds/src/cobot_drive_main.cpp:202:45:[m[K [01;31m[Kerror: [m[Kâ€˜[01m[KcobotDriveCallback[m[Kâ€™ was not declared in this scope
[3.622s]   202 |   drive_sub = n.subscribe("Cobot/Drive", 1, [01;31m[KcobotDriveCallback[m[K);
[3.622s]       |                                             [01;31m[K^~~~~~~~~~~~~~~~~~[m[K
[3.632s] [01m[K/workspace/ros2_ws/cobot_fds/src/cobot_drive_main.cpp:203:3:[m[K [01;31m[Kerror: [m[Kâ€˜[01m[KcobotRawStatusPublisher[m[Kâ€™ was not declared in this scope
[3.632s]   203 |   [01;31m[KcobotRawStatusPublisher[m[K = n.advertise<messages::CobotRawStatus>("Cobot/RawStatus",1);
[3.633s]       |   [01;31m[K^~~~~~~~~~~~~~~~~~~~~~~[m[K
[3.633s] [01m[K/workspace/ros2_ws/cobot_fds/src/cobot_drive_main.cpp:203:51:[m[K [01;31m[Kerror: [m[Kâ€˜[01m[KCobotRawStatus[m[Kâ€™ is not a member of â€˜[01m[Kmessages[m[Kâ€™; did you mean â€˜[01m[Kmessages::msg::CobotRawStatus[m[Kâ€™?
[3.633s]   203 |   cobotRawStatusPublisher = n.advertise<messages::[01;31m[KCobotRawStatus[m[K>("Cobot/RawStatus",1);
[3.633s]       |                                                   [01;31m[K^~~~~~~~~~~~~~[m[K
[3.633s] In file included from [01m[K/workspace/ros2_ws/install/messages/include/messages/messages/msg/cobot_raw_status.hpp:7[m[K,
[3.634s]                  from [01m[K/workspace/ros2_ws/cobot_fds/include/cobot_drive_main.hpp:11[m[K,
[3.634s]                  from [01m[K/workspace/ros2_ws/cobot_fds/src/cobot_drive_main.cpp:22[m[K:
[3.634s] [01m[K/workspace/ros2_ws/install/messages/include/messages/messages/msg/detail/cobot_raw_status__struct.hpp:293:7:[m[K [01;36m[Knote: [m[Kâ€˜[01m[Kmessages::msg::CobotRawStatus[m[Kâ€™ declared here
[3.634s]   293 | using [01;36m[KCobotRawStatus[m[K =
[3.634s]       |       [01;36m[K^~~~~~~~~~~~~~[m[K
[3.635s] [01m[K/workspace/ros2_ws/cobot_fds/src/cobot_drive_main.cpp:203:67:[m[K [01;35m[Kwarning: [m[Kleft operand of comma operator has no effect [[01;35m[K-Wunused-value[m[K]
[3.635s]   203 |   cobotRawStatusPublisher = n.advertise<messages::CobotRawStatus>([01;35m[K"Cobot/RawStatus"[m[K,1);
[3.635s]       |                                                                   [01;35m[K^~~~~~~~~~~~~~~~~[m[K
[3.642s] [01m[K/workspace/ros2_ws/cobot_fds/src/cobot_drive_main.cpp:204:3:[m[K [01;31m[Kerror: [m[Kâ€˜[01m[KcobotOdometryPublisher[m[Kâ€™ was not declared in this scope
[3.643s]   204 |   [01;31m[KcobotOdometryPublisher[m[K = n.advertise<nav_msgs::Odometry>("Cobot/DriveRaw",1);
[3.643s]       |   [01;31m[K^~~~~~~~~~~~~~~~~~~~~~[m[K
[3.643s] [01m[K/workspace/ros2_ws/cobot_fds/src/cobot_drive_main.cpp:204:50:[m[K [01;31m[Kerror: [m[Kâ€˜[01m[KOdometry[m[Kâ€™ is not a member of â€˜[01m[Knav_msgs[m[Kâ€™; did you mean â€˜[01m[Knav_msgs::msg::Odometry[m[Kâ€™?
[3.644s]   204 |   cobotOdometryPublisher = n.advertise<nav_msgs::[01;31m[KOdometry[m[K>("Cobot/DriveRaw",1);
[3.644s]       |                                                  [01;31m[K^~~~~~~~[m[K
[3.644s] In file included from [01m[K/opt/ros/iron/include/nav_msgs/nav_msgs/msg/odometry.hpp:7[m[K,
[3.644s]                  from [01m[K/workspace/ros2_ws/cobot_fds/include/cobot_drive_main.hpp:7[m[K,
[3.644s]                  from [01m[K/workspace/ros2_ws/cobot_fds/src/cobot_drive_main.cpp:22[m[K:
[3.644s] [01m[K/opt/ros/iron/include/nav_msgs/nav_msgs/msg/detail/odometry__struct.hpp:172:7:[m[K [01;36m[Knote: [m[Kâ€˜[01m[Knav_msgs::msg::Odometry[m[Kâ€™ declared here
[3.644s]   172 | using [01;36m[KOdometry[m[K =
[3.645s]       |       [01;36m[K^~~~~~~~[m[K
[3.645s] [01m[K/workspace/ros2_ws/cobot_fds/src/cobot_drive_main.cpp:204:60:[m[K [01;35m[Kwarning: [m[Kleft operand of comma operator has no effect [[01;35m[K-Wunused-value[m[K]
[3.645s]   204 |   cobotOdometryPublisher = n.advertise<nav_msgs::Odometry>([01;35m[K"Cobot/DriveRaw"[m[K,1);
[3.645s]       |                                                            [01;35m[K^~~~~~~~~~~~~~~~[m[K
[3.649s] [01m[K/workspace/ros2_ws/cobot_fds/src/cobot_drive_main.cpp:205:3:[m[K [01;31m[Kerror: [m[Kâ€˜[01m[KtfBroadcaster[m[Kâ€™ was not declared in this scope
[3.650s]   205 |   [01;31m[KtfBroadcaster[m[K = new tf::TransformBroadcaster();
[3.650s]       |   [01;31m[K^~~~~~~~~~~~~[m[K
[3.651s] [01m[K/workspace/ros2_ws/cobot_fds/src/cobot_drive_main.cpp:205:23:[m[K [01;31m[Kerror: [m[Kâ€˜[01m[Ktf[m[Kâ€™ does not name a type; did you mean â€˜[01m[Ktm[m[Kâ€™?
[3.651s]   205 |   tfBroadcaster = new [01;31m[Ktf[m[K::TransformBroadcaster();
[3.651s]       |                       [01;31m[K^~[m[K
[3.652s]       |                       [32m[Ktm[m[K
[3.652s] [01m[K/workspace/ros2_ws/cobot_fds/src/cobot_drive_main.cpp:207:3:[m[K [01;31m[Kerror: [m[Kâ€˜[01m[Kros[m[Kâ€™ has not been declared
[3.652s]   207 |   [01;31m[Kros[m[K::Timer timer = n.createTimer(ros::Duration(1.0), timerEvent);
[3.652s]       |   [01;31m[K^~~[m[K
[3.652s] [01m[K/workspace/ros2_ws/cobot_fds/src/cobot_drive_main.cpp:211:17:[m[K [01;31m[Kerror: [m[Kno matching function for call to â€˜[01m[Kspin()[m[Kâ€™
[3.652s]   211 |     [01;31m[Krclcpp::spin()[m[K;
[3.652s]       |     [01;31m[K~~~~~~~~~~~~^~[m[K
[3.652s] In file included from [01m[K/opt/ros/iron/include/rclcpp/rclcpp/rclcpp.hpp:167[m[K,
[3.653s]                  from [01m[K/workspace/ros2_ws/cobot_fds/include/cobot_drive_main.hpp:5[m[K,
[3.653s]                  from [01m[K/workspace/ros2_ws/cobot_fds/src/cobot_drive_main.cpp:22[m[K:
[3.653s] [01m[K/opt/ros/iron/include/rclcpp/rclcpp/executors.hpp:46:1:[m[K [01;36m[Knote: [m[Kcandidate: â€˜[01m[Kvoid rclcpp::spin(rclcpp::node_interfaces::NodeBaseInterface::SharedPtr)[m[Kâ€™
[3.653s]    46 | [01;36m[Kspin[m[K(rclcpp::node_interfaces::NodeBaseInterface::SharedPtr node_ptr);
[3.653s]       | [01;36m[K^~~~[m[K
[3.653s] [01m[K/opt/ros/iron/include/rclcpp/rclcpp/executors.hpp:46:1:[m[K [01;36m[Knote: [m[K  candidate expects 1 argument, 0 provided
[3.653s] [01m[K/opt/ros/iron/include/rclcpp/rclcpp/executors.hpp:50:1:[m[K [01;36m[Knote: [m[Kcandidate: â€˜[01m[Kvoid rclcpp::spin(rclcpp::Node::SharedPtr)[m[Kâ€™
[3.654s]    50 | [01;36m[Kspin[m[K(rclcpp::Node::SharedPtr node_ptr);
[3.654s]       | [01;36m[K^~~~[m[K
[3.654s] [01m[K/opt/ros/iron/include/rclcpp/rclcpp/executors.hpp:50:1:[m[K [01;36m[Knote: [m[K  candidate expects 1 argument, 0 provided
[4.463s] In file included from [01m[K/workspace/ros2_ws/cobot_fds/include/cobot_drive_main.hpp:3[m[K,
[4.464s]                  from [01m[K/workspace/ros2_ws/cobot_fds/src/cobot_drive_main.cpp:22[m[K:
[4.464s] [01m[K/workspace/ros2_ws/cobot_fds/include/drive.h:[m[K At global scope:
[4.464s] [01m[K/workspace/ros2_ws/cobot_fds/include/drive.h:47:17:[m[K [01;35m[Kwarning: [m[Kâ€˜[01m[Kvector2d normalize(const vector2d&, double)[m[Kâ€™ defined but not used [[01;35m[K-Wunused-function[m[K]
[4.464s]    47 | static vector2d [01;35m[Knormalize[m[K(const vector2d& v, double len) {
[4.464s]       |                 [01;35m[K^~~~~~~~~[m[K
[4.495s] gmake[2]: *** [CMakeFiles/cobot_drive_main.dir/build.make:90: CMakeFiles/cobot_drive_main.dir/src/cobot_drive_main.cpp.o] Error 1
[4.495s] gmake[1]: *** [CMakeFiles/Makefile2:137: CMakeFiles/cobot_drive_main.dir/all] Error 2
[4.495s] gmake: *** [Makefile:146: all] Error 2
[4.499s] Invoked command in '/workspace/ros2_ws/build/cobot_fds' returned '2': CMAKE_PREFIX_PATH=${CMAKE_PREFIX_PATH}:/opt/ros/iron /usr/bin/cmake --build /workspace/ros2_ws/build/cobot_fds -- -j8 -l8
