[0.022s] Invoking command in '/workspace/ros2_ws/build/cobot_fds': CMAKE_PREFIX_PATH=${CMAKE_PREFIX_PATH}:/opt/ros/iron /usr/bin/cmake --build /workspace/ros2_ws/build/cobot_fds -- -j8 -l8
[0.116s] [ 33%] [32mBuilding CXX object CMakeFiles/cobot_drive_main.dir/src/cobot_drive_main.cpp.o[0m
[3.730s] In file included from [01m[K/workspace/ros2_ws/cobot_fds/src/cobot_drive_main.cpp:22[m[K:
[3.730s] [01m[K/workspace/ros2_ws/cobot_fds/include/cobot_drive_main.hpp:29:5:[m[K [01;31m[Kerror: [m[Kâ€˜[01m[Ktf_broadcaster_[m[Kâ€™ does not name a type
[3.730s]    29 |     [01;31m[Ktf_broadcaster_[m[K = std::make_unique<tf2_ros::TransformBroadcaster>(*this);
[3.731s]       |     [01;31m[K^~~~~~~~~~~~~~~[m[K
[3.734s] [01m[K/workspace/ros2_ws/cobot_fds/src/cobot_drive_main.cpp:[m[K In member function â€˜[01m[Kvoid cobot_drive_main::timerEvent()[m[Kâ€™:
[3.734s] [01m[K/workspace/ros2_ws/cobot_fds/src/cobot_drive_main.cpp:130:30:[m[K [01;31m[Kerror: [m[Kinvalid use of member function â€˜[01m[Krclcpp::Clock::ConstSharedPtr rclcpp::Node::get_clock() const[m[Kâ€™ (did you forget the â€˜[01m[K()[m[Kâ€™ ?)
[3.734s]   130 |       t.header.stamp = [01;31m[Kthis->get_clock[m[K->now();
[3.735s]       |                        [01;31m[K~~~~~~^~~~~~~~~[m[K
[3.735s]       |                                       [32m[K()[m[K
[3.735s] [01m[K/workspace/ros2_ws/cobot_fds/src/cobot_drive_main.cpp:138:7:[m[K [01;31m[Kerror: [m[Kâ€˜[01m[Ktf2[m[Kâ€™ has not been declared
[3.735s]   138 |       [01;31m[Ktf2[m[K::Quaternion q;
[3.735s]       |       [01;31m[K^~~[m[K
[3.739s] [01m[K/workspace/ros2_ws/cobot_fds/src/cobot_drive_main.cpp:139:7:[m[K [01;31m[Kerror: [m[Kâ€˜[01m[Kq[m[Kâ€™ was not declared in this scope
[3.739s]   139 |       [01;31m[Kq[m[K.setRPY(0, 0, curAngle);
[3.739s]       |       [01;31m[K^[m[K
[3.745s] [01m[K/workspace/ros2_ws/cobot_fds/src/cobot_drive_main.cpp:[m[K In function â€˜[01m[Kint main(int, char**)[m[Kâ€™:
[3.745s] [01m[K/workspace/ros2_ws/cobot_fds/src/cobot_drive_main.cpp:188:3:[m[K [01;31m[Kerror: [m[Kâ€˜[01m[KcobotDrive[m[Kâ€™ was not declared in this scope; did you mean â€˜[01m[KCobotDrive[m[Kâ€™?
[3.745s]   188 |   [01;31m[KcobotDrive[m[K = new CobotDrive(motorProps);
[3.745s]       |   [01;31m[K^~~~~~~~~~[m[K
[3.746s]       |   [32m[KCobotDrive[m[K
[3.746s] [01m[K/workspace/ros2_ws/cobot_fds/src/cobot_drive_main.cpp:210:28:[m[K [01;31m[Kerror: [m[Kinvalid initialization of reference of type â€˜[01m[Kconst rclcpp::InitOptions&[m[Kâ€™ from expression of type â€˜[01m[Kconst char [20][m[Kâ€™
[3.746s]   210 |   rclcpp::init(argc, argv, [01;31m[K"Cobot2_Drive_Module"[m[K);
[3.746s]       |                            [01;31m[K^~~~~~~~~~~~~~~~~~~~~[m[K
[3.746s] In file included from [01m[K/opt/ros/iron/include/rclcpp/rclcpp/logging.hpp:25[m[K,
[3.746s]                  from [01m[K/opt/ros/iron/include/rclcpp/rclcpp/client.hpp:43[m[K,
[3.747s]                  from [01m[K/opt/ros/iron/include/rclcpp/rclcpp/callback_group.hpp:24[m[K,
[3.747s]                  from [01m[K/opt/ros/iron/include/rclcpp/rclcpp/any_executable.hpp:20[m[K,
[3.747s]                  from [01m[K/opt/ros/iron/include/rclcpp/rclcpp/memory_strategy.hpp:25[m[K,
[3.747s]                  from [01m[K/opt/ros/iron/include/rclcpp/rclcpp/memory_strategies.hpp:18[m[K,
[3.747s]                  from [01m[K/opt/ros/iron/include/rclcpp/rclcpp/executor_options.hpp:20[m[K,
[3.747s]                  from [01m[K/opt/ros/iron/include/rclcpp/rclcpp/executor.hpp:37[m[K,
[3.748s]                  from [01m[K/opt/ros/iron/include/rclcpp/rclcpp/executors/multi_threaded_executor.hpp:25[m[K,
[3.748s]                  from [01m[K/opt/ros/iron/include/rclcpp/rclcpp/executors.hpp:21[m[K,
[3.748s]                  from [01m[K/opt/ros/iron/include/rclcpp/rclcpp/rclcpp.hpp:167[m[K,
[3.748s]                  from [01m[K/workspace/ros2_ws/cobot_fds/include/cobot_drive_main.hpp:5[m[K,
[3.748s]                  from [01m[K/workspace/ros2_ws/cobot_fds/src/cobot_drive_main.cpp:22[m[K:
[3.748s] [01m[K/opt/ros/iron/include/rclcpp/rclcpp/utilities.hpp:78:23:[m[K [01;36m[Knote: [m[Kin passing argument 3 of â€˜[01m[Kvoid rclcpp::init(int, const char* const*, const rclcpp::InitOptions&, rclcpp::SignalHandlerOptions)[m[Kâ€™
[3.748s]    78 |   [01;36m[Kconst InitOptions & init_options = InitOptions()[m[K,
[3.749s]       |   [01;36m[K~~~~~~~~~~~~~~~~~~~~^~~~~~~~~~~~~~~~~~~~~~~~~~~~[m[K
[3.750s] [01m[K/workspace/ros2_ws/cobot_fds/src/cobot_drive_main.cpp:212:3:[m[K [01;31m[Kerror: [m[Kâ€˜[01m[Kdrive_sub[m[Kâ€™ was not declared in this scope
[3.751s]   212 |   [01;31m[Kdrive_sub[m[K = n.subscribe("Cobot/Drive", 1, cobotDriveCallback);
[3.751s]       |   [01;31m[K^~~~~~~~~[m[K
[3.754s] [01m[K/workspace/ros2_ws/cobot_fds/src/cobot_drive_main.cpp:212:15:[m[K [01;31m[Kerror: [m[Kâ€˜[01m[Kn[m[Kâ€™ was not declared in this scope; did you mean â€˜[01m[Kyn[m[Kâ€™?
[3.755s]   212 |   drive_sub = [01;31m[Kn[m[K.subscribe("Cobot/Drive", 1, cobotDriveCallback);
[3.755s]       |               [01;31m[K^[m[K
[3.755s]       |               [32m[Kyn[m[K
[3.761s] [01m[K/workspace/ros2_ws/cobot_fds/src/cobot_drive_main.cpp:212:45:[m[K [01;31m[Kerror: [m[Kâ€˜[01m[KcobotDriveCallback[m[Kâ€™ was not declared in this scope
[3.762s]   212 |   drive_sub = n.subscribe("Cobot/Drive", 1, [01;31m[KcobotDriveCallback[m[K);
[3.762s]       |                                             [01;31m[K^~~~~~~~~~~~~~~~~~[m[K
[3.771s] [01m[K/workspace/ros2_ws/cobot_fds/src/cobot_drive_main.cpp:213:3:[m[K [01;31m[Kerror: [m[Kâ€˜[01m[KcobotRawStatusPublisher[m[Kâ€™ was not declared in this scope
[3.771s]   213 |   [01;31m[KcobotRawStatusPublisher[m[K = n.advertise<messages::CobotRawStatus>("Cobot/RawStatus",1);
[3.771s]       |   [01;31m[K^~~~~~~~~~~~~~~~~~~~~~~[m[K
[3.772s] [01m[K/workspace/ros2_ws/cobot_fds/src/cobot_drive_main.cpp:213:51:[m[K [01;31m[Kerror: [m[Kâ€˜[01m[KCobotRawStatus[m[Kâ€™ is not a member of â€˜[01m[Kmessages[m[Kâ€™; did you mean â€˜[01m[Kmessages::msg::CobotRawStatus[m[Kâ€™?
[3.772s]   213 |   cobotRawStatusPublisher = n.advertise<messages::[01;31m[KCobotRawStatus[m[K>("Cobot/RawStatus",1);
[3.772s]       |                                                   [01;31m[K^~~~~~~~~~~~~~[m[K
[3.772s] In file included from [01m[K/workspace/ros2_ws/install/messages/include/messages/messages/msg/cobot_raw_status.hpp:7[m[K,
[3.772s]                  from [01m[K/workspace/ros2_ws/cobot_fds/include/cobot_drive_main.hpp:11[m[K,
[3.772s]                  from [01m[K/workspace/ros2_ws/cobot_fds/src/cobot_drive_main.cpp:22[m[K:
[3.773s] [01m[K/workspace/ros2_ws/install/messages/include/messages/messages/msg/detail/cobot_raw_status__struct.hpp:293:7:[m[K [01;36m[Knote: [m[Kâ€˜[01m[Kmessages::msg::CobotRawStatus[m[Kâ€™ declared here
[3.773s]   293 | using [01;36m[KCobotRawStatus[m[K =
[3.773s]       |       [01;36m[K^~~~~~~~~~~~~~[m[K
[3.773s] [01m[K/workspace/ros2_ws/cobot_fds/src/cobot_drive_main.cpp:213:67:[m[K [01;35m[Kwarning: [m[Kleft operand of comma operator has no effect [[01;35m[K-Wunused-value[m[K]
[3.773s]   213 |   cobotRawStatusPublisher = n.advertise<messages::CobotRawStatus>([01;35m[K"Cobot/RawStatus"[m[K,1);
[3.773s]       |                                                                   [01;35m[K^~~~~~~~~~~~~~~~~[m[K
[3.780s] [01m[K/workspace/ros2_ws/cobot_fds/src/cobot_drive_main.cpp:214:3:[m[K [01;31m[Kerror: [m[Kâ€˜[01m[KcobotOdometryPublisher[m[Kâ€™ was not declared in this scope
[3.780s]   214 |   [01;31m[KcobotOdometryPublisher[m[K = n.advertise<nav_msgs::Odometry>("Cobot/DriveRaw",1);
[3.780s]       |   [01;31m[K^~~~~~~~~~~~~~~~~~~~~~[m[K
[3.781s] [01m[K/workspace/ros2_ws/cobot_fds/src/cobot_drive_main.cpp:214:50:[m[K [01;31m[Kerror: [m[Kâ€˜[01m[KOdometry[m[Kâ€™ is not a member of â€˜[01m[Knav_msgs[m[Kâ€™; did you mean â€˜[01m[Knav_msgs::msg::Odometry[m[Kâ€™?
[3.781s]   214 |   cobotOdometryPublisher = n.advertise<nav_msgs::[01;31m[KOdometry[m[K>("Cobot/DriveRaw",1);
[3.781s]       |                                                  [01;31m[K^~~~~~~~[m[K
[3.781s] In file included from [01m[K/opt/ros/iron/include/nav_msgs/nav_msgs/msg/odometry.hpp:7[m[K,
[3.782s]                  from [01m[K/workspace/ros2_ws/cobot_fds/include/cobot_drive_main.hpp:7[m[K,
[3.782s]                  from [01m[K/workspace/ros2_ws/cobot_fds/src/cobot_drive_main.cpp:22[m[K:
[3.782s] [01m[K/opt/ros/iron/include/nav_msgs/nav_msgs/msg/detail/odometry__struct.hpp:172:7:[m[K [01;36m[Knote: [m[Kâ€˜[01m[Knav_msgs::msg::Odometry[m[Kâ€™ declared here
[3.782s]   172 | using [01;36m[KOdometry[m[K =
[3.782s]       |       [01;36m[K^~~~~~~~[m[K
[3.782s] [01m[K/workspace/ros2_ws/cobot_fds/src/cobot_drive_main.cpp:214:60:[m[K [01;35m[Kwarning: [m[Kleft operand of comma operator has no effect [[01;35m[K-Wunused-value[m[K]
[3.782s]   214 |   cobotOdometryPublisher = n.advertise<nav_msgs::Odometry>([01;35m[K"Cobot/DriveRaw"[m[K,1);
[3.783s]       |                                                            [01;35m[K^~~~~~~~~~~~~~~~[m[K
[3.787s] [01m[K/workspace/ros2_ws/cobot_fds/src/cobot_drive_main.cpp:215:3:[m[K [01;31m[Kerror: [m[Kâ€˜[01m[KtfBroadcaster[m[Kâ€™ was not declared in this scope
[3.787s]   215 |   [01;31m[KtfBroadcaster[m[K = new tf::TransformBroadcaster();
[3.787s]       |   [01;31m[K^~~~~~~~~~~~~[m[K
[3.788s] [01m[K/workspace/ros2_ws/cobot_fds/src/cobot_drive_main.cpp:215:23:[m[K [01;31m[Kerror: [m[Kâ€˜[01m[Ktf[m[Kâ€™ does not name a type; did you mean â€˜[01m[Ktm[m[Kâ€™?
[3.788s]   215 |   tfBroadcaster = new [01;31m[Ktf[m[K::TransformBroadcaster();
[3.788s]       |                       [01;31m[K^~[m[K
[3.788s]       |                       [32m[Ktm[m[K
[3.788s] [01m[K/workspace/ros2_ws/cobot_fds/src/cobot_drive_main.cpp:217:3:[m[K [01;31m[Kerror: [m[Kâ€˜[01m[Kros[m[Kâ€™ has not been declared
[3.788s]   217 |   [01;31m[Kros[m[K::Timer timer = n.createTimer(ros::Duration(1.0), timerEvent);
[3.789s]       |   [01;31m[K^~~[m[K
[3.789s] [01m[K/workspace/ros2_ws/cobot_fds/src/cobot_drive_main.cpp:221:17:[m[K [01;31m[Kerror: [m[Kno matching function for call to â€˜[01m[Kspin()[m[Kâ€™
[3.789s]   221 |     [01;31m[Krclcpp::spin()[m[K;
[3.789s]       |     [01;31m[K~~~~~~~~~~~~^~[m[K
[3.789s] In file included from [01m[K/opt/ros/iron/include/rclcpp/rclcpp/rclcpp.hpp:167[m[K,
[3.789s]                  from [01m[K/workspace/ros2_ws/cobot_fds/include/cobot_drive_main.hpp:5[m[K,
[3.789s]                  from [01m[K/workspace/ros2_ws/cobot_fds/src/cobot_drive_main.cpp:22[m[K:
[3.790s] [01m[K/opt/ros/iron/include/rclcpp/rclcpp/executors.hpp:46:1:[m[K [01;36m[Knote: [m[Kcandidate: â€˜[01m[Kvoid rclcpp::spin(rclcpp::node_interfaces::NodeBaseInterface::SharedPtr)[m[Kâ€™
[3.790s]    46 | [01;36m[Kspin[m[K(rclcpp::node_interfaces::NodeBaseInterface::SharedPtr node_ptr);
[3.790s]       | [01;36m[K^~~~[m[K
[3.790s] [01m[K/opt/ros/iron/include/rclcpp/rclcpp/executors.hpp:46:1:[m[K [01;36m[Knote: [m[K  candidate expects 1 argument, 0 provided
[3.790s] [01m[K/opt/ros/iron/include/rclcpp/rclcpp/executors.hpp:50:1:[m[K [01;36m[Knote: [m[Kcandidate: â€˜[01m[Kvoid rclcpp::spin(rclcpp::Node::SharedPtr)[m[Kâ€™
[3.790s]    50 | [01;36m[Kspin[m[K(rclcpp::Node::SharedPtr node_ptr);
[3.790s]       | [01;36m[K^~~~[m[K
[3.791s] [01m[K/opt/ros/iron/include/rclcpp/rclcpp/executors.hpp:50:1:[m[K [01;36m[Knote: [m[K  candidate expects 1 argument, 0 provided
[4.336s] In file included from [01m[K/workspace/ros2_ws/cobot_fds/include/cobot_drive_main.hpp:3[m[K,
[4.336s]                  from [01m[K/workspace/ros2_ws/cobot_fds/src/cobot_drive_main.cpp:22[m[K:
[4.336s] [01m[K/workspace/ros2_ws/cobot_fds/include/drive.h:[m[K At global scope:
[4.336s] [01m[K/workspace/ros2_ws/cobot_fds/include/drive.h:47:17:[m[K [01;35m[Kwarning: [m[Kâ€˜[01m[Kvector2d normalize(const vector2d&, double)[m[Kâ€™ defined but not used [[01;35m[K-Wunused-function[m[K]
[4.337s]    47 | static vector2d [01;35m[Knormalize[m[K(const vector2d& v, double len) {
[4.337s]       |                 [01;35m[K^~~~~~~~~[m[K
[4.363s] gmake[2]: *** [CMakeFiles/cobot_drive_main.dir/build.make:90: CMakeFiles/cobot_drive_main.dir/src/cobot_drive_main.cpp.o] Error 1
[4.363s] gmake[1]: *** [CMakeFiles/Makefile2:137: CMakeFiles/cobot_drive_main.dir/all] Error 2
[4.364s] gmake: *** [Makefile:146: all] Error 2
[4.366s] Invoked command in '/workspace/ros2_ws/build/cobot_fds' returned '2': CMAKE_PREFIX_PATH=${CMAKE_PREFIX_PATH}:/opt/ros/iron /usr/bin/cmake --build /workspace/ros2_ws/build/cobot_fds -- -j8 -l8
