[0.021s] Invoking command in '/workspace/ros2_ws/build/cobot_fds': CMAKE_PREFIX_PATH=${CMAKE_PREFIX_PATH}:/opt/ros/iron /usr/bin/cmake --build /workspace/ros2_ws/build/cobot_fds -- -j8 -l8
[0.074s] [35m[1mConsolidate compiler generated dependencies of target cobot_drive_main[0m
[0.102s] [ 33%] [32mBuilding CXX object CMakeFiles/cobot_drive_main.dir/src/cobot_drive_main.cpp.o[0m
[3.397s] [01m[K/workspace/ros2_ws/cobot_fds/src/cobot_drive_main.cpp:31:64:[m[K [01;31m[Kerror: [m[Kâ€˜[01m[KTwistStampedPtr[m[Kâ€™ in namespace â€˜[01m[Kgeometry_msgs[m[Kâ€™ does not name a type
[3.397s]    31 | void cobot_drive_main::cobotDriveCallback(const geometry_msgs::[01;31m[KTwistStampedPtr[m[K& msg) {
[3.397s]       |                                                                [01;31m[K^~~~~~~~~~~~~~~[m[K
[3.397s] [01m[K/workspace/ros2_ws/cobot_fds/src/cobot_drive_main.cpp:31:6:[m[K [01;31m[Kerror: [m[Kno declaration matches â€˜[01m[Kvoid cobot_drive_main::cobotDriveCallback(const int&)[m[Kâ€™
[3.397s]    31 | void [01;31m[Kcobot_drive_main[m[K::cobotDriveCallback(const geometry_msgs::TwistStampedPtr& msg) {
[3.397s]       |      [01;31m[K^~~~~~~~~~~~~~~~[m[K
[3.398s] In file included from [01m[K/workspace/ros2_ws/cobot_fds/src/cobot_drive_main.cpp:22[m[K:
[3.398s] [01m[K/workspace/ros2_ws/cobot_fds/include/cobot_drive_main.hpp:29:10:[m[K [01;36m[Knote: [m[Kcandidate is: â€˜[01m[Kvoid cobot_drive_main::cobotDriveCallback(geometry_msgs::msg::TwistStamped_<std::allocator<void> >::SharedPtr)[m[Kâ€™
[3.398s]    29 |     void [01;36m[KcobotDriveCallback[m[K(const geometry_msgs::msg::TwistStamped::SharedPtr msg);
[3.398s]       |          [01;36m[K^~~~~~~~~~~~~~~~~~[m[K
[3.398s] [01m[K/workspace/ros2_ws/cobot_fds/include/cobot_drive_main.hpp:14:7:[m[K [01;36m[Knote: [m[Kâ€˜[01m[Kclass cobot_drive_main[m[Kâ€™ defined here
[3.398s]    14 | class [01;36m[Kcobot_drive_main[m[K : public rclcpp::Node
[3.398s]       |       [01;36m[K^~~~~~~~~~~~~~~~[m[K
[3.398s] [01m[K/workspace/ros2_ws/cobot_fds/src/cobot_drive_main.cpp:[m[K In function â€˜[01m[Kvoid timerEvent()[m[Kâ€™:
[3.399s] [01m[K/workspace/ros2_ws/cobot_fds/src/cobot_drive_main.cpp:37:29:[m[K [01;31m[Kerror: [m[Kâ€˜[01m[Know[m[Kâ€™ is not a member of â€˜[01m[Krclcpp::Time[m[Kâ€™
[3.399s]    37 |   auto tNow = rclcpp::Time::[01;31m[Know[m[K();
[3.399s]       |                             [01;31m[K^~~[m[K
[3.402s] [01m[K/workspace/ros2_ws/cobot_fds/src/cobot_drive_main.cpp:46:3:[m[K [01;31m[Kerror: [m[Kâ€˜[01m[KcobotDrive[m[Kâ€™ was not declared in this scope; did you mean â€˜[01m[KCobotDrive[m[Kâ€™?
[3.402s]    46 |   [01;31m[KcobotDrive[m[K->run();
[3.402s]       |   [01;31m[K^~~~~~~~~~[m[K
[3.402s]       |   [32m[KCobotDrive[m[K
[3.402s] [01m[K/workspace/ros2_ws/cobot_fds/src/cobot_drive_main.cpp:65:15:[m[K [01;31m[Kerror: [m[Kâ€˜[01m[Kmessages::msgs[m[Kâ€™ has not been declared
[3.402s]    65 |     messages::[01;31m[Kmsgs[m[K::cobot_raw_status cobotRawStatusMsg;
[3.403s]       |               [01;31m[K^~~~[m[K
[3.409s] [01m[K/workspace/ros2_ws/cobot_fds/src/cobot_drive_main.cpp:66:5:[m[K [01;31m[Kerror: [m[Kâ€˜[01m[KcobotRawStatusMsg[m[Kâ€™ was not declared in this scope
[3.410s]    66 |     [01;31m[KcobotRawStatusMsg[m[K.dr = dr;
[3.410s]       |     [01;31m[K^~~~~~~~~~~~~~~~~[m[K
[3.410s] [01m[K/workspace/ros2_ws/cobot_fds/src/cobot_drive_main.cpp:86:24:[m[K [01;31m[Kerror: [m[Kâ€˜[01m[Kusing _header_type = struct std_msgs::msg::Header_<std::allocator<void> >[m[Kâ€™ {aka â€˜[01m[Kstruct std_msgs::msg::Header_<std::allocator<void> >[m[Kâ€™} has no member named â€˜[01m[Kseq[m[Kâ€™
[3.410s]    86 |     odometryMsg.header.[01;31m[Kseq[m[K ++;
[3.410s]       |                        [01;31m[K^~~[m[K
[3.410s] [01m[K/workspace/ros2_ws/cobot_fds/src/cobot_drive_main.cpp:87:46:[m[K [01;31m[Kerror: [m[Kâ€˜[01m[Know[m[Kâ€™ is not a member of â€˜[01m[Krclcpp::Time[m[Kâ€™
[3.411s]    87 |     odometryMsg.header.stamp = rclcpp::Time::[01;31m[Know[m[K();
[3.411s]       |                                              [01;31m[K^~~[m[K
[3.420s] [01m[K/workspace/ros2_ws/cobot_fds/src/cobot_drive_main.cpp:112:7:[m[K [01;31m[Kerror: [m[Kâ€˜[01m[KcobotRawStatusPublisher[m[Kâ€™ was not declared in this scope
[3.420s]   112 |       [01;31m[KcobotRawStatusPublisher[m[K->publish(cobotRawStatusMsg);
[3.420s]       |       [01;31m[K^~~~~~~~~~~~~~~~~~~~~~~[m[K
[3.420s] [01m[K/workspace/ros2_ws/cobot_fds/src/cobot_drive_main.cpp:114:7:[m[K [01;31m[Kerror: [m[Kâ€˜[01m[Ktf[m[Kâ€™ has not been declared
[3.421s]   114 |       [01;31m[Ktf[m[K::Transform transform;
[3.421s]       |       [01;31m[K^~[m[K
[3.421s] [01m[K/workspace/ros2_ws/cobot_fds/src/cobot_drive_main.cpp:115:7:[m[K [01;31m[Kerror: [m[Kâ€˜[01m[Ktransform[m[Kâ€™ was not declared in this scope; did you mean â€˜[01m[Kstd::transform[m[Kâ€™?
[3.421s]   115 |       [01;31m[Ktransform[m[K.setOrigin(tf::Vector3(curLoc[0],curLoc[1], 0.0));
[3.421s]       |       [01;31m[K^~~~~~~~~[m[K
[3.421s]       |       [32m[Kstd::transform[m[K
[3.421s] In file included from [01m[K/usr/include/c++/11/algorithm:74[m[K,
[3.422s]                  from [01m[K/workspace/ros2_ws/cobot_fds/include/drive.h:29[m[K,
[3.422s]                  from [01m[K/workspace/ros2_ws/cobot_fds/include/cobot_drive_main.hpp:3[m[K,
[3.422s]                  from [01m[K/workspace/ros2_ws/cobot_fds/src/cobot_drive_main.cpp:22[m[K:
[3.422s] [01m[K/usr/include/c++/11/pstl/glue_algorithm_defs.h:162:1:[m[K [01;36m[Knote: [m[Kâ€˜[01m[Kstd::transform[m[Kâ€™ declared here
[3.422s]   162 | [01;36m[Ktransform[m[K(_ExecutionPolicy&& __exec, _ForwardIterator1 __first1, _ForwardIterator1 __last1, _ForwardIterator2 __first2,
[3.422s]       | [01;36m[K^~~~~~~~~[m[K
[3.422s] [01m[K/workspace/ros2_ws/cobot_fds/src/cobot_drive_main.cpp:115:27:[m[K [01;31m[Kerror: [m[Kâ€˜[01m[Ktf[m[Kâ€™ has not been declared
[3.423s]   115 |       transform.setOrigin([01;31m[Ktf[m[K::Vector3(curLoc[0],curLoc[1], 0.0));
[3.423s]       |                           [01;31m[K^~[m[K
[3.423s] [01m[K/workspace/ros2_ws/cobot_fds/src/cobot_drive_main.cpp:116:29:[m[K [01;31m[Kerror: [m[Kâ€˜[01m[Ktf[m[Kâ€™ has not been declared
[3.423s]   116 |       transform.setRotation([01;31m[Ktf[m[K::Quaternion(tf::Vector3(1,0,0),curAngle));
[3.423s]       |                             [01;31m[K^~[m[K
[3.423s] [01m[K/workspace/ros2_ws/cobot_fds/src/cobot_drive_main.cpp:116:44:[m[K [01;31m[Kerror: [m[Kâ€˜[01m[Ktf[m[Kâ€™ has not been declared
[3.424s]   116 |       transform.setRotation(tf::Quaternion([01;31m[Ktf[m[K::Vector3(1,0,0),curAngle));
[3.424s]       |                                            [01;31m[K^~[m[K
[3.427s] [01m[K/workspace/ros2_ws/cobot_fds/src/cobot_drive_main.cpp:117:7:[m[K [01;31m[Kerror: [m[Kâ€˜[01m[KtfBroadcaster[m[Kâ€™ was not declared in this scope
[3.427s]   117 |       [01;31m[KtfBroadcaster[m[K->sendTransform(
[3.427s]       |       [01;31m[K^~~~~~~~~~~~~[m[K
[3.428s] [01m[K/workspace/ros2_ws/cobot_fds/src/cobot_drive_main.cpp:118:11:[m[K [01;31m[Kerror: [m[Kâ€˜[01m[Ktf[m[Kâ€™ has not been declared
[3.428s]   118 |           [01;31m[Ktf[m[K::StampedTransform(transform, ros::Time::now(),
[3.428s]       |           [01;31m[K^~[m[K
[3.428s] [01m[K/workspace/ros2_ws/cobot_fds/src/cobot_drive_main.cpp:118:43:[m[K [01;31m[Kerror: [m[Kâ€˜[01m[Kros[m[Kâ€™ has not been declared
[3.428s]   118 |           tf::StampedTransform(transform, [01;31m[Kros[m[K::Time::now(),
[3.428s]       |                                           [01;31m[K^~~[m[K
[3.428s] [01m[K/workspace/ros2_ws/cobot_fds/src/cobot_drive_main.cpp:121:27:[m[K [01;31m[Kerror: [m[Kâ€˜[01m[Ktf[m[Kâ€™ has not been declared
[3.429s]   121 |       transform.setOrigin([01;31m[Ktf[m[K::Vector3(0.0 ,0.0, 0.0));
[3.429s]       |                           [01;31m[K^~[m[K
[3.429s] [01m[K/workspace/ros2_ws/cobot_fds/src/cobot_drive_main.cpp:122:29:[m[K [01;31m[Kerror: [m[Kâ€˜[01m[Ktf[m[Kâ€™ has not been declared
[3.429s]   122 |       transform.setRotation([01;31m[Ktf[m[K::Quaternion(0, 0, 0, 1));
[3.429s]       |                             [01;31m[K^~[m[K
[3.429s] [01m[K/workspace/ros2_ws/cobot_fds/src/cobot_drive_main.cpp:124:11:[m[K [01;31m[Kerror: [m[Kâ€˜[01m[Ktf[m[Kâ€™ has not been declared
[3.429s]   124 |           [01;31m[Ktf[m[K::StampedTransform(transform, ros::Time::now(),
[3.430s]       |           [01;31m[K^~[m[K
[3.430s] [01m[K/workspace/ros2_ws/cobot_fds/src/cobot_drive_main.cpp:124:43:[m[K [01;31m[Kerror: [m[Kâ€˜[01m[Kros[m[Kâ€™ has not been declared
[3.430s]   124 |           tf::StampedTransform(transform, [01;31m[Kros[m[K::Time::now(),
[3.430s]       |                                           [01;31m[K^~~[m[K
[3.436s] [01m[K/workspace/ros2_ws/cobot_fds/src/cobot_drive_main.cpp:127:7:[m[K [01;31m[Kerror: [m[Kâ€˜[01m[KcobotOdometryPublisher[m[Kâ€™ was not declared in this scope
[3.437s]   127 |       [01;31m[KcobotOdometryPublisher[m[K->publish(odometryMsg);
[3.437s]       |       [01;31m[K^~~~~~~~~~~~~~~~~~~~~~[m[K
[3.442s] [01m[K/workspace/ros2_ws/cobot_fds/src/cobot_drive_main.cpp:[m[K In function â€˜[01m[Kint main(int, char**)[m[Kâ€™:
[3.442s] [01m[K/workspace/ros2_ws/cobot_fds/src/cobot_drive_main.cpp:167:3:[m[K [01;31m[Kerror: [m[Kâ€˜[01m[KcobotDrive[m[Kâ€™ was not declared in this scope; did you mean â€˜[01m[KCobotDrive[m[Kâ€™?
[3.442s]   167 |   [01;31m[KcobotDrive[m[K = new CobotDrive(motorProps);
[3.442s]       |   [01;31m[K^~~~~~~~~~[m[K
[3.443s]       |   [32m[KCobotDrive[m[K
[3.443s] [01m[K/workspace/ros2_ws/cobot_fds/src/cobot_drive_main.cpp:189:28:[m[K [01;31m[Kerror: [m[Kinvalid initialization of reference of type â€˜[01m[Kconst rclcpp::InitOptions&[m[Kâ€™ from expression of type â€˜[01m[Kconst char [20][m[Kâ€™
[3.443s]   189 |   rclcpp::init(argc, argv, [01;31m[K"Cobot2_Drive_Module"[m[K);
[3.443s]       |                            [01;31m[K^~~~~~~~~~~~~~~~~~~~~[m[K
[3.443s] In file included from [01m[K/opt/ros/iron/include/rclcpp/rclcpp/logging.hpp:25[m[K,
[3.443s]                  from [01m[K/opt/ros/iron/include/rclcpp/rclcpp/client.hpp:43[m[K,
[3.444s]                  from [01m[K/opt/ros/iron/include/rclcpp/rclcpp/callback_group.hpp:24[m[K,
[3.444s]                  from [01m[K/opt/ros/iron/include/rclcpp/rclcpp/any_executable.hpp:20[m[K,
[3.444s]                  from [01m[K/opt/ros/iron/include/rclcpp/rclcpp/memory_strategy.hpp:25[m[K,
[3.444s]                  from [01m[K/opt/ros/iron/include/rclcpp/rclcpp/memory_strategies.hpp:18[m[K,
[3.444s]                  from [01m[K/opt/ros/iron/include/rclcpp/rclcpp/executor_options.hpp:20[m[K,
[3.444s]                  from [01m[K/opt/ros/iron/include/rclcpp/rclcpp/executor.hpp:37[m[K,
[3.444s]                  from [01m[K/opt/ros/iron/include/rclcpp/rclcpp/executors/multi_threaded_executor.hpp:25[m[K,
[3.445s]                  from [01m[K/opt/ros/iron/include/rclcpp/rclcpp/executors.hpp:21[m[K,
[3.445s]                  from [01m[K/opt/ros/iron/include/rclcpp/rclcpp/rclcpp.hpp:167[m[K,
[3.445s]                  from [01m[K/workspace/ros2_ws/cobot_fds/include/cobot_drive_main.hpp:5[m[K,
[3.445s]                  from [01m[K/workspace/ros2_ws/cobot_fds/src/cobot_drive_main.cpp:22[m[K:
[3.445s] [01m[K/opt/ros/iron/include/rclcpp/rclcpp/utilities.hpp:78:23:[m[K [01;36m[Knote: [m[Kin passing argument 3 of â€˜[01m[Kvoid rclcpp::init(int, const char* const*, const rclcpp::InitOptions&, rclcpp::SignalHandlerOptions)[m[Kâ€™
[3.445s]    78 |   [01;36m[Kconst InitOptions & init_options = InitOptions()[m[K,
[3.445s]       |   [01;36m[K~~~~~~~~~~~~~~~~~~~~^~~~~~~~~~~~~~~~~~~~~~~~~~~~[m[K
[3.448s] [01m[K/workspace/ros2_ws/cobot_fds/src/cobot_drive_main.cpp:191:3:[m[K [01;31m[Kerror: [m[Kâ€˜[01m[Kdrive_sub[m[Kâ€™ was not declared in this scope
[3.448s]   191 |   [01;31m[Kdrive_sub[m[K = n.subscribe("Cobot/Drive", 1, cobotDriveCallback);
[3.448s]       |   [01;31m[K^~~~~~~~~[m[K
[3.452s] [01m[K/workspace/ros2_ws/cobot_fds/src/cobot_drive_main.cpp:191:15:[m[K [01;31m[Kerror: [m[Kâ€˜[01m[Kn[m[Kâ€™ was not declared in this scope; did you mean â€˜[01m[Kyn[m[Kâ€™?
[3.452s]   191 |   drive_sub = [01;31m[Kn[m[K.subscribe("Cobot/Drive", 1, cobotDriveCallback);
[3.452s]       |               [01;31m[K^[m[K
[3.452s]       |               [32m[Kyn[m[K
[3.460s] [01m[K/workspace/ros2_ws/cobot_fds/src/cobot_drive_main.cpp:191:45:[m[K [01;31m[Kerror: [m[Kâ€˜[01m[KcobotDriveCallback[m[Kâ€™ was not declared in this scope
[3.460s]   191 |   drive_sub = n.subscribe("Cobot/Drive", 1, [01;31m[KcobotDriveCallback[m[K);
[3.460s]       |                                             [01;31m[K^~~~~~~~~~~~~~~~~~[m[K
[3.469s] [01m[K/workspace/ros2_ws/cobot_fds/src/cobot_drive_main.cpp:192:3:[m[K [01;31m[Kerror: [m[Kâ€˜[01m[KcobotRawStatusPublisher[m[Kâ€™ was not declared in this scope
[3.469s]   192 |   [01;31m[KcobotRawStatusPublisher[m[K = n.advertise<messages::CobotRawStatus>("Cobot/RawStatus",1);
[3.469s]       |   [01;31m[K^~~~~~~~~~~~~~~~~~~~~~~[m[K
[3.470s] [01m[K/workspace/ros2_ws/cobot_fds/src/cobot_drive_main.cpp:192:51:[m[K [01;31m[Kerror: [m[Kâ€˜[01m[KCobotRawStatus[m[Kâ€™ is not a member of â€˜[01m[Kmessages[m[Kâ€™; did you mean â€˜[01m[Kmessages::msg::CobotRawStatus[m[Kâ€™?
[3.470s]   192 |   cobotRawStatusPublisher = n.advertise<messages::[01;31m[KCobotRawStatus[m[K>("Cobot/RawStatus",1);
[3.470s]       |                                                   [01;31m[K^~~~~~~~~~~~~~[m[K
[3.470s] In file included from [01m[K/workspace/ros2_ws/install/messages/include/messages/messages/msg/cobot_raw_status.hpp:7[m[K,
[3.470s]                  from [01m[K/workspace/ros2_ws/cobot_fds/include/cobot_drive_main.hpp:11[m[K,
[3.471s]                  from [01m[K/workspace/ros2_ws/cobot_fds/src/cobot_drive_main.cpp:22[m[K:
[3.471s] [01m[K/workspace/ros2_ws/install/messages/include/messages/messages/msg/detail/cobot_raw_status__struct.hpp:293:7:[m[K [01;36m[Knote: [m[Kâ€˜[01m[Kmessages::msg::CobotRawStatus[m[Kâ€™ declared here
[3.471s]   293 | using [01;36m[KCobotRawStatus[m[K =
[3.471s]       |       [01;36m[K^~~~~~~~~~~~~~[m[K
[3.471s] [01m[K/workspace/ros2_ws/cobot_fds/src/cobot_drive_main.cpp:192:67:[m[K [01;35m[Kwarning: [m[Kleft operand of comma operator has no effect [[01;35m[K-Wunused-value[m[K]
[3.471s]   192 |   cobotRawStatusPublisher = n.advertise<messages::CobotRawStatus>([01;35m[K"Cobot/RawStatus"[m[K,1);
[3.471s]       |                                                                   [01;35m[K^~~~~~~~~~~~~~~~~[m[K
[3.478s] [01m[K/workspace/ros2_ws/cobot_fds/src/cobot_drive_main.cpp:193:3:[m[K [01;31m[Kerror: [m[Kâ€˜[01m[KcobotOdometryPublisher[m[Kâ€™ was not declared in this scope
[3.478s]   193 |   [01;31m[KcobotOdometryPublisher[m[K = n.advertise<nav_msgs::Odometry>("Cobot/DriveRaw",1);
[3.479s]       |   [01;31m[K^~~~~~~~~~~~~~~~~~~~~~[m[K
[3.479s] [01m[K/workspace/ros2_ws/cobot_fds/src/cobot_drive_main.cpp:193:50:[m[K [01;31m[Kerror: [m[Kâ€˜[01m[KOdometry[m[Kâ€™ is not a member of â€˜[01m[Knav_msgs[m[Kâ€™; did you mean â€˜[01m[Knav_msgs::msg::Odometry[m[Kâ€™?
[3.479s]   193 |   cobotOdometryPublisher = n.advertise<nav_msgs::[01;31m[KOdometry[m[K>("Cobot/DriveRaw",1);
[3.479s]       |                                                  [01;31m[K^~~~~~~~[m[K
[3.480s] In file included from [01m[K/opt/ros/iron/include/nav_msgs/nav_msgs/msg/odometry.hpp:7[m[K,
[3.480s]                  from [01m[K/workspace/ros2_ws/cobot_fds/include/cobot_drive_main.hpp:7[m[K,
[3.480s]                  from [01m[K/workspace/ros2_ws/cobot_fds/src/cobot_drive_main.cpp:22[m[K:
[3.480s] [01m[K/opt/ros/iron/include/nav_msgs/nav_msgs/msg/detail/odometry__struct.hpp:172:7:[m[K [01;36m[Knote: [m[Kâ€˜[01m[Knav_msgs::msg::Odometry[m[Kâ€™ declared here
[3.480s]   172 | using [01;36m[KOdometry[m[K =
[3.480s]       |       [01;36m[K^~~~~~~~[m[K
[3.480s] [01m[K/workspace/ros2_ws/cobot_fds/src/cobot_drive_main.cpp:193:60:[m[K [01;35m[Kwarning: [m[Kleft operand of comma operator has no effect [[01;35m[K-Wunused-value[m[K]
[3.481s]   193 |   cobotOdometryPublisher = n.advertise<nav_msgs::Odometry>([01;35m[K"Cobot/DriveRaw"[m[K,1);
[3.481s]       |                                                            [01;35m[K^~~~~~~~~~~~~~~~[m[K
[3.485s] [01m[K/workspace/ros2_ws/cobot_fds/src/cobot_drive_main.cpp:194:3:[m[K [01;31m[Kerror: [m[Kâ€˜[01m[KtfBroadcaster[m[Kâ€™ was not declared in this scope
[3.485s]   194 |   [01;31m[KtfBroadcaster[m[K = new tf::TransformBroadcaster();
[3.485s]       |   [01;31m[K^~~~~~~~~~~~~[m[K
[3.487s] [01m[K/workspace/ros2_ws/cobot_fds/src/cobot_drive_main.cpp:194:23:[m[K [01;31m[Kerror: [m[Kâ€˜[01m[Ktf[m[Kâ€™ does not name a type; did you mean â€˜[01m[Ktm[m[Kâ€™?
[3.487s]   194 |   tfBroadcaster = new [01;31m[Ktf[m[K::TransformBroadcaster();
[3.487s]       |                       [01;31m[K^~[m[K
[3.487s]       |                       [32m[Ktm[m[K
[3.487s] [01m[K/workspace/ros2_ws/cobot_fds/src/cobot_drive_main.cpp:196:3:[m[K [01;31m[Kerror: [m[Kâ€˜[01m[Kros[m[Kâ€™ has not been declared
[3.487s]   196 |   [01;31m[Kros[m[K::Timer timer = n.createTimer(ros::Duration(1.0), timerEvent);
[3.488s]       |   [01;31m[K^~~[m[K
[3.488s] [01m[K/workspace/ros2_ws/cobot_fds/src/cobot_drive_main.cpp:200:17:[m[K [01;31m[Kerror: [m[Kno matching function for call to â€˜[01m[Kspin()[m[Kâ€™
[3.488s]   200 |     [01;31m[Krclcpp::spin()[m[K;
[3.488s]       |     [01;31m[K~~~~~~~~~~~~^~[m[K
[3.488s] In file included from [01m[K/opt/ros/iron/include/rclcpp/rclcpp/rclcpp.hpp:167[m[K,
[3.488s]                  from [01m[K/workspace/ros2_ws/cobot_fds/include/cobot_drive_main.hpp:5[m[K,
[3.488s]                  from [01m[K/workspace/ros2_ws/cobot_fds/src/cobot_drive_main.cpp:22[m[K:
[3.489s] [01m[K/opt/ros/iron/include/rclcpp/rclcpp/executors.hpp:46:1:[m[K [01;36m[Knote: [m[Kcandidate: â€˜[01m[Kvoid rclcpp::spin(rclcpp::node_interfaces::NodeBaseInterface::SharedPtr)[m[Kâ€™
[3.489s]    46 | [01;36m[Kspin[m[K(rclcpp::node_interfaces::NodeBaseInterface::SharedPtr node_ptr);
[3.489s]       | [01;36m[K^~~~[m[K
[3.489s] [01m[K/opt/ros/iron/include/rclcpp/rclcpp/executors.hpp:46:1:[m[K [01;36m[Knote: [m[K  candidate expects 1 argument, 0 provided
[3.489s] [01m[K/opt/ros/iron/include/rclcpp/rclcpp/executors.hpp:50:1:[m[K [01;36m[Knote: [m[Kcandidate: â€˜[01m[Kvoid rclcpp::spin(rclcpp::Node::SharedPtr)[m[Kâ€™
[3.489s]    50 | [01;36m[Kspin[m[K(rclcpp::Node::SharedPtr node_ptr);
[3.489s]       | [01;36m[K^~~~[m[K
[3.489s] [01m[K/opt/ros/iron/include/rclcpp/rclcpp/executors.hpp:50:1:[m[K [01;36m[Knote: [m[K  candidate expects 1 argument, 0 provided
[4.025s] In file included from [01m[K/workspace/ros2_ws/cobot_fds/include/cobot_drive_main.hpp:3[m[K,
[4.025s]                  from [01m[K/workspace/ros2_ws/cobot_fds/src/cobot_drive_main.cpp:22[m[K:
[4.025s] [01m[K/workspace/ros2_ws/cobot_fds/include/drive.h:[m[K At global scope:
[4.025s] [01m[K/workspace/ros2_ws/cobot_fds/include/drive.h:47:17:[m[K [01;35m[Kwarning: [m[Kâ€˜[01m[Kvector2d normalize(const vector2d&, double)[m[Kâ€™ defined but not used [[01;35m[K-Wunused-function[m[K]
[4.025s]    47 | static vector2d [01;35m[Knormalize[m[K(const vector2d& v, double len) {
[4.025s]       |                 [01;35m[K^~~~~~~~~[m[K
[4.065s] gmake[2]: *** [CMakeFiles/cobot_drive_main.dir/build.make:90: CMakeFiles/cobot_drive_main.dir/src/cobot_drive_main.cpp.o] Error 1
[4.065s] gmake[1]: *** [CMakeFiles/Makefile2:137: CMakeFiles/cobot_drive_main.dir/all] Error 2
[4.065s] gmake: *** [Makefile:146: all] Error 2
[4.068s] Invoked command in '/workspace/ros2_ws/build/cobot_fds' returned '2': CMAKE_PREFIX_PATH=${CMAKE_PREFIX_PATH}:/opt/ros/iron /usr/bin/cmake --build /workspace/ros2_ws/build/cobot_fds -- -j8 -l8
