[0.019s] Invoking command in '/workspace/ros2_ws/build/cobot_fds': CMAKE_PREFIX_PATH=${CMAKE_PREFIX_PATH}:/opt/ros/iron /usr/bin/cmake --build /workspace/ros2_ws/build/cobot_fds -- -j8 -l8
[0.070s] [35m[1mConsolidate compiler generated dependencies of target cobot_drive_main[0m
[0.104s] [ 20%] [32mBuilding CXX object CMakeFiles/cobot_drive_main.dir/src/cobot_drive_main.cpp.o[0m
[3.597s] [01m[K/workspace/ros2_ws/cobot_fds/src/cobot_drive_main.cpp:[m[K In constructor â€˜[01m[KcobotDriveMain::cobotDriveMain()[m[Kâ€™:
[3.597s] [01m[K/workspace/ros2_ws/cobot_fds/src/cobot_drive_main.cpp:36:37:[m[K [01;31m[Kerror: [m[Kexpected â€˜[01m[K;[m[Kâ€™ before â€˜[01m[Kstatic[m[Kâ€™
[3.597s]    36 |   printf("got to the constructor\n")
[3.597s]       |                                     [01;31m[K^[m[K
[3.597s]       |                                     [32m[K;[m[K
[3.598s]    37 |   [32m[Kstatic[m[K const bool debug = false;
[3.598s]       |   [32m[K~~~~~~[m[K                             
[3.604s] [01m[K/workspace/ros2_ws/cobot_fds/src/cobot_drive_main.cpp:51:6:[m[K [01;31m[Kerror: [m[Kâ€˜[01m[Kdebug[m[Kâ€™ was not declared in this scope
[3.604s]    51 |   if([01;31m[Kdebug[m[K) printf("Using port %s\n",serialPort);
[3.604s]       |      [01;31m[K^~~~~[m[K
[5.364s] In file included from [01m[K/workspace/ros2_ws/cobot_fds/include/cobot_drive_main.hpp:3[m[K,
[5.364s]                  from [01m[K/workspace/ros2_ws/cobot_fds/src/cobot_drive_main.cpp:22[m[K:
[5.364s] [01m[K/workspace/ros2_ws/cobot_fds/include/drive.h:[m[K At global scope:
[5.364s] [01m[K/workspace/ros2_ws/cobot_fds/include/drive.h:47:17:[m[K [01;35m[Kwarning: [m[Kâ€˜[01m[Kvector2d normalize(const vector2d&, double)[m[Kâ€™ defined but not used [[01;35m[K-Wunused-function[m[K]
[5.365s]    47 | static vector2d [01;35m[Knormalize[m[K(const vector2d& v, double len) {
[5.365s]       |                 [01;35m[K^~~~~~~~~[m[K
[5.407s] gmake[2]: *** [CMakeFiles/cobot_drive_main.dir/build.make:118: CMakeFiles/cobot_drive_main.dir/src/cobot_drive_main.cpp.o] Error 1
[5.407s] gmake[1]: *** [CMakeFiles/Makefile2:137: CMakeFiles/cobot_drive_main.dir/all] Error 2
[5.407s] gmake: *** [Makefile:146: all] Error 2
[5.410s] Invoked command in '/workspace/ros2_ws/build/cobot_fds' returned '2': CMAKE_PREFIX_PATH=${CMAKE_PREFIX_PATH}:/opt/ros/iron /usr/bin/cmake --build /workspace/ros2_ws/build/cobot_fds -- -j8 -l8
