[35m[1mConsolidate compiler generated dependencies of target cobot_drive_main[0m
[ 33%] [32mBuilding CXX object CMakeFiles/cobot_drive_main.dir/src/cobot_drive_main.cpp.o[0m
[01m[K/workspace/ros2_ws/cobot_fds/src/cobot_drive_main.cpp:22:10:[m[K [01;31m[Kfatal error: [m[Kinclude/cobot_drive_main.hpp: No such file or directory
   22 | #include [01;31m[K"include/cobot_drive_main.hpp"[m[K
      |          [01;31m[K^~~~~~~~~~~~~~~~~~~~~~~~~~~~~~[m[K
compilation terminated.
gmake[2]: *** [CMakeFiles/cobot_drive_main.dir/build.make:90: CMakeFiles/cobot_drive_main.dir/src/cobot_drive_main.cpp.o] Error 1
gmake[1]: *** [CMakeFiles/Makefile2:137: CMakeFiles/cobot_drive_main.dir/all] Error 2
gmake: *** [Makefile:146: all] Error 2
