[0.014s] Invoking command in '/workspace/ros2_ws/build/cobot_fds': CMAKE_PREFIX_PATH=${CMAKE_PREFIX_PATH}:/opt/ros/iron /usr/bin/cmake --build /workspace/ros2_ws/build/cobot_fds -- -j8 -l8
[0.072s] [35m[1mConsolidate compiler generated dependencies of target cobot_drive_main[0m
[0.094s] [ 33%] [32mBuilding CXX object CMakeFiles/cobot_drive_main.dir/src/cobot_drive_main.cpp.o[0m
[3.294s] [01m[K/workspace/ros2_ws/cobot_fds/src/cobot_drive_main.cpp:41:1:[m[K [01;31m[Kerror: [m[Kâ€˜[01m[Ktf[m[Kâ€™ does not name a type; did you mean â€˜[01m[Ktm[m[Kâ€™?
[3.294s]    41 | [01;31m[Ktf[m[K::TransformBroadcaster *tfBroadcaster;
[3.294s]       | [01;31m[K^~[m[K
[3.295s]       | [32m[Ktm[m[K
[3.295s] [01m[K/workspace/ros2_ws/cobot_fds/src/cobot_drive_main.cpp:42:1:[m[K [01;31m[Kerror: [m[Kâ€˜[01m[Kros[m[Kâ€™ does not name a type
[3.295s]    42 | [01;31m[Kros[m[K::Publisher cobotRawStatusPublisher;
[3.295s]       | [01;31m[K^~~[m[K
[3.296s] [01m[K/workspace/ros2_ws/cobot_fds/src/cobot_drive_main.cpp:43:1:[m[K [01;31m[Kerror: [m[Kâ€˜[01m[Kros[m[Kâ€™ does not name a type
[3.296s]    43 | [01;31m[Kros[m[K::Publisher cobotOdometryPublisher;
[3.297s]       | [01;31m[K^~~[m[K
[3.297s] [01m[K/workspace/ros2_ws/cobot_fds/src/cobot_drive_main.cpp:44:1:[m[K [01;31m[Kerror: [m[Kâ€˜[01m[Kros[m[Kâ€™ does not name a type
[3.298s]    44 | [01;31m[Kros[m[K::Subscriber drive_sub;
[3.298s]       | [01;31m[K^~~[m[K
[3.298s] [01m[K/workspace/ros2_ws/cobot_fds/src/cobot_drive_main.cpp:46:46:[m[K [01;31m[Kerror: [m[Kâ€˜[01m[KTwistStampedPtr[m[Kâ€™ in namespace â€˜[01m[Kgeometry_msgs[m[Kâ€™ does not name a type
[3.298s]    46 | void cobotDriveCallback(const geometry_msgs::[01;31m[KTwistStampedPtr[m[K& msg) {
[3.298s]       |                                              [01;31m[K^~~~~~~~~~~~~~~[m[K
[3.298s] [01m[K/workspace/ros2_ws/cobot_fds/src/cobot_drive_main.cpp:[m[K In function â€˜[01m[Kvoid cobotDriveCallback(const int&)[m[Kâ€™:
[3.299s] [01m[K/workspace/ros2_ws/cobot_fds/src/cobot_drive_main.cpp:47:28:[m[K [01;31m[Kerror: [m[Kbase operand of â€˜[01m[K->[m[Kâ€™ is not a pointer
[3.299s]    47 |   cobotDrive->setSpeeds(msg[01;31m[K->[m[Ktwist.linear.x, msg->twist.linear.y, msg->twist.angular.z);
[3.299s]       |                            [01;31m[K^~[m[K
[3.299s] [01m[K/workspace/ros2_ws/cobot_fds/src/cobot_drive_main.cpp:47:49:[m[K [01;31m[Kerror: [m[Kbase operand of â€˜[01m[K->[m[Kâ€™ is not a pointer
[3.299s]    47 |   cobotDrive->setSpeeds(msg->twist.linear.x, msg[01;31m[K->[m[Ktwist.linear.y, msg->twist.angular.z);
[3.300s]       |                                                 [01;31m[K^~[m[K
[3.300s] [01m[K/workspace/ros2_ws/cobot_fds/src/cobot_drive_main.cpp:47:70:[m[K [01;31m[Kerror: [m[Kbase operand of â€˜[01m[K->[m[Kâ€™ is not a pointer
[3.300s]    47 |   cobotDrive->setSpeeds(msg->twist.linear.x, msg->twist.linear.y, msg[01;31m[K->[m[Ktwist.angular.z);
[3.300s]       |                                                                      [01;31m[K^~[m[K
[3.300s] [01m[K/workspace/ros2_ws/cobot_fds/src/cobot_drive_main.cpp:[m[K At global scope:
[3.301s] [01m[K/workspace/ros2_ws/cobot_fds/src/cobot_drive_main.cpp:50:24:[m[K [01;31m[Kerror: [m[Kâ€˜[01m[Kros[m[Kâ€™ does not name a type
[3.301s]    50 | void timerEvent( const [01;31m[Kros[m[K::TimerEvent& ) {
[3.301s]       |                        [01;31m[K^~~[m[K
[3.301s] [01m[K/workspace/ros2_ws/cobot_fds/src/cobot_drive_main.cpp:50:39:[m[K [01;31m[Kerror: [m[Kexpected unqualified-id before â€˜[01m[K&[m[Kâ€™ token
[3.301s]    50 | void timerEvent( const ros::TimerEvent[01;31m[K&[m[K ) {
[3.301s]       |                                       [01;31m[K^[m[K
[3.301s] [01m[K/workspace/ros2_ws/cobot_fds/src/cobot_drive_main.cpp:50:39:[m[K [01;31m[Kerror: [m[Kexpected â€˜[01m[K)[m[Kâ€™ before â€˜[01m[K&[m[Kâ€™ token
[3.302s]    50 | void timerEvent[34m[K([m[K const ros::TimerEvent[01;31m[K&[m[K ) {
[3.302s]       |                [34m[K~[m[K                      [01;31m[K^[m[K
[3.302s]       |                                       [32m[K)[m[K
[3.302s] [01m[K/workspace/ros2_ws/cobot_fds/src/cobot_drive_main.cpp:50:41:[m[K [01;31m[Kerror: [m[Kexpected initializer before â€˜[01m[K)[m[Kâ€™ token
[3.302s]    50 | void timerEvent( const ros::TimerEvent& [01;31m[K)[m[K {
[3.302s]       |                                         [01;31m[K^[m[K
[3.302s] [01m[K/workspace/ros2_ws/cobot_fds/src/cobot_drive_main.cpp:[m[K In function â€˜[01m[Kint main(int, char**)[m[Kâ€™:
[3.303s] [01m[K/workspace/ros2_ws/cobot_fds/src/cobot_drive_main.cpp:204:3:[m[K [01;31m[Kerror: [m[Kâ€˜[01m[Kros[m[Kâ€™ has not been declared
[3.303s]   204 |   [01;31m[Kros[m[K::init(argc, argv, "Cobot2_Drive_Module");
[3.303s]       |   [01;31m[K^~~[m[K
[3.303s] [01m[K/workspace/ros2_ws/cobot_fds/src/cobot_drive_main.cpp:205:3:[m[K [01;31m[Kerror: [m[Kâ€˜[01m[Kros[m[Kâ€™ has not been declared
[3.303s]   205 |   [01;31m[Kros[m[K::NodeHandle n;
[3.303s]       |   [01;31m[K^~~[m[K
[3.304s] [01m[K/workspace/ros2_ws/cobot_fds/src/cobot_drive_main.cpp:206:3:[m[K [01;31m[Kerror: [m[Kâ€˜[01m[Kdrive_sub[m[Kâ€™ was not declared in this scope
[3.305s]   206 |   [01;31m[Kdrive_sub[m[K = n.subscribe("Cobot/Drive", 1, cobotDriveCallback);
[3.305s]       |   [01;31m[K^~~~~~~~~[m[K
[3.308s] [01m[K/workspace/ros2_ws/cobot_fds/src/cobot_drive_main.cpp:206:15:[m[K [01;31m[Kerror: [m[Kâ€˜[01m[Kn[m[Kâ€™ was not declared in this scope; did you mean â€˜[01m[Kyn[m[Kâ€™?
[3.308s]   206 |   drive_sub = [01;31m[Kn[m[K.subscribe("Cobot/Drive", 1, cobotDriveCallback);
[3.308s]       |               [01;31m[K^[m[K
[3.309s]       |               [32m[Kyn[m[K
[3.317s] [01m[K/workspace/ros2_ws/cobot_fds/src/cobot_drive_main.cpp:207:3:[m[K [01;31m[Kerror: [m[Kâ€˜[01m[KcobotRawStatusPublisher[m[Kâ€™ was not declared in this scope
[3.317s]   207 |   [01;31m[KcobotRawStatusPublisher[m[K = n.advertise<messages::CobotRawStatus>("Cobot/RawStatus",1);
[3.317s]       |   [01;31m[K^~~~~~~~~~~~~~~~~~~~~~~[m[K
[3.318s] [01m[K/workspace/ros2_ws/cobot_fds/src/cobot_drive_main.cpp:207:51:[m[K [01;31m[Kerror: [m[Kâ€˜[01m[KCobotRawStatus[m[Kâ€™ is not a member of â€˜[01m[Kmessages[m[Kâ€™; did you mean â€˜[01m[Kmessages::msg::CobotRawStatus[m[Kâ€™?
[3.318s]   207 |   cobotRawStatusPublisher = n.advertise<messages::[01;31m[KCobotRawStatus[m[K>("Cobot/RawStatus",1);
[3.318s]       |                                                   [01;31m[K^~~~~~~~~~~~~~[m[K
[3.318s] In file included from [01m[K/workspace/ros2_ws/install/messages/include/messages/messages/msg/cobot_raw_status.hpp:7[m[K,
[3.319s]                  from [01m[K/workspace/ros2_ws/cobot_fds/src/cobot_drive_main.cpp:32[m[K:
[3.319s] [01m[K/workspace/ros2_ws/install/messages/include/messages/messages/msg/detail/cobot_raw_status__struct.hpp:293:7:[m[K [01;36m[Knote: [m[Kâ€˜[01m[Kmessages::msg::CobotRawStatus[m[Kâ€™ declared here
[3.319s]   293 | using [01;36m[KCobotRawStatus[m[K =
[3.319s]       |       [01;36m[K^~~~~~~~~~~~~~[m[K
[3.319s] [01m[K/workspace/ros2_ws/cobot_fds/src/cobot_drive_main.cpp:207:67:[m[K [01;35m[Kwarning: [m[Kleft operand of comma operator has no effect [[01;35m[K-Wunused-value[m[K]
[3.319s]   207 |   cobotRawStatusPublisher = n.advertise<messages::CobotRawStatus>([01;35m[K"Cobot/RawStatus"[m[K,1);
[3.319s]       |                                                                   [01;35m[K^~~~~~~~~~~~~~~~~[m[K
[3.328s] [01m[K/workspace/ros2_ws/cobot_fds/src/cobot_drive_main.cpp:208:3:[m[K [01;31m[Kerror: [m[Kâ€˜[01m[KcobotOdometryPublisher[m[Kâ€™ was not declared in this scope
[3.328s]   208 |   [01;31m[KcobotOdometryPublisher[m[K = n.advertise<nav_msgs::Odometry>("Cobot/DriveRaw",1);
[3.328s]       |   [01;31m[K^~~~~~~~~~~~~~~~~~~~~~[m[K
[3.329s] [01m[K/workspace/ros2_ws/cobot_fds/src/cobot_drive_main.cpp:208:50:[m[K [01;31m[Kerror: [m[Kâ€˜[01m[KOdometry[m[Kâ€™ is not a member of â€˜[01m[Knav_msgs[m[Kâ€™; did you mean â€˜[01m[Knav_msgs::msg::Odometry[m[Kâ€™?
[3.329s]   208 |   cobotOdometryPublisher = n.advertise<nav_msgs::[01;31m[KOdometry[m[K>("Cobot/DriveRaw",1);
[3.329s]       |                                                  [01;31m[K^~~~~~~~[m[K
[3.329s] In file included from [01m[K/opt/ros/iron/include/nav_msgs/nav_msgs/msg/odometry.hpp:7[m[K,
[3.329s]                  from [01m[K/workspace/ros2_ws/cobot_fds/src/cobot_drive_main.cpp:28[m[K:
[3.329s] [01m[K/opt/ros/iron/include/nav_msgs/nav_msgs/msg/detail/odometry__struct.hpp:172:7:[m[K [01;36m[Knote: [m[Kâ€˜[01m[Knav_msgs::msg::Odometry[m[Kâ€™ declared here
[3.330s]   172 | using [01;36m[KOdometry[m[K =
[3.330s]       |       [01;36m[K^~~~~~~~[m[K
[3.330s] [01m[K/workspace/ros2_ws/cobot_fds/src/cobot_drive_main.cpp:208:60:[m[K [01;35m[Kwarning: [m[Kleft operand of comma operator has no effect [[01;35m[K-Wunused-value[m[K]
[3.330s]   208 |   cobotOdometryPublisher = n.advertise<nav_msgs::Odometry>([01;35m[K"Cobot/DriveRaw"[m[K,1);
[3.330s]       |                                                            [01;35m[K^~~~~~~~~~~~~~~~[m[K
[3.335s] [01m[K/workspace/ros2_ws/cobot_fds/src/cobot_drive_main.cpp:209:3:[m[K [01;31m[Kerror: [m[Kâ€˜[01m[KtfBroadcaster[m[Kâ€™ was not declared in this scope
[3.335s]   209 |   [01;31m[KtfBroadcaster[m[K = new tf::TransformBroadcaster();
[3.335s]       |   [01;31m[K^~~~~~~~~~~~~[m[K
[3.337s] [01m[K/workspace/ros2_ws/cobot_fds/src/cobot_drive_main.cpp:209:23:[m[K [01;31m[Kerror: [m[Kâ€˜[01m[Ktf[m[Kâ€™ does not name a type; did you mean â€˜[01m[Ktm[m[Kâ€™?
[3.337s]   209 |   tfBroadcaster = new [01;31m[Ktf[m[K::TransformBroadcaster();
[3.337s]       |                       [01;31m[K^~[m[K
[3.337s]       |                       [32m[Ktm[m[K
[3.337s] [01m[K/workspace/ros2_ws/cobot_fds/src/cobot_drive_main.cpp:211:3:[m[K [01;31m[Kerror: [m[Kâ€˜[01m[Kros[m[Kâ€™ has not been declared
[3.337s]   211 |   [01;31m[Kros[m[K::Timer timer = n.createTimer(ros::Duration(1.0), timerEvent);
[3.337s]       |   [01;31m[K^~~[m[K
[3.337s] [01m[K/workspace/ros2_ws/cobot_fds/src/cobot_drive_main.cpp:214:9:[m[K [01;31m[Kerror: [m[Kâ€˜[01m[Kros[m[Kâ€™ has not been declared
[3.337s]   214 |   while([01;31m[Kros[m[K::ok() && run){
[3.338s]       |         [01;31m[K^~~[m[K
[3.338s] [01m[K/workspace/ros2_ws/cobot_fds/src/cobot_drive_main.cpp:215:5:[m[K [01;31m[Kerror: [m[Kâ€˜[01m[Kros[m[Kâ€™ has not been declared
[3.338s]   215 |     [01;31m[Kros[m[K::spinOnce();
[3.338s]       |     [01;31m[K^~~[m[K
[3.338s] [01m[K/workspace/ros2_ws/cobot_fds/src/cobot_drive_main.cpp:216:5:[m[K [01;31m[Kerror: [m[Kâ€˜[01m[Kros[m[Kâ€™ has not been declared
[3.338s]   216 |     [01;31m[Kros[m[K::Duration(0.01).sleep();  // TODO: verify this to use w the wathdogs
[3.338s]       |     [01;31m[K^~~[m[K
[3.886s] In file included from [01m[K/workspace/ros2_ws/cobot_fds/src/cobot_drive_main.cpp:24[m[K:
[3.886s] [01m[K/workspace/ros2_ws/cobot_fds/include/drive.h:[m[K At global scope:
[3.887s] [01m[K/workspace/ros2_ws/cobot_fds/include/drive.h:47:17:[m[K [01;35m[Kwarning: [m[Kâ€˜[01m[Kvector2d normalize(const vector2d&, double)[m[Kâ€™ defined but not used [[01;35m[K-Wunused-function[m[K]
[3.887s]    47 | static vector2d [01;35m[Knormalize[m[K(const vector2d& v, double len) {
[3.887s]       |                 [01;35m[K^~~~~~~~~[m[K
[3.912s] gmake[2]: *** [CMakeFiles/cobot_drive_main.dir/build.make:90: CMakeFiles/cobot_drive_main.dir/src/cobot_drive_main.cpp.o] Error 1
[3.913s] gmake[1]: *** [CMakeFiles/Makefile2:137: CMakeFiles/cobot_drive_main.dir/all] Error 2
[3.913s] gmake: *** [Makefile:146: all] Error 2
[3.917s] Invoked command in '/workspace/ros2_ws/build/cobot_fds' returned '2': CMAKE_PREFIX_PATH=${CMAKE_PREFIX_PATH}:/opt/ros/iron /usr/bin/cmake --build /workspace/ros2_ws/build/cobot_fds -- -j8 -l8
