[0.013s] Invoking command in '/workspace/ros2_ws/build/cobot_fds': CMAKE_PREFIX_PATH=${CMAKE_PREFIX_PATH}:/opt/ros/iron /usr/bin/cmake --build /workspace/ros2_ws/build/cobot_fds -- -j8 -l8
[0.076s] [35m[1mConsolidate compiler generated dependencies of target cobot_drive_main[0m
[0.098s] [ 33%] [32mBuilding CXX object CMakeFiles/cobot_drive_main.dir/src/cobot_drive_main.cpp.o[0m
[3.331s] [01m[K/workspace/ros2_ws/cobot_fds/src/cobot_drive_main.cpp:41:1:[m[K [01;31m[Kerror: [m[Kâ€˜[01m[Ktf[m[Kâ€™ does not name a type; did you mean â€˜[01m[Ktm[m[Kâ€™?
[3.331s]    41 | [01;31m[Ktf[m[K::TransformBroadcaster *tfBroadcaster;
[3.331s]       | [01;31m[K^~[m[K
[3.331s]       | [32m[Ktm[m[K
[3.332s] [01m[K/workspace/ros2_ws/cobot_fds/src/cobot_drive_main.cpp:42:1:[m[K [01;31m[Kerror: [m[Kâ€˜[01m[Kros[m[Kâ€™ does not name a type
[3.332s]    42 | [01;31m[Kros[m[K::Publisher cobotRawStatusPublisher;
[3.332s]       | [01;31m[K^~~[m[K
[3.333s] [01m[K/workspace/ros2_ws/cobot_fds/src/cobot_drive_main.cpp:43:1:[m[K [01;31m[Kerror: [m[Kâ€˜[01m[Kros[m[Kâ€™ does not name a type
[3.333s]    43 | [01;31m[Kros[m[K::Publisher cobotOdometryPublisher;
[3.333s]       | [01;31m[K^~~[m[K
[3.334s] [01m[K/workspace/ros2_ws/cobot_fds/src/cobot_drive_main.cpp:44:1:[m[K [01;31m[Kerror: [m[Kâ€˜[01m[Kros[m[Kâ€™ does not name a type
[3.335s]    44 | [01;31m[Kros[m[K::Subscriber drive_sub;
[3.335s]       | [01;31m[K^~~[m[K
[3.335s] [01m[K/workspace/ros2_ws/cobot_fds/src/cobot_drive_main.cpp:46:46:[m[K [01;31m[Kerror: [m[Kâ€˜[01m[KTwistStampedPtr[m[Kâ€™ in namespace â€˜[01m[Kgeometry_msgs[m[Kâ€™ does not name a type
[3.335s]    46 | void cobotDriveCallback(const geometry_msgs::[01;31m[KTwistStampedPtr[m[K& msg) {
[3.335s]       |                                              [01;31m[K^~~~~~~~~~~~~~~[m[K
[3.335s] [01m[K/workspace/ros2_ws/cobot_fds/src/cobot_drive_main.cpp:[m[K In function â€˜[01m[Kvoid cobotDriveCallback(const int&)[m[Kâ€™:
[3.335s] [01m[K/workspace/ros2_ws/cobot_fds/src/cobot_drive_main.cpp:47:28:[m[K [01;31m[Kerror: [m[Kbase operand of â€˜[01m[K->[m[Kâ€™ is not a pointer
[3.336s]    47 |   cobotDrive->setSpeeds(msg[01;31m[K->[m[Ktwist.linear.x, msg->twist.linear.y, msg->twist.angular.z);
[3.336s]       |                            [01;31m[K^~[m[K
[3.336s] [01m[K/workspace/ros2_ws/cobot_fds/src/cobot_drive_main.cpp:47:49:[m[K [01;31m[Kerror: [m[Kbase operand of â€˜[01m[K->[m[Kâ€™ is not a pointer
[3.336s]    47 |   cobotDrive->setSpeeds(msg->twist.linear.x, msg[01;31m[K->[m[Ktwist.linear.y, msg->twist.angular.z);
[3.336s]       |                                                 [01;31m[K^~[m[K
[3.337s] [01m[K/workspace/ros2_ws/cobot_fds/src/cobot_drive_main.cpp:47:70:[m[K [01;31m[Kerror: [m[Kbase operand of â€˜[01m[K->[m[Kâ€™ is not a pointer
[3.337s]    47 |   cobotDrive->setSpeeds(msg->twist.linear.x, msg->twist.linear.y, msg[01;31m[K->[m[Ktwist.angular.z);
[3.337s]       |                                                                      [01;31m[K^~[m[K
[3.337s] [01m[K/workspace/ros2_ws/cobot_fds/src/cobot_drive_main.cpp:[m[K At global scope:
[3.337s] [01m[K/workspace/ros2_ws/cobot_fds/src/cobot_drive_main.cpp:50:24:[m[K [01;31m[Kerror: [m[Kâ€˜[01m[Kros[m[Kâ€™ does not name a type
[3.338s]    50 | void timerEvent( const [01;31m[Kros[m[K::TimerEvent& ) {
[3.338s]       |                        [01;31m[K^~~[m[K
[3.338s] [01m[K/workspace/ros2_ws/cobot_fds/src/cobot_drive_main.cpp:50:39:[m[K [01;31m[Kerror: [m[Kexpected unqualified-id before â€˜[01m[K&[m[Kâ€™ token
[3.338s]    50 | void timerEvent( const ros::TimerEvent[01;31m[K&[m[K ) {
[3.338s]       |                                       [01;31m[K^[m[K
[3.338s] [01m[K/workspace/ros2_ws/cobot_fds/src/cobot_drive_main.cpp:50:39:[m[K [01;31m[Kerror: [m[Kexpected â€˜[01m[K)[m[Kâ€™ before â€˜[01m[K&[m[Kâ€™ token
[3.338s]    50 | void timerEvent[34m[K([m[K const ros::TimerEvent[01;31m[K&[m[K ) {
[3.338s]       |                [34m[K~[m[K                      [01;31m[K^[m[K
[3.339s]       |                                       [32m[K)[m[K
[3.339s] [01m[K/workspace/ros2_ws/cobot_fds/src/cobot_drive_main.cpp:50:41:[m[K [01;31m[Kerror: [m[Kexpected initializer before â€˜[01m[K)[m[Kâ€™ token
[3.339s]    50 | void timerEvent( const ros::TimerEvent& [01;31m[K)[m[K {
[3.339s]       |                                         [01;31m[K^[m[K
[3.339s] [01m[K/workspace/ros2_ws/cobot_fds/src/cobot_drive_main.cpp:[m[K In function â€˜[01m[Kint main(int, char**)[m[Kâ€™:
[3.339s] [01m[K/workspace/ros2_ws/cobot_fds/src/cobot_drive_main.cpp:204:28:[m[K [01;31m[Kerror: [m[Kinvalid initialization of reference of type â€˜[01m[Kconst rclcpp::InitOptions&[m[Kâ€™ from expression of type â€˜[01m[Kconst char [20][m[Kâ€™
[3.340s]   204 |   rclcpp::init(argc, argv, [01;31m[K"Cobot2_Drive_Module"[m[K);
[3.340s]       |                            [01;31m[K^~~~~~~~~~~~~~~~~~~~~[m[K
[3.340s] In file included from [01m[K/opt/ros/iron/include/rclcpp/rclcpp/logging.hpp:25[m[K,
[3.340s]                  from [01m[K/opt/ros/iron/include/rclcpp/rclcpp/client.hpp:43[m[K,
[3.340s]                  from [01m[K/opt/ros/iron/include/rclcpp/rclcpp/callback_group.hpp:24[m[K,
[3.340s]                  from [01m[K/opt/ros/iron/include/rclcpp/rclcpp/any_executable.hpp:20[m[K,
[3.340s]                  from [01m[K/opt/ros/iron/include/rclcpp/rclcpp/memory_strategy.hpp:25[m[K,
[3.340s]                  from [01m[K/opt/ros/iron/include/rclcpp/rclcpp/memory_strategies.hpp:18[m[K,
[3.341s]                  from [01m[K/opt/ros/iron/include/rclcpp/rclcpp/executor_options.hpp:20[m[K,
[3.341s]                  from [01m[K/opt/ros/iron/include/rclcpp/rclcpp/executor.hpp:37[m[K,
[3.341s]                  from [01m[K/opt/ros/iron/include/rclcpp/rclcpp/executors/multi_threaded_executor.hpp:25[m[K,
[3.341s]                  from [01m[K/opt/ros/iron/include/rclcpp/rclcpp/executors.hpp:21[m[K,
[3.341s]                  from [01m[K/opt/ros/iron/include/rclcpp/rclcpp/rclcpp.hpp:167[m[K,
[3.341s]                  from [01m[K/workspace/ros2_ws/cobot_fds/src/cobot_drive_main.cpp:26[m[K:
[3.341s] [01m[K/opt/ros/iron/include/rclcpp/rclcpp/utilities.hpp:78:23:[m[K [01;36m[Knote: [m[Kin passing argument 3 of â€˜[01m[Kvoid rclcpp::init(int, const char* const*, const rclcpp::InitOptions&, rclcpp::SignalHandlerOptions)[m[Kâ€™
[3.342s]    78 |   [01;36m[Kconst InitOptions & init_options = InitOptions()[m[K,
[3.342s]       |   [01;36m[K~~~~~~~~~~~~~~~~~~~~^~~~~~~~~~~~~~~~~~~~~~~~~~~~[m[K
[3.343s] [01m[K/workspace/ros2_ws/cobot_fds/src/cobot_drive_main.cpp:206:3:[m[K [01;31m[Kerror: [m[Kâ€˜[01m[Kdrive_sub[m[Kâ€™ was not declared in this scope
[3.343s]   206 |   [01;31m[Kdrive_sub[m[K = n.subscribe("Cobot/Drive", 1, cobotDriveCallback);
[3.343s]       |   [01;31m[K^~~~~~~~~[m[K
[3.347s] [01m[K/workspace/ros2_ws/cobot_fds/src/cobot_drive_main.cpp:206:15:[m[K [01;31m[Kerror: [m[Kâ€˜[01m[Kn[m[Kâ€™ was not declared in this scope; did you mean â€˜[01m[Kyn[m[Kâ€™?
[3.347s]   206 |   drive_sub = [01;31m[Kn[m[K.subscribe("Cobot/Drive", 1, cobotDriveCallback);
[3.347s]       |               [01;31m[K^[m[K
[3.347s]       |               [32m[Kyn[m[K
[3.356s] [01m[K/workspace/ros2_ws/cobot_fds/src/cobot_drive_main.cpp:207:3:[m[K [01;31m[Kerror: [m[Kâ€˜[01m[KcobotRawStatusPublisher[m[Kâ€™ was not declared in this scope
[3.356s]   207 |   [01;31m[KcobotRawStatusPublisher[m[K = n.advertise<messages::CobotRawStatus>("Cobot/RawStatus",1);
[3.357s]       |   [01;31m[K^~~~~~~~~~~~~~~~~~~~~~~[m[K
[3.357s] [01m[K/workspace/ros2_ws/cobot_fds/src/cobot_drive_main.cpp:207:51:[m[K [01;31m[Kerror: [m[Kâ€˜[01m[KCobotRawStatus[m[Kâ€™ is not a member of â€˜[01m[Kmessages[m[Kâ€™; did you mean â€˜[01m[Kmessages::msg::CobotRawStatus[m[Kâ€™?
[3.357s]   207 |   cobotRawStatusPublisher = n.advertise<messages::[01;31m[KCobotRawStatus[m[K>("Cobot/RawStatus",1);
[3.358s]       |                                                   [01;31m[K^~~~~~~~~~~~~~[m[K
[3.358s] In file included from [01m[K/workspace/ros2_ws/install/messages/include/messages/messages/msg/cobot_raw_status.hpp:7[m[K,
[3.358s]                  from [01m[K/workspace/ros2_ws/cobot_fds/src/cobot_drive_main.cpp:32[m[K:
[3.358s] [01m[K/workspace/ros2_ws/install/messages/include/messages/messages/msg/detail/cobot_raw_status__struct.hpp:293:7:[m[K [01;36m[Knote: [m[Kâ€˜[01m[Kmessages::msg::CobotRawStatus[m[Kâ€™ declared here
[3.358s]   293 | using [01;36m[KCobotRawStatus[m[K =
[3.358s]       |       [01;36m[K^~~~~~~~~~~~~~[m[K
[3.358s] [01m[K/workspace/ros2_ws/cobot_fds/src/cobot_drive_main.cpp:207:67:[m[K [01;35m[Kwarning: [m[Kleft operand of comma operator has no effect [[01;35m[K-Wunused-value[m[K]
[3.359s]   207 |   cobotRawStatusPublisher = n.advertise<messages::CobotRawStatus>([01;35m[K"Cobot/RawStatus"[m[K,1);
[3.359s]       |                                                                   [01;35m[K^~~~~~~~~~~~~~~~~[m[K
[3.366s] [01m[K/workspace/ros2_ws/cobot_fds/src/cobot_drive_main.cpp:208:3:[m[K [01;31m[Kerror: [m[Kâ€˜[01m[KcobotOdometryPublisher[m[Kâ€™ was not declared in this scope
[3.366s]   208 |   [01;31m[KcobotOdometryPublisher[m[K = n.advertise<nav_msgs::Odometry>("Cobot/DriveRaw",1);
[3.367s]       |   [01;31m[K^~~~~~~~~~~~~~~~~~~~~~[m[K
[3.367s] [01m[K/workspace/ros2_ws/cobot_fds/src/cobot_drive_main.cpp:208:50:[m[K [01;31m[Kerror: [m[Kâ€˜[01m[KOdometry[m[Kâ€™ is not a member of â€˜[01m[Knav_msgs[m[Kâ€™; did you mean â€˜[01m[Knav_msgs::msg::Odometry[m[Kâ€™?
[3.368s]   208 |   cobotOdometryPublisher = n.advertise<nav_msgs::[01;31m[KOdometry[m[K>("Cobot/DriveRaw",1);
[3.368s]       |                                                  [01;31m[K^~~~~~~~[m[K
[3.368s] In file included from [01m[K/opt/ros/iron/include/nav_msgs/nav_msgs/msg/odometry.hpp:7[m[K,
[3.368s]                  from [01m[K/workspace/ros2_ws/cobot_fds/src/cobot_drive_main.cpp:28[m[K:
[3.368s] [01m[K/opt/ros/iron/include/nav_msgs/nav_msgs/msg/detail/odometry__struct.hpp:172:7:[m[K [01;36m[Knote: [m[Kâ€˜[01m[Knav_msgs::msg::Odometry[m[Kâ€™ declared here
[3.368s]   172 | using [01;36m[KOdometry[m[K =
[3.368s]       |       [01;36m[K^~~~~~~~[m[K
[3.368s] [01m[K/workspace/ros2_ws/cobot_fds/src/cobot_drive_main.cpp:208:60:[m[K [01;35m[Kwarning: [m[Kleft operand of comma operator has no effect [[01;35m[K-Wunused-value[m[K]
[3.369s]   208 |   cobotOdometryPublisher = n.advertise<nav_msgs::Odometry>([01;35m[K"Cobot/DriveRaw"[m[K,1);
[3.369s]       |                                                            [01;35m[K^~~~~~~~~~~~~~~~[m[K
[3.374s] [01m[K/workspace/ros2_ws/cobot_fds/src/cobot_drive_main.cpp:209:3:[m[K [01;31m[Kerror: [m[Kâ€˜[01m[KtfBroadcaster[m[Kâ€™ was not declared in this scope
[3.374s]   209 |   [01;31m[KtfBroadcaster[m[K = new tf::TransformBroadcaster();
[3.374s]       |   [01;31m[K^~~~~~~~~~~~~[m[K
[3.375s] [01m[K/workspace/ros2_ws/cobot_fds/src/cobot_drive_main.cpp:209:23:[m[K [01;31m[Kerror: [m[Kâ€˜[01m[Ktf[m[Kâ€™ does not name a type; did you mean â€˜[01m[Ktm[m[Kâ€™?
[3.375s]   209 |   tfBroadcaster = new [01;31m[Ktf[m[K::TransformBroadcaster();
[3.375s]       |                       [01;31m[K^~[m[K
[3.375s]       |                       [32m[Ktm[m[K
[3.375s] [01m[K/workspace/ros2_ws/cobot_fds/src/cobot_drive_main.cpp:211:3:[m[K [01;31m[Kerror: [m[Kâ€˜[01m[Kros[m[Kâ€™ has not been declared
[3.375s]   211 |   [01;31m[Kros[m[K::Timer timer = n.createTimer(ros::Duration(1.0), timerEvent);
[3.375s]       |   [01;31m[K^~~[m[K
[3.376s] [01m[K/workspace/ros2_ws/cobot_fds/src/cobot_drive_main.cpp:214:9:[m[K [01;31m[Kerror: [m[Kâ€˜[01m[Kros[m[Kâ€™ has not been declared
[3.376s]   214 |   while([01;31m[Kros[m[K::ok() && run){
[3.376s]       |         [01;31m[K^~~[m[K
[3.376s] [01m[K/workspace/ros2_ws/cobot_fds/src/cobot_drive_main.cpp:215:5:[m[K [01;31m[Kerror: [m[Kâ€˜[01m[Kros[m[Kâ€™ has not been declared
[3.376s]   215 |     [01;31m[Kros[m[K::spinOnce();
[3.376s]       |     [01;31m[K^~~[m[K
[3.376s] [01m[K/workspace/ros2_ws/cobot_fds/src/cobot_drive_main.cpp:216:5:[m[K [01;31m[Kerror: [m[Kâ€˜[01m[Kros[m[Kâ€™ has not been declared
[3.377s]   216 |     [01;31m[Kros[m[K::Duration(0.01).sleep();  // TODO: verify this to use w the wathdogs
[3.377s]       |     [01;31m[K^~~[m[K
[3.958s] In file included from [01m[K/workspace/ros2_ws/cobot_fds/src/cobot_drive_main.cpp:24[m[K:
[3.958s] [01m[K/workspace/ros2_ws/cobot_fds/include/drive.h:[m[K At global scope:
[3.959s] [01m[K/workspace/ros2_ws/cobot_fds/include/drive.h:47:17:[m[K [01;35m[Kwarning: [m[Kâ€˜[01m[Kvector2d normalize(const vector2d&, double)[m[Kâ€™ defined but not used [[01;35m[K-Wunused-function[m[K]
[3.959s]    47 | static vector2d [01;35m[Knormalize[m[K(const vector2d& v, double len) {
[3.959s]       |                 [01;35m[K^~~~~~~~~[m[K
[3.986s] gmake[2]: *** [CMakeFiles/cobot_drive_main.dir/build.make:90: CMakeFiles/cobot_drive_main.dir/src/cobot_drive_main.cpp.o] Error 1
[3.987s] gmake[1]: *** [CMakeFiles/Makefile2:137: CMakeFiles/cobot_drive_main.dir/all] Error 2
[3.987s] gmake: *** [Makefile:146: all] Error 2
[3.990s] Invoked command in '/workspace/ros2_ws/build/cobot_fds' returned '2': CMAKE_PREFIX_PATH=${CMAKE_PREFIX_PATH}:/opt/ros/iron /usr/bin/cmake --build /workspace/ros2_ws/build/cobot_fds -- -j8 -l8
