[0.017s] Invoking command in '/workspace/ros2_ws/build/messages': CMAKE_PREFIX_PATH=/opt/ros/iron /usr/bin/cmake --build /workspace/ros2_ws/build/messages -- -j8 -l8
[0.041s] -- Found ament_cmake: 2.0.5 (/opt/ros/iron/share/ament_cmake/cmake)
[0.172s] -- Found rosidl_default_generators: 1.5.0 (/opt/ros/iron/share/rosidl_default_generators/cmake)
[0.174s] -- Using all available rosidl_typesupport_c: rosidl_typesupport_fastrtps_c;rosidl_typesupport_introspection_c
[0.198s] -- Using all available rosidl_typesupport_cpp: rosidl_typesupport_fastrtps_cpp;rosidl_typesupport_introspection_cpp
[0.223s] -- Found rosidl_adapter: 4.0.1 (/opt/ros/iron/share/rosidl_adapter/cmake)
[0.228s] -- Found std_msgs: 5.0.0 (/opt/ros/iron/share/std_msgs/cmake)
[0.565s] -- Found ament_cmake_ros: 0.11.2 (/opt/ros/iron/share/ament_cmake_ros/cmake)
[0.758s] -- Using all available rosidl_typesupport_c: rosidl_typesupport_fastrtps_c;rosidl_typesupport_introspection_c
[1.009s] -- Using all available rosidl_typesupport_cpp: rosidl_typesupport_fastrtps_cpp;rosidl_typesupport_introspection_cpp
[1.036s] -- Found python_cmake_module: 0.10.2 (/opt/ros/iron/share/python_cmake_module/cmake)
[1.063s] -- Using PYTHON_EXECUTABLE: /usr/bin/python3
[1.063s] -- Using PYTHON_INCLUDE_DIRS: /usr/include/python3.10
[1.063s] -- Using PYTHON_LIBRARIES: /usr/lib/x86_64-linux-gnu/libpython3.10.so
[1.072s] -- Found ament_lint_auto: 0.14.3 (/opt/ros/iron/share/ament_lint_auto/cmake)
[1.079s] -- Added test 'lint_cmake' to check CMake code style
[1.079s] -- Added test 'xmllint' to check XML markup files
[1.081s] -- Configuring done
[1.104s] -- Generating done
[1.107s] -- Build files have been written to: /workspace/ros2_ws/build/messages
[1.144s] [  2%] [34m[1mGenerating type hashes for ROS interfaces[0m
[1.153s] [  2%] Built target ament_cmake_python_copy_messages
[1.317s] Traceback (most recent call last):
[1.317s]   File "/opt/ros/iron/lib/rosidl_generator_type_description/rosidl_generator_type_description", line 50, in <module>
[1.317s]     sys.exit(main())
[1.317s]   File "/opt/ros/iron/lib/rosidl_generator_type_description/rosidl_generator_type_description", line 46, in main
[1.317s]     generate_type_hash(args.generator_arguments_file)
[1.317s]   File "/opt/ros/iron/lib/python3.10/site-packages/rosidl_generator_type_description/__init__.py", line 160, in generate_type_hash
[1.317s]     pkg_dir = include_map[pkg]
[1.318s] KeyError: 'std_msgs'
[1.326s] running egg_info
[1.327s] writing messages.egg-info/PKG-INFO
[1.327s] writing dependency_links to messages.egg-info/dependency_links.txt
[1.327s] writing top-level names to messages.egg-info/top_level.txt
[1.328s] reading manifest file 'messages.egg-info/SOURCES.txt'
[1.329s] writing manifest file 'messages.egg-info/SOURCES.txt'
[1.334s] gmake[2]: *** [CMakeFiles/messages__rosidl_generator_type_description.dir/build.make:75: rosidl_generator_type_description/messages/msg/CobotRawStatus.json] Error 1
[1.335s] gmake[1]: *** [CMakeFiles/Makefile2:215: CMakeFiles/messages__rosidl_generator_type_description.dir/all] Error 2
[1.335s] gmake[1]: *** Waiting for unfinished jobs....
[1.364s] [  2%] Built target ament_cmake_python_build_messages_egg
[1.366s] gmake: *** [Makefile:146: all] Error 2
[1.370s] Invoked command in '/workspace/ros2_ws/build/messages' returned '2': CMAKE_PREFIX_PATH=/opt/ros/iron /usr/bin/cmake --build /workspace/ros2_ws/build/messages -- -j8 -l8
