[0.015s] Invoking command in '/workspace/ros2_ws/build/cobot_fds': CMAKE_PREFIX_PATH=${CMAKE_PREFIX_PATH}:/opt/ros/iron /usr/bin/cmake --build /workspace/ros2_ws/build/cobot_fds -- -j8 -l8
[0.076s] [35m[1mConsolidate compiler generated dependencies of target cobot_drive_main[0m
[0.110s] [ 33%] [32mBuilding CXX object CMakeFiles/cobot_drive_main.dir/src/cobot_drive_main.cpp.o[0m
[3.348s] [01m[K/workspace/ros2_ws/cobot_fds/src/cobot_drive_main.cpp:31:1:[m[K [01;31m[Kerror: [m[Kâ€˜[01m[Ktf[m[Kâ€™ does not name a type; did you mean â€˜[01m[Ktm[m[Kâ€™?
[3.348s]    31 | [01;31m[Ktf[m[K::TransformBroadcaster *tfBroadcaster;
[3.349s]       | [01;31m[K^~[m[K
[3.349s]       | [32m[Ktm[m[K
[3.349s] [01m[K/workspace/ros2_ws/cobot_fds/src/cobot_drive_main.cpp:32:1:[m[K [01;31m[Kerror: [m[Kâ€˜[01m[Kros[m[Kâ€™ does not name a type
[3.349s]    32 | [01;31m[Kros[m[K::Publisher cobotRawStatusPublisher;
[3.350s]       | [01;31m[K^~~[m[K
[3.351s] [01m[K/workspace/ros2_ws/cobot_fds/src/cobot_drive_main.cpp:33:1:[m[K [01;31m[Kerror: [m[Kâ€˜[01m[Kros[m[Kâ€™ does not name a type
[3.351s]    33 | [01;31m[Kros[m[K::Publisher cobotOdometryPublisher;
[3.351s]       | [01;31m[K^~~[m[K
[3.352s] [01m[K/workspace/ros2_ws/cobot_fds/src/cobot_drive_main.cpp:34:1:[m[K [01;31m[Kerror: [m[Kâ€˜[01m[Kros[m[Kâ€™ does not name a type
[3.352s]    34 | [01;31m[Kros[m[K::Subscriber drive_sub;
[3.353s]       | [01;31m[K^~~[m[K
[3.353s] [01m[K/workspace/ros2_ws/cobot_fds/src/cobot_drive_main.cpp:36:46:[m[K [01;31m[Kerror: [m[Kâ€˜[01m[KTwistStampedPtr[m[Kâ€™ in namespace â€˜[01m[Kgeometry_msgs[m[Kâ€™ does not name a type
[3.353s]    36 | void cobotDriveCallback(const geometry_msgs::[01;31m[KTwistStampedPtr[m[K& msg) {
[3.353s]       |                                              [01;31m[K^~~~~~~~~~~~~~~[m[K
[3.354s] [01m[K/workspace/ros2_ws/cobot_fds/src/cobot_drive_main.cpp:[m[K In function â€˜[01m[Kvoid cobotDriveCallback(const int&)[m[Kâ€™:
[3.354s] [01m[K/workspace/ros2_ws/cobot_fds/src/cobot_drive_main.cpp:37:28:[m[K [01;31m[Kerror: [m[Kbase operand of â€˜[01m[K->[m[Kâ€™ is not a pointer
[3.354s]    37 |   cobotDrive->setSpeeds(msg[01;31m[K->[m[Ktwist.linear.x, msg->twist.linear.y, msg->twist.angular.z);
[3.354s]       |                            [01;31m[K^~[m[K
[3.354s] [01m[K/workspace/ros2_ws/cobot_fds/src/cobot_drive_main.cpp:37:49:[m[K [01;31m[Kerror: [m[Kbase operand of â€˜[01m[K->[m[Kâ€™ is not a pointer
[3.355s]    37 |   cobotDrive->setSpeeds(msg->twist.linear.x, msg[01;31m[K->[m[Ktwist.linear.y, msg->twist.angular.z);
[3.355s]       |                                                 [01;31m[K^~[m[K
[3.355s] [01m[K/workspace/ros2_ws/cobot_fds/src/cobot_drive_main.cpp:37:70:[m[K [01;31m[Kerror: [m[Kbase operand of â€˜[01m[K->[m[Kâ€™ is not a pointer
[3.355s]    37 |   cobotDrive->setSpeeds(msg->twist.linear.x, msg->twist.linear.y, msg[01;31m[K->[m[Ktwist.angular.z);
[3.355s]       |                                                                      [01;31m[K^~[m[K
[3.355s] [01m[K/workspace/ros2_ws/cobot_fds/src/cobot_drive_main.cpp:[m[K At global scope:
[3.356s] [01m[K/workspace/ros2_ws/cobot_fds/src/cobot_drive_main.cpp:40:24:[m[K [01;31m[Kerror: [m[Kâ€˜[01m[Kros[m[Kâ€™ does not name a type
[3.356s]    40 | void timerEvent( const [01;31m[Kros[m[K::TimerEvent& ) {
[3.356s]       |                        [01;31m[K^~~[m[K
[3.356s] [01m[K/workspace/ros2_ws/cobot_fds/src/cobot_drive_main.cpp:40:39:[m[K [01;31m[Kerror: [m[Kexpected unqualified-id before â€˜[01m[K&[m[Kâ€™ token
[3.356s]    40 | void timerEvent( const ros::TimerEvent[01;31m[K&[m[K ) {
[3.357s]       |                                       [01;31m[K^[m[K
[3.357s] [01m[K/workspace/ros2_ws/cobot_fds/src/cobot_drive_main.cpp:40:39:[m[K [01;31m[Kerror: [m[Kexpected â€˜[01m[K)[m[Kâ€™ before â€˜[01m[K&[m[Kâ€™ token
[3.357s]    40 | void timerEvent[34m[K([m[K const ros::TimerEvent[01;31m[K&[m[K ) {
[3.357s]       |                [34m[K~[m[K                      [01;31m[K^[m[K
[3.357s]       |                                       [32m[K)[m[K
[3.357s] [01m[K/workspace/ros2_ws/cobot_fds/src/cobot_drive_main.cpp:40:41:[m[K [01;31m[Kerror: [m[Kexpected initializer before â€˜[01m[K)[m[Kâ€™ token
[3.357s]    40 | void timerEvent( const ros::TimerEvent& [01;31m[K)[m[K {
[3.358s]       |                                         [01;31m[K^[m[K
[3.358s] [01m[K/workspace/ros2_ws/cobot_fds/src/cobot_drive_main.cpp:[m[K In function â€˜[01m[Kint main(int, char**)[m[Kâ€™:
[3.358s] [01m[K/workspace/ros2_ws/cobot_fds/src/cobot_drive_main.cpp:194:28:[m[K [01;31m[Kerror: [m[Kinvalid initialization of reference of type â€˜[01m[Kconst rclcpp::InitOptions&[m[Kâ€™ from expression of type â€˜[01m[Kconst char [20][m[Kâ€™
[3.358s]   194 |   rclcpp::init(argc, argv, [01;31m[K"Cobot2_Drive_Module"[m[K);
[3.358s]       |                            [01;31m[K^~~~~~~~~~~~~~~~~~~~~[m[K
[3.358s] In file included from [01m[K/opt/ros/iron/include/rclcpp/rclcpp/logging.hpp:25[m[K,
[3.358s]                  from [01m[K/opt/ros/iron/include/rclcpp/rclcpp/client.hpp:43[m[K,
[3.358s]                  from [01m[K/opt/ros/iron/include/rclcpp/rclcpp/callback_group.hpp:24[m[K,
[3.359s]                  from [01m[K/opt/ros/iron/include/rclcpp/rclcpp/any_executable.hpp:20[m[K,
[3.359s]                  from [01m[K/opt/ros/iron/include/rclcpp/rclcpp/memory_strategy.hpp:25[m[K,
[3.359s]                  from [01m[K/opt/ros/iron/include/rclcpp/rclcpp/memory_strategies.hpp:18[m[K,
[3.359s]                  from [01m[K/opt/ros/iron/include/rclcpp/rclcpp/executor_options.hpp:20[m[K,
[3.359s]                  from [01m[K/opt/ros/iron/include/rclcpp/rclcpp/executor.hpp:37[m[K,
[3.359s]                  from [01m[K/opt/ros/iron/include/rclcpp/rclcpp/executors/multi_threaded_executor.hpp:25[m[K,
[3.359s]                  from [01m[K/opt/ros/iron/include/rclcpp/rclcpp/executors.hpp:21[m[K,
[3.359s]                  from [01m[K/opt/ros/iron/include/rclcpp/rclcpp/rclcpp.hpp:167[m[K,
[3.360s]                  from [01m[K/workspace/ros2_ws/cobot_fds/include/cobot_drive_main.hpp:5[m[K,
[3.360s]                  from [01m[K/workspace/ros2_ws/cobot_fds/src/cobot_drive_main.cpp:22[m[K:
[3.360s] [01m[K/opt/ros/iron/include/rclcpp/rclcpp/utilities.hpp:78:23:[m[K [01;36m[Knote: [m[Kin passing argument 3 of â€˜[01m[Kvoid rclcpp::init(int, const char* const*, const rclcpp::InitOptions&, rclcpp::SignalHandlerOptions)[m[Kâ€™
[3.360s]    78 |   [01;36m[Kconst InitOptions & init_options = InitOptions()[m[K,
[3.360s]       |   [01;36m[K~~~~~~~~~~~~~~~~~~~~^~~~~~~~~~~~~~~~~~~~~~~~~~~~[m[K
[3.360s] [01m[K/workspace/ros2_ws/cobot_fds/src/cobot_drive_main.cpp:196:3:[m[K [01;31m[Kerror: [m[Kâ€˜[01m[Kdrive_sub[m[Kâ€™ was not declared in this scope
[3.360s]   196 |   [01;31m[Kdrive_sub[m[K = n.subscribe("Cobot/Drive", 1, cobotDriveCallback);
[3.360s]       |   [01;31m[K^~~~~~~~~[m[K
[3.363s] [01m[K/workspace/ros2_ws/cobot_fds/src/cobot_drive_main.cpp:196:15:[m[K [01;31m[Kerror: [m[Kâ€˜[01m[Kn[m[Kâ€™ was not declared in this scope; did you mean â€˜[01m[Kyn[m[Kâ€™?
[3.363s]   196 |   drive_sub = [01;31m[Kn[m[K.subscribe("Cobot/Drive", 1, cobotDriveCallback);
[3.363s]       |               [01;31m[K^[m[K
[3.363s]       |               [32m[Kyn[m[K
[3.372s] [01m[K/workspace/ros2_ws/cobot_fds/src/cobot_drive_main.cpp:197:3:[m[K [01;31m[Kerror: [m[Kâ€˜[01m[KcobotRawStatusPublisher[m[Kâ€™ was not declared in this scope
[3.372s]   197 |   [01;31m[KcobotRawStatusPublisher[m[K = n.advertise<messages::CobotRawStatus>("Cobot/RawStatus",1);
[3.372s]       |   [01;31m[K^~~~~~~~~~~~~~~~~~~~~~~[m[K
[3.373s] [01m[K/workspace/ros2_ws/cobot_fds/src/cobot_drive_main.cpp:197:51:[m[K [01;31m[Kerror: [m[Kâ€˜[01m[KCobotRawStatus[m[Kâ€™ is not a member of â€˜[01m[Kmessages[m[Kâ€™; did you mean â€˜[01m[Kmessages::msg::CobotRawStatus[m[Kâ€™?
[3.373s]   197 |   cobotRawStatusPublisher = n.advertise<messages::[01;31m[KCobotRawStatus[m[K>("Cobot/RawStatus",1);
[3.373s]       |                                                   [01;31m[K^~~~~~~~~~~~~~[m[K
[3.373s] In file included from [01m[K/workspace/ros2_ws/install/messages/include/messages/messages/msg/cobot_raw_status.hpp:7[m[K,
[3.373s]                  from [01m[K/workspace/ros2_ws/cobot_fds/include/cobot_drive_main.hpp:11[m[K,
[3.374s]                  from [01m[K/workspace/ros2_ws/cobot_fds/src/cobot_drive_main.cpp:22[m[K:
[3.374s] [01m[K/workspace/ros2_ws/install/messages/include/messages/messages/msg/detail/cobot_raw_status__struct.hpp:293:7:[m[K [01;36m[Knote: [m[Kâ€˜[01m[Kmessages::msg::CobotRawStatus[m[Kâ€™ declared here
[3.374s]   293 | using [01;36m[KCobotRawStatus[m[K =
[3.374s]       |       [01;36m[K^~~~~~~~~~~~~~[m[K
[3.374s] [01m[K/workspace/ros2_ws/cobot_fds/src/cobot_drive_main.cpp:197:67:[m[K [01;35m[Kwarning: [m[Kleft operand of comma operator has no effect [[01;35m[K-Wunused-value[m[K]
[3.374s]   197 |   cobotRawStatusPublisher = n.advertise<messages::CobotRawStatus>([01;35m[K"Cobot/RawStatus"[m[K,1);
[3.374s]       |                                                                   [01;35m[K^~~~~~~~~~~~~~~~~[m[K
[3.381s] [01m[K/workspace/ros2_ws/cobot_fds/src/cobot_drive_main.cpp:198:3:[m[K [01;31m[Kerror: [m[Kâ€˜[01m[KcobotOdometryPublisher[m[Kâ€™ was not declared in this scope
[3.381s]   198 |   [01;31m[KcobotOdometryPublisher[m[K = n.advertise<nav_msgs::Odometry>("Cobot/DriveRaw",1);
[3.381s]       |   [01;31m[K^~~~~~~~~~~~~~~~~~~~~~[m[K
[3.382s] [01m[K/workspace/ros2_ws/cobot_fds/src/cobot_drive_main.cpp:198:50:[m[K [01;31m[Kerror: [m[Kâ€˜[01m[KOdometry[m[Kâ€™ is not a member of â€˜[01m[Knav_msgs[m[Kâ€™; did you mean â€˜[01m[Knav_msgs::msg::Odometry[m[Kâ€™?
[3.382s]   198 |   cobotOdometryPublisher = n.advertise<nav_msgs::[01;31m[KOdometry[m[K>("Cobot/DriveRaw",1);
[3.382s]       |                                                  [01;31m[K^~~~~~~~[m[K
[3.383s] In file included from [01m[K/opt/ros/iron/include/nav_msgs/nav_msgs/msg/odometry.hpp:7[m[K,
[3.383s]                  from [01m[K/workspace/ros2_ws/cobot_fds/include/cobot_drive_main.hpp:7[m[K,
[3.383s]                  from [01m[K/workspace/ros2_ws/cobot_fds/src/cobot_drive_main.cpp:22[m[K:
[3.383s] [01m[K/opt/ros/iron/include/nav_msgs/nav_msgs/msg/detail/odometry__struct.hpp:172:7:[m[K [01;36m[Knote: [m[Kâ€˜[01m[Knav_msgs::msg::Odometry[m[Kâ€™ declared here
[3.383s]   172 | using [01;36m[KOdometry[m[K =
[3.383s]       |       [01;36m[K^~~~~~~~[m[K
[3.383s] [01m[K/workspace/ros2_ws/cobot_fds/src/cobot_drive_main.cpp:198:60:[m[K [01;35m[Kwarning: [m[Kleft operand of comma operator has no effect [[01;35m[K-Wunused-value[m[K]
[3.383s]   198 |   cobotOdometryPublisher = n.advertise<nav_msgs::Odometry>([01;35m[K"Cobot/DriveRaw"[m[K,1);
[3.384s]       |                                                            [01;35m[K^~~~~~~~~~~~~~~~[m[K
[3.388s] [01m[K/workspace/ros2_ws/cobot_fds/src/cobot_drive_main.cpp:199:3:[m[K [01;31m[Kerror: [m[Kâ€˜[01m[KtfBroadcaster[m[Kâ€™ was not declared in this scope
[3.388s]   199 |   [01;31m[KtfBroadcaster[m[K = new tf::TransformBroadcaster();
[3.388s]       |   [01;31m[K^~~~~~~~~~~~~[m[K
[3.389s] [01m[K/workspace/ros2_ws/cobot_fds/src/cobot_drive_main.cpp:199:23:[m[K [01;31m[Kerror: [m[Kâ€˜[01m[Ktf[m[Kâ€™ does not name a type; did you mean â€˜[01m[Ktm[m[Kâ€™?
[3.389s]   199 |   tfBroadcaster = new [01;31m[Ktf[m[K::TransformBroadcaster();
[3.389s]       |                       [01;31m[K^~[m[K
[3.389s]       |                       [32m[Ktm[m[K
[3.389s] [01m[K/workspace/ros2_ws/cobot_fds/src/cobot_drive_main.cpp:201:3:[m[K [01;31m[Kerror: [m[Kâ€˜[01m[Kros[m[Kâ€™ has not been declared
[3.390s]   201 |   [01;31m[Kros[m[K::Timer timer = n.createTimer(ros::Duration(1.0), timerEvent);
[3.390s]       |   [01;31m[K^~~[m[K
[3.390s] [01m[K/workspace/ros2_ws/cobot_fds/src/cobot_drive_main.cpp:205:17:[m[K [01;31m[Kerror: [m[Kno matching function for call to â€˜[01m[Kspin()[m[Kâ€™
[3.390s]   205 |     [01;31m[Krclcpp::spin()[m[K;
[3.390s]       |     [01;31m[K~~~~~~~~~~~~^~[m[K
[3.390s] In file included from [01m[K/opt/ros/iron/include/rclcpp/rclcpp/rclcpp.hpp:167[m[K,
[3.390s]                  from [01m[K/workspace/ros2_ws/cobot_fds/include/cobot_drive_main.hpp:5[m[K,
[3.390s]                  from [01m[K/workspace/ros2_ws/cobot_fds/src/cobot_drive_main.cpp:22[m[K:
[3.391s] [01m[K/opt/ros/iron/include/rclcpp/rclcpp/executors.hpp:46:1:[m[K [01;36m[Knote: [m[Kcandidate: â€˜[01m[Kvoid rclcpp::spin(rclcpp::node_interfaces::NodeBaseInterface::SharedPtr)[m[Kâ€™
[3.391s]    46 | [01;36m[Kspin[m[K(rclcpp::node_interfaces::NodeBaseInterface::SharedPtr node_ptr);
[3.391s]       | [01;36m[K^~~~[m[K
[3.391s] [01m[K/opt/ros/iron/include/rclcpp/rclcpp/executors.hpp:46:1:[m[K [01;36m[Knote: [m[K  candidate expects 1 argument, 0 provided
[3.391s] [01m[K/opt/ros/iron/include/rclcpp/rclcpp/executors.hpp:50:1:[m[K [01;36m[Knote: [m[Kcandidate: â€˜[01m[Kvoid rclcpp::spin(rclcpp::Node::SharedPtr)[m[Kâ€™
[3.391s]    50 | [01;36m[Kspin[m[K(rclcpp::Node::SharedPtr node_ptr);
[3.391s]       | [01;36m[K^~~~[m[K
[3.391s] [01m[K/opt/ros/iron/include/rclcpp/rclcpp/executors.hpp:50:1:[m[K [01;36m[Knote: [m[K  candidate expects 1 argument, 0 provided
[3.928s] In file included from [01m[K/workspace/ros2_ws/cobot_fds/include/cobot_drive_main.hpp:3[m[K,
[3.928s]                  from [01m[K/workspace/ros2_ws/cobot_fds/src/cobot_drive_main.cpp:22[m[K:
[3.928s] [01m[K/workspace/ros2_ws/cobot_fds/include/drive.h:[m[K At global scope:
[3.928s] [01m[K/workspace/ros2_ws/cobot_fds/include/drive.h:47:17:[m[K [01;35m[Kwarning: [m[Kâ€˜[01m[Kvector2d normalize(const vector2d&, double)[m[Kâ€™ defined but not used [[01;35m[K-Wunused-function[m[K]
[3.929s]    47 | static vector2d [01;35m[Knormalize[m[K(const vector2d& v, double len) {
[3.929s]       |                 [01;35m[K^~~~~~~~~[m[K
[3.958s] gmake[2]: *** [CMakeFiles/cobot_drive_main.dir/build.make:90: CMakeFiles/cobot_drive_main.dir/src/cobot_drive_main.cpp.o] Error 1
[3.959s] gmake[1]: *** [CMakeFiles/Makefile2:137: CMakeFiles/cobot_drive_main.dir/all] Error 2
[3.959s] gmake: *** [Makefile:146: all] Error 2
[3.962s] Invoked command in '/workspace/ros2_ws/build/cobot_fds' returned '2': CMAKE_PREFIX_PATH=${CMAKE_PREFIX_PATH}:/opt/ros/iron /usr/bin/cmake --build /workspace/ros2_ws/build/cobot_fds -- -j8 -l8
