[0.015s] Invoking command in '/workspace/ros2_ws/build/cobot_fds': CMAKE_PREFIX_PATH=${CMAKE_PREFIX_PATH}:/opt/ros/iron /usr/bin/cmake --build /workspace/ros2_ws/build/cobot_fds -- -j8 -l8
[0.080s] [35m[1mConsolidate compiler generated dependencies of target cobot_drive_main[0m
[0.115s] [ 33%] [32mBuilding CXX object CMakeFiles/cobot_drive_main.dir/src/cobot_drive_main.cpp.o[0m
[3.732s] [01m[K/workspace/ros2_ws/cobot_fds/src/cobot_drive_main.cpp:[m[K In member function â€˜[01m[Kvoid cobot_drive_main::timerEvent()[m[Kâ€™:
[3.732s] [01m[K/workspace/ros2_ws/cobot_fds/src/cobot_drive_main.cpp:119:30:[m[K [01;31m[Kerror: [m[Kinvalid use of member function â€˜[01m[Krclcpp::Clock::ConstSharedPtr rclcpp::Node::get_clock() const[m[Kâ€™ (did you forget the â€˜[01m[K()[m[Kâ€™ ?)
[3.732s]   119 |       t.header.stamp = [01;31m[Kthis->get_clock[m[K->now();
[3.732s]       |                        [01;31m[K~~~~~~^~~~~~~~~[m[K
[3.732s]       |                                       [32m[K()[m[K
[3.733s] [01m[K/workspace/ros2_ws/cobot_fds/src/cobot_drive_main.cpp:127:7:[m[K [01;31m[Kerror: [m[Kâ€˜[01m[Ktf2[m[Kâ€™ has not been declared
[3.733s]   127 |       [01;31m[Ktf2[m[K::Quaternion q;
[3.733s]       |       [01;31m[K^~~[m[K
[3.738s] [01m[K/workspace/ros2_ws/cobot_fds/src/cobot_drive_main.cpp:128:7:[m[K [01;31m[Kerror: [m[Kâ€˜[01m[Kq[m[Kâ€™ was not declared in this scope
[3.738s]   128 |       [01;31m[Kq[m[K.setRPY(0, 0, curAngle);
[3.738s]       |       [01;31m[K^[m[K
[3.744s] [01m[K/workspace/ros2_ws/cobot_fds/src/cobot_drive_main.cpp:[m[K In function â€˜[01m[Kint main(int, char**)[m[Kâ€™:
[3.745s] [01m[K/workspace/ros2_ws/cobot_fds/src/cobot_drive_main.cpp:177:3:[m[K [01;31m[Kerror: [m[Kâ€˜[01m[KcobotDrive[m[Kâ€™ was not declared in this scope; did you mean â€˜[01m[KCobotDrive[m[Kâ€™?
[3.745s]   177 |   [01;31m[KcobotDrive[m[K = new CobotDrive(motorProps);
[3.745s]       |   [01;31m[K^~~~~~~~~~[m[K
[3.745s]       |   [32m[KCobotDrive[m[K
[3.745s] [01m[K/workspace/ros2_ws/cobot_fds/src/cobot_drive_main.cpp:199:28:[m[K [01;31m[Kerror: [m[Kinvalid initialization of reference of type â€˜[01m[Kconst rclcpp::InitOptions&[m[Kâ€™ from expression of type â€˜[01m[Kconst char [20][m[Kâ€™
[3.746s]   199 |   rclcpp::init(argc, argv, [01;31m[K"Cobot2_Drive_Module"[m[K);
[3.746s]       |                            [01;31m[K^~~~~~~~~~~~~~~~~~~~~[m[K
[3.746s] In file included from [01m[K/opt/ros/iron/include/rclcpp/rclcpp/logging.hpp:25[m[K,
[3.746s]                  from [01m[K/opt/ros/iron/include/rclcpp/rclcpp/client.hpp:43[m[K,
[3.746s]                  from [01m[K/opt/ros/iron/include/rclcpp/rclcpp/callback_group.hpp:24[m[K,
[3.746s]                  from [01m[K/opt/ros/iron/include/rclcpp/rclcpp/any_executable.hpp:20[m[K,
[3.746s]                  from [01m[K/opt/ros/iron/include/rclcpp/rclcpp/memory_strategy.hpp:25[m[K,
[3.746s]                  from [01m[K/opt/ros/iron/include/rclcpp/rclcpp/memory_strategies.hpp:18[m[K,
[3.746s]                  from [01m[K/opt/ros/iron/include/rclcpp/rclcpp/executor_options.hpp:20[m[K,
[3.746s]                  from [01m[K/opt/ros/iron/include/rclcpp/rclcpp/executor.hpp:37[m[K,
[3.746s]                  from [01m[K/opt/ros/iron/include/rclcpp/rclcpp/executors/multi_threaded_executor.hpp:25[m[K,
[3.746s]                  from [01m[K/opt/ros/iron/include/rclcpp/rclcpp/executors.hpp:21[m[K,
[3.746s]                  from [01m[K/opt/ros/iron/include/rclcpp/rclcpp/rclcpp.hpp:167[m[K,
[3.747s]                  from [01m[K/workspace/ros2_ws/cobot_fds/include/cobot_drive_main.hpp:5[m[K,
[3.747s]                  from [01m[K/workspace/ros2_ws/cobot_fds/src/cobot_drive_main.cpp:22[m[K:
[3.747s] [01m[K/opt/ros/iron/include/rclcpp/rclcpp/utilities.hpp:78:23:[m[K [01;36m[Knote: [m[Kin passing argument 3 of â€˜[01m[Kvoid rclcpp::init(int, const char* const*, const rclcpp::InitOptions&, rclcpp::SignalHandlerOptions)[m[Kâ€™
[3.747s]    78 |   [01;36m[Kconst InitOptions & init_options = InitOptions()[m[K,
[3.747s]       |   [01;36m[K~~~~~~~~~~~~~~~~~~~~^~~~~~~~~~~~~~~~~~~~~~~~~~~~[m[K
[3.751s] [01m[K/workspace/ros2_ws/cobot_fds/src/cobot_drive_main.cpp:201:3:[m[K [01;31m[Kerror: [m[Kâ€˜[01m[Kdrive_sub[m[Kâ€™ was not declared in this scope
[3.751s]   201 |   [01;31m[Kdrive_sub[m[K = n.subscribe("Cobot/Drive", 1, cobotDriveCallback);
[3.751s]       |   [01;31m[K^~~~~~~~~[m[K
[3.755s] [01m[K/workspace/ros2_ws/cobot_fds/src/cobot_drive_main.cpp:201:15:[m[K [01;31m[Kerror: [m[Kâ€˜[01m[Kn[m[Kâ€™ was not declared in this scope; did you mean â€˜[01m[Kyn[m[Kâ€™?
[3.756s]   201 |   drive_sub = [01;31m[Kn[m[K.subscribe("Cobot/Drive", 1, cobotDriveCallback);
[3.756s]       |               [01;31m[K^[m[K
[3.756s]       |               [32m[Kyn[m[K
[3.765s] [01m[K/workspace/ros2_ws/cobot_fds/src/cobot_drive_main.cpp:201:45:[m[K [01;31m[Kerror: [m[Kâ€˜[01m[KcobotDriveCallback[m[Kâ€™ was not declared in this scope
[3.765s]   201 |   drive_sub = n.subscribe("Cobot/Drive", 1, [01;31m[KcobotDriveCallback[m[K);
[3.765s]       |                                             [01;31m[K^~~~~~~~~~~~~~~~~~[m[K
[3.775s] [01m[K/workspace/ros2_ws/cobot_fds/src/cobot_drive_main.cpp:202:3:[m[K [01;31m[Kerror: [m[Kâ€˜[01m[KcobotRawStatusPublisher[m[Kâ€™ was not declared in this scope
[3.775s]   202 |   [01;31m[KcobotRawStatusPublisher[m[K = n.advertise<messages::CobotRawStatus>("Cobot/RawStatus",1);
[3.775s]       |   [01;31m[K^~~~~~~~~~~~~~~~~~~~~~~[m[K
[3.776s] [01m[K/workspace/ros2_ws/cobot_fds/src/cobot_drive_main.cpp:202:51:[m[K [01;31m[Kerror: [m[Kâ€˜[01m[KCobotRawStatus[m[Kâ€™ is not a member of â€˜[01m[Kmessages[m[Kâ€™; did you mean â€˜[01m[Kmessages::msg::CobotRawStatus[m[Kâ€™?
[3.776s]   202 |   cobotRawStatusPublisher = n.advertise<messages::[01;31m[KCobotRawStatus[m[K>("Cobot/RawStatus",1);
[3.777s]       |                                                   [01;31m[K^~~~~~~~~~~~~~[m[K
[3.777s] In file included from [01m[K/workspace/ros2_ws/install/messages/include/messages/messages/msg/cobot_raw_status.hpp:7[m[K,
[3.777s]                  from [01m[K/workspace/ros2_ws/cobot_fds/include/cobot_drive_main.hpp:11[m[K,
[3.777s]                  from [01m[K/workspace/ros2_ws/cobot_fds/src/cobot_drive_main.cpp:22[m[K:
[3.777s] [01m[K/workspace/ros2_ws/install/messages/include/messages/messages/msg/detail/cobot_raw_status__struct.hpp:293:7:[m[K [01;36m[Knote: [m[Kâ€˜[01m[Kmessages::msg::CobotRawStatus[m[Kâ€™ declared here
[3.777s]   293 | using [01;36m[KCobotRawStatus[m[K =
[3.777s]       |       [01;36m[K^~~~~~~~~~~~~~[m[K
[3.778s] [01m[K/workspace/ros2_ws/cobot_fds/src/cobot_drive_main.cpp:202:67:[m[K [01;35m[Kwarning: [m[Kleft operand of comma operator has no effect [[01;35m[K-Wunused-value[m[K]
[3.778s]   202 |   cobotRawStatusPublisher = n.advertise<messages::CobotRawStatus>([01;35m[K"Cobot/RawStatus"[m[K,1);
[3.778s]       |                                                                   [01;35m[K^~~~~~~~~~~~~~~~~[m[K
[3.786s] [01m[K/workspace/ros2_ws/cobot_fds/src/cobot_drive_main.cpp:203:3:[m[K [01;31m[Kerror: [m[Kâ€˜[01m[KcobotOdometryPublisher[m[Kâ€™ was not declared in this scope
[3.787s]   203 |   [01;31m[KcobotOdometryPublisher[m[K = n.advertise<nav_msgs::Odometry>("Cobot/DriveRaw",1);
[3.787s]       |   [01;31m[K^~~~~~~~~~~~~~~~~~~~~~[m[K
[3.788s] [01m[K/workspace/ros2_ws/cobot_fds/src/cobot_drive_main.cpp:203:50:[m[K [01;31m[Kerror: [m[Kâ€˜[01m[KOdometry[m[Kâ€™ is not a member of â€˜[01m[Knav_msgs[m[Kâ€™; did you mean â€˜[01m[Knav_msgs::msg::Odometry[m[Kâ€™?
[3.788s]   203 |   cobotOdometryPublisher = n.advertise<nav_msgs::[01;31m[KOdometry[m[K>("Cobot/DriveRaw",1);
[3.788s]       |                                                  [01;31m[K^~~~~~~~[m[K
[3.788s] In file included from [01m[K/opt/ros/iron/include/nav_msgs/nav_msgs/msg/odometry.hpp:7[m[K,
[3.788s]                  from [01m[K/workspace/ros2_ws/cobot_fds/include/cobot_drive_main.hpp:7[m[K,
[3.788s]                  from [01m[K/workspace/ros2_ws/cobot_fds/src/cobot_drive_main.cpp:22[m[K:
[3.789s] [01m[K/opt/ros/iron/include/nav_msgs/nav_msgs/msg/detail/odometry__struct.hpp:172:7:[m[K [01;36m[Knote: [m[Kâ€˜[01m[Knav_msgs::msg::Odometry[m[Kâ€™ declared here
[3.789s]   172 | using [01;36m[KOdometry[m[K =
[3.789s]       |       [01;36m[K^~~~~~~~[m[K
[3.789s] [01m[K/workspace/ros2_ws/cobot_fds/src/cobot_drive_main.cpp:203:60:[m[K [01;35m[Kwarning: [m[Kleft operand of comma operator has no effect [[01;35m[K-Wunused-value[m[K]
[3.789s]   203 |   cobotOdometryPublisher = n.advertise<nav_msgs::Odometry>([01;35m[K"Cobot/DriveRaw"[m[K,1);
[3.789s]       |                                                            [01;35m[K^~~~~~~~~~~~~~~~[m[K
[3.795s] [01m[K/workspace/ros2_ws/cobot_fds/src/cobot_drive_main.cpp:204:3:[m[K [01;31m[Kerror: [m[Kâ€˜[01m[KtfBroadcaster[m[Kâ€™ was not declared in this scope
[3.795s]   204 |   [01;31m[KtfBroadcaster[m[K = new tf::TransformBroadcaster();
[3.795s]       |   [01;31m[K^~~~~~~~~~~~~[m[K
[3.796s] [01m[K/workspace/ros2_ws/cobot_fds/src/cobot_drive_main.cpp:204:23:[m[K [01;31m[Kerror: [m[Kâ€˜[01m[Ktf[m[Kâ€™ does not name a type; did you mean â€˜[01m[Ktm[m[Kâ€™?
[3.796s]   204 |   tfBroadcaster = new [01;31m[Ktf[m[K::TransformBroadcaster();
[3.796s]       |                       [01;31m[K^~[m[K
[3.797s]       |                       [32m[Ktm[m[K
[3.797s] [01m[K/workspace/ros2_ws/cobot_fds/src/cobot_drive_main.cpp:206:3:[m[K [01;31m[Kerror: [m[Kâ€˜[01m[Kros[m[Kâ€™ has not been declared
[3.797s]   206 |   [01;31m[Kros[m[K::Timer timer = n.createTimer(ros::Duration(1.0), timerEvent);
[3.797s]       |   [01;31m[K^~~[m[K
[3.797s] [01m[K/workspace/ros2_ws/cobot_fds/src/cobot_drive_main.cpp:210:17:[m[K [01;31m[Kerror: [m[Kno matching function for call to â€˜[01m[Kspin()[m[Kâ€™
[3.797s]   210 |     [01;31m[Krclcpp::spin()[m[K;
[3.797s]       |     [01;31m[K~~~~~~~~~~~~^~[m[K
[3.798s] In file included from [01m[K/opt/ros/iron/include/rclcpp/rclcpp/rclcpp.hpp:167[m[K,
[3.798s]                  from [01m[K/workspace/ros2_ws/cobot_fds/include/cobot_drive_main.hpp:5[m[K,
[3.798s]                  from [01m[K/workspace/ros2_ws/cobot_fds/src/cobot_drive_main.cpp:22[m[K:
[3.798s] [01m[K/opt/ros/iron/include/rclcpp/rclcpp/executors.hpp:46:1:[m[K [01;36m[Knote: [m[Kcandidate: â€˜[01m[Kvoid rclcpp::spin(rclcpp::node_interfaces::NodeBaseInterface::SharedPtr)[m[Kâ€™
[3.798s]    46 | [01;36m[Kspin[m[K(rclcpp::node_interfaces::NodeBaseInterface::SharedPtr node_ptr);
[3.798s]       | [01;36m[K^~~~[m[K
[3.799s] [01m[K/opt/ros/iron/include/rclcpp/rclcpp/executors.hpp:46:1:[m[K [01;36m[Knote: [m[K  candidate expects 1 argument, 0 provided
[3.799s] [01m[K/opt/ros/iron/include/rclcpp/rclcpp/executors.hpp:50:1:[m[K [01;36m[Knote: [m[Kcandidate: â€˜[01m[Kvoid rclcpp::spin(rclcpp::Node::SharedPtr)[m[Kâ€™
[3.799s]    50 | [01;36m[Kspin[m[K(rclcpp::Node::SharedPtr node_ptr);
[3.799s]       | [01;36m[K^~~~[m[K
[3.799s] [01m[K/opt/ros/iron/include/rclcpp/rclcpp/executors.hpp:50:1:[m[K [01;36m[Knote: [m[K  candidate expects 1 argument, 0 provided
[4.576s] In file included from [01m[K/workspace/ros2_ws/cobot_fds/include/cobot_drive_main.hpp:3[m[K,
[4.577s]                  from [01m[K/workspace/ros2_ws/cobot_fds/src/cobot_drive_main.cpp:22[m[K:
[4.577s] [01m[K/workspace/ros2_ws/cobot_fds/include/drive.h:[m[K At global scope:
[4.577s] [01m[K/workspace/ros2_ws/cobot_fds/include/drive.h:47:17:[m[K [01;35m[Kwarning: [m[Kâ€˜[01m[Kvector2d normalize(const vector2d&, double)[m[Kâ€™ defined but not used [[01;35m[K-Wunused-function[m[K]
[4.577s]    47 | static vector2d [01;35m[Knormalize[m[K(const vector2d& v, double len) {
[4.577s]       |                 [01;35m[K^~~~~~~~~[m[K
[4.611s] gmake[2]: *** [CMakeFiles/cobot_drive_main.dir/build.make:90: CMakeFiles/cobot_drive_main.dir/src/cobot_drive_main.cpp.o] Error 1
[4.611s] gmake[1]: *** [CMakeFiles/Makefile2:137: CMakeFiles/cobot_drive_main.dir/all] Error 2
[4.612s] gmake: *** [Makefile:146: all] Error 2
[4.614s] Invoked command in '/workspace/ros2_ws/build/cobot_fds' returned '2': CMAKE_PREFIX_PATH=${CMAKE_PREFIX_PATH}:/opt/ros/iron /usr/bin/cmake --build /workspace/ros2_ws/build/cobot_fds -- -j8 -l8
