[0.015s] Invoking command in '/workspace/ros2_ws/build/cobot_fds': CMAKE_PREFIX_PATH=${CMAKE_PREFIX_PATH}:/opt/ros/iron /usr/bin/cmake --build /workspace/ros2_ws/build/cobot_fds -- -j8 -l8
[0.077s] [35m[1mConsolidate compiler generated dependencies of target cobot_drive_main[0m
[0.107s] [ 33%] [32mBuilding CXX object CMakeFiles/cobot_drive_main.dir/src/cobot_drive_main.cpp.o[0m
[3.558s] [01m[K/workspace/ros2_ws/cobot_fds/src/cobot_drive_main.cpp:[m[K In constructor â€˜[01m[KcobotDriveMain::cobotDriveMain()[m[Kâ€™:
[3.558s] [01m[K/workspace/ros2_ws/cobot_fds/src/cobot_drive_main.cpp:32:32:[m[K [01;31m[Kerror: [m[Kno matching function for call to â€˜[01m[Krclcpp::Node::Node()[m[Kâ€™
[3.558s]    32 | cobotDriveMain::cobotDriveMain([01;31m[K)[m[K{
[3.559s]       |                                [01;31m[K^[m[K
[3.559s] In file included from [01m[K/opt/ros/iron/include/rclcpp/rclcpp/executors/single_threaded_executor.hpp:28[m[K,
[3.559s]                  from [01m[K/opt/ros/iron/include/rclcpp/rclcpp/executors.hpp:22[m[K,
[3.559s]                  from [01m[K/opt/ros/iron/include/rclcpp/rclcpp/rclcpp.hpp:167[m[K,
[3.559s]                  from [01m[K/workspace/ros2_ws/cobot_fds/include/cobot_drive_main.hpp:5[m[K,
[3.559s]                  from [01m[K/workspace/ros2_ws/cobot_fds/src/cobot_drive_main.cpp:22[m[K:
[3.559s] [01m[K/opt/ros/iron/include/rclcpp/rclcpp/node.hpp:1579:3:[m[K [01;36m[Knote: [m[Kcandidate: â€˜[01m[Krclcpp::Node::Node(const rclcpp::Node&, const string&)[m[Kâ€™
[3.560s]  1579 |   [01;36m[KNode[m[K(
[3.560s]       |   [01;36m[K^~~~[m[K
[3.560s] [01m[K/opt/ros/iron/include/rclcpp/rclcpp/node.hpp:1579:3:[m[K [01;36m[Knote: [m[K  candidate expects 2 arguments, 0 provided
[3.560s] [01m[K/opt/ros/iron/include/rclcpp/rclcpp/node.hpp:102:12:[m[K [01;36m[Knote: [m[Kcandidate: â€˜[01m[Krclcpp::Node::Node(const string&, const string&, const rclcpp::NodeOptions&)[m[Kâ€™
[3.560s]   102 |   explicit [01;36m[KNode[m[K(
[3.560s]       |            [01;36m[K^~~~[m[K
[3.561s] [01m[K/opt/ros/iron/include/rclcpp/rclcpp/node.hpp:102:12:[m[K [01;36m[Knote: [m[K  candidate expects 3 arguments, 0 provided
[3.561s] [01m[K/opt/ros/iron/include/rclcpp/rclcpp/node.hpp:90:12:[m[K [01;36m[Knote: [m[Kcandidate: â€˜[01m[Krclcpp::Node::Node(const string&, const rclcpp::NodeOptions&)[m[Kâ€™
[3.561s]    90 |   explicit [01;36m[KNode[m[K(
[3.561s]       |            [01;36m[K^~~~[m[K
[3.561s] [01m[K/opt/ros/iron/include/rclcpp/rclcpp/node.hpp:90:12:[m[K [01;36m[Knote: [m[K  candidate expects 2 arguments, 0 provided
[3.568s] [01m[K/workspace/ros2_ws/cobot_fds/src/cobot_drive_main.cpp:43:38:[m[K [01;31m[Kerror: [m[Kâ€˜[01m[KportNum[m[Kâ€™ was not declared in this scope
[3.568s]    43 |   sprintf(serialPort,"/dev/ttyUSB%d",[01;31m[KportNum[m[K);
[3.568s]       |                                      [01;31m[K^~~~~~~[m[K
[3.575s] [01m[K/workspace/ros2_ws/cobot_fds/src/cobot_drive_main.cpp:44:6:[m[K [01;31m[Kerror: [m[Kâ€˜[01m[Kdebug[m[Kâ€™ was not declared in this scope
[3.575s]    44 |   if([01;31m[Kdebug[m[K) printf("Using port %s\n",serialPort);
[3.575s]       |      [01;31m[K^~~~~[m[K
[3.590s] [01m[K/workspace/ros2_ws/cobot_fds/src/cobot_drive_main.cpp:[m[K In function â€˜[01m[Kint main(int, char**)[m[Kâ€™:
[3.590s] [01m[K/workspace/ros2_ws/cobot_fds/src/cobot_drive_main.cpp:210:3:[m[K [01;31m[Kerror: [m[Kâ€˜[01m[KcobotDrive[m[Kâ€™ was not declared in this scope; did you mean â€˜[01m[KCobotDrive[m[Kâ€™?
[3.591s]   210 |   [01;31m[KcobotDrive[m[K->close();
[3.591s]       |   [01;31m[K^~~~~~~~~~[m[K
[3.591s]       |   [32m[KCobotDrive[m[K
[3.591s] [01m[K/workspace/ros2_ws/cobot_fds/src/cobot_drive_main.cpp:167:21:[m[K [01;35m[Kwarning: [m[Kunused variable â€˜[01m[Kdebug[m[Kâ€™ [[01;35m[K-Wunused-variable[m[K]
[3.591s]   167 |   static const bool [01;35m[Kdebug[m[K = false;
[3.592s]       |                     [01;35m[K^~~~~[m[K
[3.592s] [01m[K/workspace/ros2_ws/cobot_fds/src/cobot_drive_main.cpp:169:7:[m[K [01;35m[Kwarning: [m[Kunused variable â€˜[01m[KportNum[m[Kâ€™ [[01;35m[K-Wunused-variable[m[K]
[3.592s]   169 |   int [01;35m[KportNum[m[K = 0;
[3.592s]       |       [01;35m[K^~~~~~~[m[K
[4.397s] In file included from [01m[K/workspace/ros2_ws/cobot_fds/include/cobot_drive_main.hpp:3[m[K,
[4.397s]                  from [01m[K/workspace/ros2_ws/cobot_fds/src/cobot_drive_main.cpp:22[m[K:
[4.397s] [01m[K/workspace/ros2_ws/cobot_fds/include/drive.h:[m[K At global scope:
[4.398s] [01m[K/workspace/ros2_ws/cobot_fds/include/drive.h:47:17:[m[K [01;35m[Kwarning: [m[Kâ€˜[01m[Kvector2d normalize(const vector2d&, double)[m[Kâ€™ defined but not used [[01;35m[K-Wunused-function[m[K]
[4.398s]    47 | static vector2d [01;35m[Knormalize[m[K(const vector2d& v, double len) {
[4.398s]       |                 [01;35m[K^~~~~~~~~[m[K
[4.434s] gmake[2]: *** [CMakeFiles/cobot_drive_main.dir/build.make:90: CMakeFiles/cobot_drive_main.dir/src/cobot_drive_main.cpp.o] Error 1
[4.434s] gmake[1]: *** [CMakeFiles/Makefile2:137: CMakeFiles/cobot_drive_main.dir/all] Error 2
[4.435s] gmake: *** [Makefile:146: all] Error 2
[4.438s] Invoked command in '/workspace/ros2_ws/build/cobot_fds' returned '2': CMAKE_PREFIX_PATH=${CMAKE_PREFIX_PATH}:/opt/ros/iron /usr/bin/cmake --build /workspace/ros2_ws/build/cobot_fds -- -j8 -l8
