[0.021s] Invoking command in '/workspace/ros2_ws/build/cobot_fds': CMAKE_PREFIX_PATH=${CMAKE_PREFIX_PATH}:/opt/ros/iron /usr/bin/cmake --build /workspace/ros2_ws/build/cobot_fds -- -j8 -l8
[0.073s] [35m[1mConsolidate compiler generated dependencies of target cobot_drive_main[0m
[0.106s] [ 33%] [32mBuilding CXX object CMakeFiles/cobot_drive_main.dir/src/cobot_drive_main.cpp.o[0m
[0.523s] In file included from [01m[K/workspace/ros2_ws/cobot_fds/src/cobot_drive_main.cpp:22[m[K:
[0.523s] [01m[K/workspace/ros2_ws/cobot_fds/include/cobot_drive_main.hpp:12:10:[m[K [01;31m[Kfatal error: [m[Kgeometry_msgs/msg/tranform_stamped.hpp: No such file or directory
[0.523s]    12 | #include [01;31m[K"geometry_msgs/msg/tranform_stamped.hpp"[m[K
[0.524s]       |          [01;31m[K^~~~~~~~~~~~~~~~~~~~~~~~~~~~~~~~~~~~~~~~[m[K
[0.524s] compilation terminated.
[0.534s] gmake[2]: *** [CMakeFiles/cobot_drive_main.dir/build.make:90: CMakeFiles/cobot_drive_main.dir/src/cobot_drive_main.cpp.o] Error 1
[0.535s] gmake[1]: *** [CMakeFiles/Makefile2:137: CMakeFiles/cobot_drive_main.dir/all] Error 2
[0.535s] gmake: *** [Makefile:146: all] Error 2
[0.540s] Invoked command in '/workspace/ros2_ws/build/cobot_fds' returned '2': CMAKE_PREFIX_PATH=${CMAKE_PREFIX_PATH}:/opt/ros/iron /usr/bin/cmake --build /workspace/ros2_ws/build/cobot_fds -- -j8 -l8
