[0.046s] Invoking command in '/workspace/ros2_ws/build/cobot_fds': CMAKE_PREFIX_PATH=${CMAKE_PREFIX_PATH}:/opt/ros/iron /usr/bin/cmake --build /workspace/ros2_ws/build/cobot_fds -- -j8 -l8
[0.108s] [35m[1mConsolidate compiler generated dependencies of target cobot_drive_main[0m
[0.131s] [ 20%] [32mBuilding CXX object CMakeFiles/cobot_drive_main.dir/src/cobot_drive_main.cpp.o[0m
[3.775s] [01m[K/workspace/ros2_ws/cobot_fds/src/cobot_drive_main.cpp:[m[K In constructor â€˜[01m[KcobotDriveMain::cobotDriveMain()[m[Kâ€™:
[3.775s] [01m[K/workspace/ros2_ws/cobot_fds/src/cobot_drive_main.cpp:63:7:[m[K [01;31m[Kerror: [m[Kunable to find numeric literal operator â€˜[01m[Koperator""ms[m[Kâ€™
[3.775s]    63 |       [01;31m[K500ms[m[K, std::bind(&timerEvent, this));
[3.775s]       |       [01;31m[K^~~~~[m[K
[3.775s] [01m[K/workspace/ros2_ws/cobot_fds/src/cobot_drive_main.cpp:63:25:[m[K [01;31m[Kerror: [m[KISO C++ forbids taking the address of an unqualified or parenthesized non-static member function to form a pointer to member function.  Say â€˜[01m[K&cobotDriveMain::timerEvent[m[Kâ€™ [[01;31m[K-fpermissive[m[K]
[3.775s]    63 |       500ms, std::bind(&[01;31m[KtimerEvent[m[K, this));
[3.775s]       |                         [01;31m[K^~~~~~~~~~[m[K
[5.671s] In file included from [01m[K/workspace/ros2_ws/cobot_fds/include/cobot_drive_main.hpp:3[m[K,
[5.671s]                  from [01m[K/workspace/ros2_ws/cobot_fds/src/cobot_drive_main.cpp:22[m[K:
[5.671s] [01m[K/workspace/ros2_ws/cobot_fds/include/drive.h:[m[K At global scope:
[5.672s] [01m[K/workspace/ros2_ws/cobot_fds/include/drive.h:47:17:[m[K [01;35m[Kwarning: [m[Kâ€˜[01m[Kvector2d normalize(const vector2d&, double)[m[Kâ€™ defined but not used [[01;35m[K-Wunused-function[m[K]
[5.672s]    47 | static vector2d [01;35m[Knormalize[m[K(const vector2d& v, double len) {
[5.672s]       |                 [01;35m[K^~~~~~~~~[m[K
[5.723s] gmake[2]: *** [CMakeFiles/cobot_drive_main.dir/build.make:118: CMakeFiles/cobot_drive_main.dir/src/cobot_drive_main.cpp.o] Error 1
[5.723s] gmake[1]: *** [CMakeFiles/Makefile2:137: CMakeFiles/cobot_drive_main.dir/all] Error 2
[5.724s] gmake: *** [Makefile:146: all] Error 2
[5.727s] Invoked command in '/workspace/ros2_ws/build/cobot_fds' returned '2': CMAKE_PREFIX_PATH=${CMAKE_PREFIX_PATH}:/opt/ros/iron /usr/bin/cmake --build /workspace/ros2_ws/build/cobot_fds -- -j8 -l8
