[01m[K/workspace/ros2_ws/cobot_fds/src/cobot_drive_main.cpp:[m[K In constructor â€˜[01m[KcobotDriveMain::cobotDriveMain()[m[Kâ€™:
[01m[K/workspace/ros2_ws/cobot_fds/src/cobot_drive_main.cpp:53:10:[m[K [01;35m[Kwarning: [m[Kformat not a string literal and no format arguments [[01;35m[K-Wformat-security[m[K]
   53 |   printf([01;35m[KserialPort[m[K)
      |          [01;35m[K^~~~~~~~~~[m[K
[01m[K/workspace/ros2_ws/cobot_fds/src/cobot_drive_main.cpp:53:21:[m[K [01;31m[Kerror: [m[Kexpected â€˜[01m[K;[m[Kâ€™ before â€˜[01m[Kif[m[Kâ€™
   53 |   printf(serialPort)
      |                     [01;31m[K^[m[K
      |                     [32m[K;[m[K
   54 |   [32m[Kif[m[K(debug) printf("Using port %s\n",serialPort);
      |   [32m[K~~[m[K                 
[01m[K/workspace/ros2_ws/cobot_fds/src/cobot_drive_main.cpp:38:21:[m[K [01;35m[Kwarning: [m[Kunused variable â€˜[01m[Kdebug[m[Kâ€™ [[01;35m[K-Wunused-variable[m[K]
   38 |   static const bool [01;35m[Kdebug[m[K = false;
      |                     [01;35m[K^~~~~[m[K
In file included from [01m[K/workspace/ros2_ws/cobot_fds/include/cobot_drive_main.hpp:3[m[K,
                 from [01m[K/workspace/ros2_ws/cobot_fds/src/cobot_drive_main.cpp:22[m[K:
[01m[K/workspace/ros2_ws/cobot_fds/include/drive.h:[m[K At global scope:
[01m[K/workspace/ros2_ws/cobot_fds/include/drive.h:47:17:[m[K [01;35m[Kwarning: [m[Kâ€˜[01m[Kvector2d normalize(const vector2d&, double)[m[Kâ€™ defined but not used [[01;35m[K-Wunused-function[m[K]
   47 | static vector2d [01;35m[Knormalize[m[K(const vector2d& v, double len) {
      |                 [01;35m[K^~~~~~~~~[m[K
gmake[2]: *** [CMakeFiles/cobot_drive_main.dir/build.make:118: CMakeFiles/cobot_drive_main.dir/src/cobot_drive_main.cpp.o] Error 1
gmake[1]: *** [CMakeFiles/Makefile2:137: CMakeFiles/cobot_drive_main.dir/all] Error 2
gmake: *** [Makefile:146: all] Error 2
